7.5s 1 0.00s - Debugger warning: It seems that frozen modules are being used, which may
7.5s 2 0.00s - make the debugger miss breakpoints. Please pass -Xfrozen_modules=off
7.5s 3 0.00s - to python to disable frozen modules.
7.5s 4 0.00s - Note: Debugging will proceed. Set PYDEVD_DISABLE_FILE_VALIDATION=1 to disable this validation.
8.1s 5 0.00s - Debugger warning: It seems that frozen modules are being used, which may
8.1s 6 0.00s - make the debugger miss breakpoints. Please pass -Xfrozen_modules=off
8.1s 7 0.00s - to python to disable frozen modules.
8.1s 8 0.00s - Note: Debugging will proceed. Set PYDEVD_DISABLE_FILE_VALIDATION=1 to disable this validation.
11.3s 9 Processing /kaggle/input/datasets/ndarray2000/nx47-dependencies/imagecodecs-2026.1.14-cp311-abi3-manylinux_2_27_x86_64.manylinux_2_28_x86_64.whl
11.5s 10 Processing /kaggle/input/datasets/ndarray2000/nx47-dependencies/imagecodecs-2026.1.14-cp311-abi3-manylinux_2_27_x86_64.manylinux_2_28_x86_64.whl
12.0s 11 Requirement already satisfied: numpy in /usr/local/lib/python3.12/dist-packages (from imagecodecs==2026.1.14) (2.0.2)
12.2s 12 Requirement already satisfied: numpy in /usr/local/lib/python3.12/dist-packages (from imagecodecs==2026.1.14) (2.0.2)
13.8s 13 Installing collected packages: imagecodecs
14.0s 14 Installing collected packages: imagecodecs
14.4s 15 Successfully installed imagecodecs-2026.1.14
14.6s 16 Successfully installed imagecodecs-2026.1.14
15.5s 17 Processing /kaggle/input/datasets/ndarray2000/nx47-dependencies/tifffile-2026.1.28-py3-none-any.whl
15.5s 18 Requirement already satisfied: numpy in /usr/local/lib/python3.12/dist-packages (from tifffile==2026.1.28) (2.0.2)
15.7s 19 Processing /kaggle/input/datasets/ndarray2000/nx47-dependencies/tifffile-2026.1.28-py3-none-any.whl
15.7s 20 Requirement already satisfied: numpy in /usr/local/lib/python3.12/dist-packages (from tifffile==2026.1.28) (2.0.2)
17.4s 21 Installing collected packages: tifffile
17.4s 22 Attempting uninstall: tifffile
17.6s 23 Installing collected packages: tifffile
17.6s 24 Attempting uninstall: tifffile
17.7s 25 Found existing installation: tifffile 2025.10.16
17.7s 26 Uninstalling tifffile-2025.10.16:
17.7s 27 Successfully uninstalled tifffile-2025.10.16
17.9s 28 Found existing installation: tifffile 2025.10.16
17.9s 29 Uninstalling tifffile-2025.10.16:
17.9s 30 Successfully uninstalled tifffile-2025.10.16
18.0s 31 Successfully installed tifffile-2026.1.28
18.2s 32 Successfully installed tifffile-2026.1.28
20.6s 33 [ROADMAP] audit_discovery: 100.0%
20.6s 34 [ROADMAP] train_thresholds: 0.2%
24.8s 35 [ROADMAP] train_thresholds: 0.4%
28.6s 36 [ROADMAP] train_thresholds: 0.6%
32.5s 37 [ROADMAP] train_thresholds: 0.8%
36.3s 38 [ROADMAP] train_thresholds: 1.0%
40.3s 39 [ROADMAP] train_thresholds: 1.2%
44.0s 40 [ROADMAP] train_thresholds: 1.4%
47.8s 41 [ROADMAP] train_thresholds: 1.6%
51.7s 42 [ROADMAP] train_thresholds: 1.8%
55.4s 43 [ROADMAP] train_thresholds: 2.0%
58.9s 44 [ROADMAP] train_thresholds: 2.1%
62.6s 45 [ROADMAP] train_thresholds: 2.3%
66.2s 46 [ROADMAP] train_thresholds: 2.5%
69.9s 47 [ROADMAP] train_thresholds: 2.7%
73.5s 48 [ROADMAP] train_thresholds: 2.9%
77.2s 49 [ROADMAP] train_thresholds: 3.1%
80.8s 50 [ROADMAP] train_thresholds: 3.3%
84.5s 51 [ROADMAP] train_thresholds: 3.5%
88.1s 52 [ROADMAP] train_thresholds: 3.7%
91.6s 53 [ROADMAP] train_thresholds: 3.9%
95.2s 54 [ROADMAP] train_thresholds: 4.1%
98.7s 55 [ROADMAP] train_thresholds: 4.3%
102.1s 56 [ROADMAP] train_thresholds: 4.5%
105.6s 57 [ROADMAP] train_thresholds: 4.7%
107.5s 58 [ROADMAP] train_thresholds: 4.9%
111.1s 59 [ROADMAP] train_thresholds: 5.1%
114.8s 60 [ROADMAP] train_thresholds: 5.3%
118.4s 61 [ROADMAP] train_thresholds: 5.5%
121.9s 62 [ROADMAP] train_thresholds: 5.7%
125.5s 63 [ROADMAP] train_thresholds: 5.9%
129.0s 64 [ROADMAP] train_thresholds: 6.1%
132.4s 65 [ROADMAP] train_thresholds: 6.2%
136.0s 66 [ROADMAP] train_thresholds: 6.4%
139.6s 67 [ROADMAP] train_thresholds: 6.6%
143.0s 68 [ROADMAP] train_thresholds: 6.8%
146.5s 69 [ROADMAP] train_thresholds: 7.0%
150.2s 70 [ROADMAP] train_thresholds: 7.2%
153.9s 71 [ROADMAP] train_thresholds: 7.4%
157.4s 72 [ROADMAP] train_thresholds: 7.6%
160.9s 73 [ROADMAP] train_thresholds: 7.8%
164.7s 74 [ROADMAP] train_thresholds: 8.0%
168.2s 75 [ROADMAP] train_thresholds: 8.2%
171.9s 76 [ROADMAP] train_thresholds: 8.4%
175.7s 77 [ROADMAP] train_thresholds: 8.6%
179.2s 78 [ROADMAP] train_thresholds: 8.8%
183.0s 79 [ROADMAP] train_thresholds: 9.0%
186.7s 80 [ROADMAP] train_thresholds: 9.2%
190.5s 81 [ROADMAP] train_thresholds: 9.4%
194.2s 82 [ROADMAP] train_thresholds: 9.6%
197.8s 83 [ROADMAP] train_thresholds: 9.8%
201.5s 84 [ROADMAP] train_thresholds: 10.0%
205.4s 85 [ROADMAP] train_thresholds: 10.2%
209.1s 86 [ROADMAP] train_thresholds: 10.4%
212.8s 87 [ROADMAP] train_thresholds: 10.5%
216.3s 88 [ROADMAP] train_thresholds: 10.7%
220.0s 89 [ROADMAP] train_thresholds: 10.9%
223.6s 90 [ROADMAP] train_thresholds: 11.1%
227.3s 91 [ROADMAP] train_thresholds: 11.3%
230.9s 92 [ROADMAP] train_thresholds: 11.5%
234.7s 93 [ROADMAP] train_thresholds: 11.7%
238.3s 94 [ROADMAP] train_thresholds: 11.9%
241.8s 95 [ROADMAP] train_thresholds: 12.1%
245.3s 96 [ROADMAP] train_thresholds: 12.3%
249.0s 97 [ROADMAP] train_thresholds: 12.5%
252.4s 98 [ROADMAP] train_thresholds: 12.7%
255.8s 99 [ROADMAP] train_thresholds: 12.9%
259.3s 100 [ROADMAP] train_thresholds: 13.1%
262.7s 101 [ROADMAP] train_thresholds: 13.3%
266.2s 102 [ROADMAP] train_thresholds: 13.5%
269.9s 103 [ROADMAP] train_thresholds: 13.7%
272.2s 104 [ROADMAP] train_thresholds: 13.9%
275.8s 105 [ROADMAP] train_thresholds: 14.1%
279.7s 106 [ROADMAP] train_thresholds: 14.3%
283.5s 107 [ROADMAP] train_thresholds: 14.5%
287.0s 108 [ROADMAP] train_thresholds: 14.6%
290.7s 109 [ROADMAP] train_thresholds: 14.8%
294.3s 110 [ROADMAP] train_thresholds: 15.0%
297.9s 111 [ROADMAP] train_thresholds: 15.2%
301.5s 112 [ROADMAP] train_thresholds: 15.4%
305.0s 113 [ROADMAP] train_thresholds: 15.6%
308.6s 114 [ROADMAP] train_thresholds: 15.8%
312.1s 115 [ROADMAP] train_thresholds: 16.0%
315.4s 116 [ROADMAP] train_thresholds: 16.2%
319.1s 117 [ROADMAP] train_thresholds: 16.4%
322.6s 118 [ROADMAP] train_thresholds: 16.6%
326.2s 119 [ROADMAP] train_thresholds: 16.8%
329.7s 120 [ROADMAP] train_thresholds: 17.0%
333.2s 121 [ROADMAP] train_thresholds: 17.2%
335.2s 122 [ROADMAP] train_thresholds: 17.4%
338.8s 123 [ROADMAP] train_thresholds: 17.6%
342.2s 124 [ROADMAP] train_thresholds: 17.8%
345.7s 125 [ROADMAP] train_thresholds: 18.0%
349.2s 126 [ROADMAP] train_thresholds: 18.2%
352.9s 127 [ROADMAP] train_thresholds: 18.4%
356.5s 128 [ROADMAP] train_thresholds: 18.6%
360.3s 129 [ROADMAP] train_thresholds: 18.8%
363.9s 130 [ROADMAP] train_thresholds: 18.9%
367.4s 131 [ROADMAP] train_thresholds: 19.1%
370.9s 132 [ROADMAP] train_thresholds: 19.3%
374.4s 133 [ROADMAP] train_thresholds: 19.5%
377.9s 134 [ROADMAP] train_thresholds: 19.7%
381.6s 135 [ROADMAP] train_thresholds: 19.9%
384.9s 136 [ROADMAP] train_thresholds: 20.1%
388.5s 137 [ROADMAP] train_thresholds: 20.3%
392.1s 138 [ROADMAP] train_thresholds: 20.5%
395.5s 139 [ROADMAP] train_thresholds: 20.7%
399.1s 140 [ROADMAP] train_thresholds: 20.9%
401.1s 141 [ROADMAP] train_thresholds: 21.1%
404.5s 142 [ROADMAP] train_thresholds: 21.3%
408.0s 143 [ROADMAP] train_thresholds: 21.5%
411.6s 144 [ROADMAP] train_thresholds: 21.7%
415.0s 145 [ROADMAP] train_thresholds: 21.9%
418.7s 146 [ROADMAP] train_thresholds: 22.1%
422.3s 147 [ROADMAP] train_thresholds: 22.3%
425.9s 148 [ROADMAP] train_thresholds: 22.5%
429.4s 149 [ROADMAP] train_thresholds: 22.7%
433.1s 150 [ROADMAP] train_thresholds: 22.9%
436.8s 151 [ROADMAP] train_thresholds: 23.0%
440.5s 152 [ROADMAP] train_thresholds: 23.2%
444.2s 153 [ROADMAP] train_thresholds: 23.4%
447.9s 154 [ROADMAP] train_thresholds: 23.6%
451.5s 155 [ROADMAP] train_thresholds: 23.8%
455.0s 156 [ROADMAP] train_thresholds: 24.0%
458.6s 157 [ROADMAP] train_thresholds: 24.2%
462.0s 158 [ROADMAP] train_thresholds: 24.4%
465.4s 159 [ROADMAP] train_thresholds: 24.6%
468.8s 160 [ROADMAP] train_thresholds: 24.8%
472.3s 161 [ROADMAP] train_thresholds: 25.0%
475.9s 162 [ROADMAP] train_thresholds: 25.2%
479.5s 163 [ROADMAP] train_thresholds: 25.4%
483.0s 164 [ROADMAP] train_thresholds: 25.6%
486.5s 165 [ROADMAP] train_thresholds: 25.8%
489.9s 166 [ROADMAP] train_thresholds: 26.0%
493.5s 167 [ROADMAP] train_thresholds: 26.2%
497.1s 168 [ROADMAP] train_thresholds: 26.4%
500.8s 169 [ROADMAP] train_thresholds: 26.6%
504.6s 170 [ROADMAP] train_thresholds: 26.8%
508.1s 171 [ROADMAP] train_thresholds: 27.0%
510.2s 172 [ROADMAP] train_thresholds: 27.1%
513.7s 173 [ROADMAP] train_thresholds: 27.3%
517.4s 174 [ROADMAP] train_thresholds: 27.5%
520.8s 175 [ROADMAP] train_thresholds: 27.7%
524.4s 176 [ROADMAP] train_thresholds: 27.9%
528.1s 177 [ROADMAP] train_thresholds: 28.1%
531.6s 178 [ROADMAP] train_thresholds: 28.3%
535.1s 179 [ROADMAP] train_thresholds: 28.5%
538.4s 180 [ROADMAP] train_thresholds: 28.7%
541.9s 181 [ROADMAP] train_thresholds: 28.9%
545.2s 182 [ROADMAP] train_thresholds: 29.1%
548.7s 183 [ROADMAP] train_thresholds: 29.3%
552.1s 184 [ROADMAP] train_thresholds: 29.5%
555.8s 185 [ROADMAP] train_thresholds: 29.7%
559.1s 186 [ROADMAP] train_thresholds: 29.9%
562.6s 187 [ROADMAP] train_thresholds: 30.1%
566.1s 188 [ROADMAP] train_thresholds: 30.3%
569.7s 189 [ROADMAP] train_thresholds: 30.5%
573.4s 190 [ROADMAP] train_thresholds: 30.7%
576.9s 191 [ROADMAP] train_thresholds: 30.9%
580.4s 192 [ROADMAP] train_thresholds: 31.1%
584.1s 193 [ROADMAP] train_thresholds: 31.2%
587.7s 194 [ROADMAP] train_thresholds: 31.4%
591.1s 195 [ROADMAP] train_thresholds: 31.6%
594.8s 196 [ROADMAP] train_thresholds: 31.8%
596.6s 197 [ROADMAP] train_thresholds: 32.0%
600.2s 198 [ROADMAP] train_thresholds: 32.2%
603.7s 199 [ROADMAP] train_thresholds: 32.4%
607.2s 200 [ROADMAP] train_thresholds: 32.6%
610.7s 201 [ROADMAP] train_thresholds: 32.8%
614.4s 202 [ROADMAP] train_thresholds: 33.0%
617.8s 203 [ROADMAP] train_thresholds: 33.2%
621.4s 204 [ROADMAP] train_thresholds: 33.4%
625.1s 205 [ROADMAP] train_thresholds: 33.6%
628.8s 206 [ROADMAP] train_thresholds: 33.8%
632.1s 207 [ROADMAP] train_thresholds: 34.0%
635.6s 208 [ROADMAP] train_thresholds: 34.2%
639.0s 209 [ROADMAP] train_thresholds: 34.4%
642.5s 210 [ROADMAP] train_thresholds: 34.6%
646.1s 211 [ROADMAP] train_thresholds: 34.8%
649.6s 212 [ROADMAP] train_thresholds: 35.0%
653.2s 213 [ROADMAP] train_thresholds: 35.2%
655.1s 214 [ROADMAP] train_thresholds: 35.4%
658.6s 215 [ROADMAP] train_thresholds: 35.5%
662.0s 216 [ROADMAP] train_thresholds: 35.7%
665.4s 217 [ROADMAP] train_thresholds: 35.9%
668.9s 218 [ROADMAP] train_thresholds: 36.1%
672.2s 219 [ROADMAP] train_thresholds: 36.3%
675.8s 220 [ROADMAP] train_thresholds: 36.5%
679.3s 221 [ROADMAP] train_thresholds: 36.7%
682.8s 222 [ROADMAP] train_thresholds: 36.9%
686.3s 223 [ROADMAP] train_thresholds: 37.1%
689.7s 224 [ROADMAP] train_thresholds: 37.3%
693.1s 225 [ROADMAP] train_thresholds: 37.5%
696.5s 226 [ROADMAP] train_thresholds: 37.7%
700.0s 227 [ROADMAP] train_thresholds: 37.9%
703.5s 228 [ROADMAP] train_thresholds: 38.1%
706.8s 229 [ROADMAP] train_thresholds: 38.3%
710.3s 230 [ROADMAP] train_thresholds: 38.5%
713.8s 231 [ROADMAP] train_thresholds: 38.7%
717.3s 232 [ROADMAP] train_thresholds: 38.9%
720.9s 233 [ROADMAP] train_thresholds: 39.1%
724.4s 234 [ROADMAP] train_thresholds: 39.3%
727.8s 235 [ROADMAP] train_thresholds: 39.5%
731.2s 236 [ROADMAP] train_thresholds: 39.6%
734.7s 237 [ROADMAP] train_thresholds: 39.8%
738.1s 238 [ROADMAP] train_thresholds: 40.0%
741.8s 239 [ROADMAP] train_thresholds: 40.2%
745.2s 240 [ROADMAP] train_thresholds: 40.4%
748.7s 241 [ROADMAP] train_thresholds: 40.6%
752.2s 242 [ROADMAP] train_thresholds: 40.8%
755.6s 243 [ROADMAP] train_thresholds: 41.0%
758.8s 244 [ROADMAP] train_thresholds: 41.2%
762.2s 245 [ROADMAP] train_thresholds: 41.4%
765.6s 246 [ROADMAP] train_thresholds: 41.6%
769.0s 247 [ROADMAP] train_thresholds: 41.8%
772.5s 248 [ROADMAP] train_thresholds: 42.0%
775.8s 249 [ROADMAP] train_thresholds: 42.2%
779.3s 250 [ROADMAP] train_thresholds: 42.4%
782.6s 251 [ROADMAP] train_thresholds: 42.6%
786.1s 252 [ROADMAP] train_thresholds: 42.8%
789.8s 253 [ROADMAP] train_thresholds: 43.0%
793.4s 254 [ROADMAP] train_thresholds: 43.2%
796.8s 255 [ROADMAP] train_thresholds: 43.4%
800.3s 256 [ROADMAP] train_thresholds: 43.6%
802.3s 257 [ROADMAP] train_thresholds: 43.8%
805.8s 258 [ROADMAP] train_thresholds: 43.9%
809.3s 259 [ROADMAP] train_thresholds: 44.1%
812.8s 260 [ROADMAP] train_thresholds: 44.3%
816.1s 261 [ROADMAP] train_thresholds: 44.5%
819.7s 262 [ROADMAP] train_thresholds: 44.7%
823.3s 263 [ROADMAP] train_thresholds: 44.9%
826.9s 264 [ROADMAP] train_thresholds: 45.1%
830.3s 265 [ROADMAP] train_thresholds: 45.3%
834.1s 266 [ROADMAP] train_thresholds: 45.5%
837.6s 267 [ROADMAP] train_thresholds: 45.7%
841.4s 268 [ROADMAP] train_thresholds: 45.9%
844.8s 269 [ROADMAP] train_thresholds: 46.1%
848.2s 270 [ROADMAP] train_thresholds: 46.3%
851.5s 271 [ROADMAP] train_thresholds: 46.5%
855.2s 272 [ROADMAP] train_thresholds: 46.7%
858.7s 273 [ROADMAP] train_thresholds: 46.9%
862.4s 274 [ROADMAP] train_thresholds: 47.1%
865.8s 275 [ROADMAP] train_thresholds: 47.3%
869.3s 276 [ROADMAP] train_thresholds: 47.5%
872.9s 277 [ROADMAP] train_thresholds: 47.7%
876.3s 278 [ROADMAP] train_thresholds: 47.9%
879.9s 279 [ROADMAP] train_thresholds: 48.0%
883.4s 280 [ROADMAP] train_thresholds: 48.2%
885.3s 281 [ROADMAP] train_thresholds: 48.4%
888.8s 282 [ROADMAP] train_thresholds: 48.6%
892.2s 283 [ROADMAP] train_thresholds: 48.8%
895.6s 284 [ROADMAP] train_thresholds: 49.0%
899.0s 285 [ROADMAP] train_thresholds: 49.2%
902.3s 286 [ROADMAP] train_thresholds: 49.4%
905.8s 287 [ROADMAP] train_thresholds: 49.6%
909.6s 288 [ROADMAP] train_thresholds: 49.8%
913.1s 289 [ROADMAP] train_thresholds: 50.0%
916.6s 290 [ROADMAP] train_thresholds: 50.2%
919.9s 291 [ROADMAP] train_thresholds: 50.4%
923.4s 292 [ROADMAP] train_thresholds: 50.6%
926.8s 293 [ROADMAP] train_thresholds: 50.8%
930.2s 294 [ROADMAP] train_thresholds: 51.0%
933.6s 295 [ROADMAP] train_thresholds: 51.2%
937.2s 296 [ROADMAP] train_thresholds: 51.4%
940.6s 297 [ROADMAP] train_thresholds: 51.6%
944.3s 298 [ROADMAP] train_thresholds: 51.8%
947.8s 299 [ROADMAP] train_thresholds: 52.0%
951.5s 300 [ROADMAP] train_thresholds: 52.1%
955.1s 301 [ROADMAP] train_thresholds: 52.3%
958.6s 302 [ROADMAP] train_thresholds: 52.5%
962.2s 303 [ROADMAP] train_thresholds: 52.7%
965.6s 304 [ROADMAP] train_thresholds: 52.9%
969.2s 305 [ROADMAP] train_thresholds: 53.1%
972.7s 306 [ROADMAP] train_thresholds: 53.3%
976.3s 307 [ROADMAP] train_thresholds: 53.5%
980.1s 308 [ROADMAP] train_thresholds: 53.7%
983.6s 309 [ROADMAP] train_thresholds: 53.9%
987.2s 310 [ROADMAP] train_thresholds: 54.1%
990.7s 311 [ROADMAP] train_thresholds: 54.3%
994.1s 312 [ROADMAP] train_thresholds: 54.5%
997.5s 313 [ROADMAP] train_thresholds: 54.7%
1000.8s 314 [ROADMAP] train_thresholds: 54.9%
1004.2s 315 [ROADMAP] train_thresholds: 55.1%
1007.6s 316 [ROADMAP] train_thresholds: 55.3%
1011.1s 317 [ROADMAP] train_thresholds: 55.5%
1014.7s 318 [ROADMAP] train_thresholds: 55.7%
1018.2s 319 [ROADMAP] train_thresholds: 55.9%
1021.7s 320 [ROADMAP] train_thresholds: 56.1%
1025.1s 321 [ROADMAP] train_thresholds: 56.2%
1028.4s 322 [ROADMAP] train_thresholds: 56.4%
1031.9s 323 [ROADMAP] train_thresholds: 56.6%
1035.2s 324 [ROADMAP] train_thresholds: 56.8%
1038.8s 325 [ROADMAP] train_thresholds: 57.0%
1042.0s 326 [ROADMAP] train_thresholds: 57.2%
1045.3s 327 [ROADMAP] train_thresholds: 57.4%
1048.7s 328 [ROADMAP] train_thresholds: 57.6%
1052.2s 329 [ROADMAP] train_thresholds: 57.8%
1055.7s 330 [ROADMAP] train_thresholds: 58.0%
1057.6s 331 [ROADMAP] train_thresholds: 58.2%
1060.8s 332 [ROADMAP] train_thresholds: 58.4%
1064.2s 333 [ROADMAP] train_thresholds: 58.6%
1067.6s 334 [ROADMAP] train_thresholds: 58.8%
1071.0s 335 [ROADMAP] train_thresholds: 59.0%
1074.7s 336 [ROADMAP] train_thresholds: 59.2%
1078.0s 337 [ROADMAP] train_thresholds: 59.4%
1081.4s 338 [ROADMAP] train_thresholds: 59.6%
1084.9s 339 [ROADMAP] train_thresholds: 59.8%
1088.3s 340 [ROADMAP] train_thresholds: 60.0%
1089.9s 341 [ROADMAP] train_thresholds: 60.2%
1093.2s 342 [ROADMAP] train_thresholds: 60.4%
1096.6s 343 [ROADMAP] train_thresholds: 60.5%
1100.0s 344 [ROADMAP] train_thresholds: 60.7%
1103.2s 345 [ROADMAP] train_thresholds: 60.9%
1106.7s 346 [ROADMAP] train_thresholds: 61.1%
1108.4s 347 [ROADMAP] train_thresholds: 61.3%
1111.8s 348 [ROADMAP] train_thresholds: 61.5%
1115.2s 349 [ROADMAP] train_thresholds: 61.7%
1118.6s 350 [ROADMAP] train_thresholds: 61.9%
1122.0s 351 [ROADMAP] train_thresholds: 62.1%
1125.4s 352 [ROADMAP] train_thresholds: 62.3%
1128.8s 353 [ROADMAP] train_thresholds: 62.5%
1132.2s 354 [ROADMAP] train_thresholds: 62.7%
1135.5s 355 [ROADMAP] train_thresholds: 62.9%
1138.9s 356 [ROADMAP] train_thresholds: 63.1%
1142.3s 357 [ROADMAP] train_thresholds: 63.3%
1145.8s 358 [ROADMAP] train_thresholds: 63.5%
1149.3s 359 [ROADMAP] train_thresholds: 63.7%
1152.7s 360 [ROADMAP] train_thresholds: 63.9%
1154.4s 361 [ROADMAP] train_thresholds: 64.1%
1157.8s 362 [ROADMAP] train_thresholds: 64.3%
1161.3s 363 [ROADMAP] train_thresholds: 64.5%
1164.8s 364 [ROADMAP] train_thresholds: 64.6%
1168.3s 365 [ROADMAP] train_thresholds: 64.8%
1171.7s 366 [ROADMAP] train_thresholds: 65.0%
1175.0s 367 [ROADMAP] train_thresholds: 65.2%
1178.7s 368 [ROADMAP] train_thresholds: 65.4%
1181.9s 369 [ROADMAP] train_thresholds: 65.6%
1185.5s 370 [ROADMAP] train_thresholds: 65.8%
1188.9s 371 [ROADMAP] train_thresholds: 66.0%
1192.3s 372 [ROADMAP] train_thresholds: 66.2%
1194.1s 373 [ROADMAP] train_thresholds: 66.4%
1197.5s 374 [ROADMAP] train_thresholds: 66.6%
1200.8s 375 [ROADMAP] train_thresholds: 66.8%
1204.4s 376 [ROADMAP] train_thresholds: 67.0%
1207.7s 377 [ROADMAP] train_thresholds: 67.2%
1211.1s 378 [ROADMAP] train_thresholds: 67.4%
1214.6s 379 [ROADMAP] train_thresholds: 67.6%
1216.4s 380 [ROADMAP] train_thresholds: 67.8%
1218.3s 381 [ROADMAP] train_thresholds: 68.0%
1221.6s 382 [ROADMAP] train_thresholds: 68.2%
1225.1s 383 [ROADMAP] train_thresholds: 68.4%
1228.5s 384 [ROADMAP] train_thresholds: 68.6%
1232.0s 385 [ROADMAP] train_thresholds: 68.8%
1235.3s 386 [ROADMAP] train_thresholds: 68.9%
1238.7s 387 [ROADMAP] train_thresholds: 69.1%
1242.1s 388 [ROADMAP] train_thresholds: 69.3%
1245.4s 389 [ROADMAP] train_thresholds: 69.5%
1248.8s 390 [ROADMAP] train_thresholds: 69.7%
1252.2s 391 [ROADMAP] train_thresholds: 69.9%
1255.5s 392 [ROADMAP] train_thresholds: 70.1%
1259.0s 393 [ROADMAP] train_thresholds: 70.3%
1262.3s 394 [ROADMAP] train_thresholds: 70.5%
1265.8s 395 [ROADMAP] train_thresholds: 70.7%
1269.3s 396 [ROADMAP] train_thresholds: 70.9%
1272.8s 397 [ROADMAP] train_thresholds: 71.1%
1276.2s 398 [ROADMAP] train_thresholds: 71.3%
1279.7s 399 [ROADMAP] train_thresholds: 71.5%
1283.3s 400 [ROADMAP] train_thresholds: 71.7%
1286.7s 401 [ROADMAP] train_thresholds: 71.9%
1290.3s 402 [ROADMAP] train_thresholds: 72.1%
1293.8s 403 [ROADMAP] train_thresholds: 72.3%
1297.4s 404 [ROADMAP] train_thresholds: 72.5%
1299.3s 405 [ROADMAP] train_thresholds: 72.7%
1302.8s 406 [ROADMAP] train_thresholds: 72.9%
1306.4s 407 [ROADMAP] train_thresholds: 73.0%
1309.9s 408 [ROADMAP] train_thresholds: 73.2%
1313.4s 409 [ROADMAP] train_thresholds: 73.4%
1317.0s 410 [ROADMAP] train_thresholds: 73.6%
1320.2s 411 [ROADMAP] train_thresholds: 73.8%
1323.7s 412 [ROADMAP] train_thresholds: 74.0%
1327.1s 413 [ROADMAP] train_thresholds: 74.2%
1330.6s 414 [ROADMAP] train_thresholds: 74.4%
1334.1s 415 [ROADMAP] train_thresholds: 74.6%
1337.6s 416 [ROADMAP] train_thresholds: 74.8%
1341.2s 417 [ROADMAP] train_thresholds: 75.0%
1344.9s 418 [ROADMAP] train_thresholds: 75.2%
1348.4s 419 [ROADMAP] train_thresholds: 75.4%
1350.3s 420 [ROADMAP] train_thresholds: 75.6%
1353.6s 421 [ROADMAP] train_thresholds: 75.8%
1355.5s 422 [ROADMAP] train_thresholds: 76.0%
1358.9s 423 [ROADMAP] train_thresholds: 76.2%
1362.5s 424 [ROADMAP] train_thresholds: 76.4%
1366.0s 425 [ROADMAP] train_thresholds: 76.6%
1369.3s 426 [ROADMAP] train_thresholds: 76.8%
1372.8s 427 [ROADMAP] train_thresholds: 77.0%
1376.4s 428 [ROADMAP] train_thresholds: 77.1%
1379.9s 429 [ROADMAP] train_thresholds: 77.3%
1383.3s 430 [ROADMAP] train_thresholds: 77.5%
1386.9s 431 [ROADMAP] train_thresholds: 77.7%
1390.4s 432 [ROADMAP] train_thresholds: 77.9%
1393.9s 433 [ROADMAP] train_thresholds: 78.1%
1397.5s 434 [ROADMAP] train_thresholds: 78.3%
1401.0s 435 [ROADMAP] train_thresholds: 78.5%
1404.6s 436 [ROADMAP] train_thresholds: 78.7%
1407.9s 437 [ROADMAP] train_thresholds: 78.9%
1411.3s 438 [ROADMAP] train_thresholds: 79.1%
1414.7s 439 [ROADMAP] train_thresholds: 79.3%
1416.7s 440 [ROADMAP] train_thresholds: 79.5%
1420.0s 441 [ROADMAP] train_thresholds: 79.7%
1423.3s 442 [ROADMAP] train_thresholds: 79.9%
1426.6s 443 [ROADMAP] train_thresholds: 80.1%
1430.0s 444 [ROADMAP] train_thresholds: 80.3%
1433.7s 445 [ROADMAP] train_thresholds: 80.5%
1437.3s 446 [ROADMAP] train_thresholds: 80.7%
1440.7s 447 [ROADMAP] train_thresholds: 80.9%
1444.1s 448 [ROADMAP] train_thresholds: 81.1%
1447.6s 449 [ROADMAP] train_thresholds: 81.2%
1449.3s 450 [ROADMAP] train_thresholds: 81.4%
1452.8s 451 [ROADMAP] train_thresholds: 81.6%
1456.2s 452 [ROADMAP] train_thresholds: 81.8%
1458.2s 453 [ROADMAP] train_thresholds: 82.0%
1461.6s 454 [ROADMAP] train_thresholds: 82.2%
1465.1s 455 [ROADMAP] train_thresholds: 82.4%
1468.6s 456 [ROADMAP] train_thresholds: 82.6%
1472.1s 457 [ROADMAP] train_thresholds: 82.8%
1475.5s 458 [ROADMAP] train_thresholds: 83.0%
1478.9s 459 [ROADMAP] train_thresholds: 83.2%
1482.2s 460 [ROADMAP] train_thresholds: 83.4%
1485.7s 461 [ROADMAP] train_thresholds: 83.6%
1488.9s 462 [ROADMAP] train_thresholds: 83.8%
1492.2s 463 [ROADMAP] train_thresholds: 84.0%
1495.6s 464 [ROADMAP] train_thresholds: 84.2%
1499.1s 465 [ROADMAP] train_thresholds: 84.4%
1501.0s 466 [ROADMAP] train_thresholds: 84.6%
1504.7s 467 [ROADMAP] train_thresholds: 84.8%
1508.0s 468 [ROADMAP] train_thresholds: 85.0%
1511.4s 469 [ROADMAP] train_thresholds: 85.2%
1514.9s 470 [ROADMAP] train_thresholds: 85.4%
1518.6s 471 [ROADMAP] train_thresholds: 85.5%
1522.1s 472 [ROADMAP] train_thresholds: 85.7%
1525.8s 473 [ROADMAP] train_thresholds: 85.9%
1529.3s 474 [ROADMAP] train_thresholds: 86.1%
1533.0s 475 [ROADMAP] train_thresholds: 86.3%
1535.0s 476 [ROADMAP] train_thresholds: 86.5%
1538.4s 477 [ROADMAP] train_thresholds: 86.7%
1541.8s 478 [ROADMAP] train_thresholds: 86.9%
1545.2s 479 [ROADMAP] train_thresholds: 87.1%
1548.5s 480 [ROADMAP] train_thresholds: 87.3%
1550.3s 481 [ROADMAP] train_thresholds: 87.5%
1552.1s 482 [ROADMAP] train_thresholds: 87.7%
1555.5s 483 [ROADMAP] train_thresholds: 87.9%
1558.9s 484 [ROADMAP] train_thresholds: 88.1%
1562.4s 485 [ROADMAP] train_thresholds: 88.3%
1565.7s 486 [ROADMAP] train_thresholds: 88.5%
1569.1s 487 [ROADMAP] train_thresholds: 88.7%
1572.3s 488 [ROADMAP] train_thresholds: 88.9%
1575.9s 489 [ROADMAP] train_thresholds: 89.1%
1579.3s 490 [ROADMAP] train_thresholds: 89.3%
1582.6s 491 [ROADMAP] train_thresholds: 89.5%
1586.0s 492 [ROADMAP] train_thresholds: 89.6%
1589.5s 493 [ROADMAP] train_thresholds: 89.8%
1592.7s 494 [ROADMAP] train_thresholds: 90.0%
1596.1s 495 [ROADMAP] train_thresholds: 90.2%
1599.7s 496 [ROADMAP] train_thresholds: 90.4%
1603.1s 497 [ROADMAP] train_thresholds: 90.6%
1606.5s 498 [ROADMAP] train_thresholds: 90.8%
1610.1s 499 [ROADMAP] train_thresholds: 91.0%
1613.7s 500 [ROADMAP] train_thresholds: 91.2%
1617.1s 501 [ROADMAP] train_thresholds: 91.4%
1620.7s 502 [ROADMAP] train_thresholds: 91.6%
1624.1s 503 [ROADMAP] train_thresholds: 91.8%
1626.0s 504 [ROADMAP] train_thresholds: 92.0%
1630.0s 505 [ROADMAP] train_thresholds: 92.2%
1633.6s 506 [ROADMAP] train_thresholds: 92.4%
1637.2s 507 [ROADMAP] train_thresholds: 92.6%
1640.7s 508 [ROADMAP] train_thresholds: 92.8%
1644.4s 509 [ROADMAP] train_thresholds: 93.0%
1647.8s 510 [ROADMAP] train_thresholds: 93.2%
1651.2s 511 [ROADMAP] train_thresholds: 93.4%
1654.5s 512 [ROADMAP] train_thresholds: 93.6%
1657.8s 513 [ROADMAP] train_thresholds: 93.8%
1661.4s 514 [ROADMAP] train_thresholds: 93.9%
1664.8s 515 [ROADMAP] train_thresholds: 94.1%
1668.3s 516 [ROADMAP] train_thresholds: 94.3%
1672.0s 517 [ROADMAP] train_thresholds: 94.5%
1675.4s 518 [ROADMAP] train_thresholds: 94.7%
1678.8s 519 [ROADMAP] train_thresholds: 94.9%
1682.3s 520 [ROADMAP] train_thresholds: 95.1%
1685.7s 521 [ROADMAP] train_thresholds: 95.3%
1689.3s 522 [ROADMAP] train_thresholds: 95.5%
1692.6s 523 [ROADMAP] train_thresholds: 95.7%
1696.0s 524 [ROADMAP] train_thresholds: 95.9%
1699.3s 525 [ROADMAP] train_thresholds: 96.1%
1702.7s 526 [ROADMAP] train_thresholds: 96.3%
1706.1s 527 [ROADMAP] train_thresholds: 96.5%
1709.5s 528 [ROADMAP] train_thresholds: 96.7%
1713.0s 529 [ROADMAP] train_thresholds: 96.9%
1716.5s 530 [ROADMAP] train_thresholds: 97.1%
1719.9s 531 [ROADMAP] train_thresholds: 97.3%
1723.3s 532 [ROADMAP] train_thresholds: 97.5%
1726.7s 533 [ROADMAP] train_thresholds: 97.7%
1730.3s 534 [ROADMAP] train_thresholds: 97.9%
1734.0s 535 [ROADMAP] train_thresholds: 98.0%
1737.5s 536 [ROADMAP] train_thresholds: 98.2%
1740.9s 537 [ROADMAP] train_thresholds: 98.4%
1744.4s 538 [ROADMAP] train_thresholds: 98.6%
1746.4s 539 [ROADMAP] train_thresholds: 98.8%
1750.0s 540 [ROADMAP] train_thresholds: 99.0%
1753.5s 541 [ROADMAP] train_thresholds: 99.2%
1757.2s 542 [ROADMAP] train_thresholds: 99.4%
1760.7s 543 [ROADMAP] train_thresholds: 99.6%
1764.5s 544 [ROADMAP] train_thresholds: 99.8%
1767.9s 545 [ROADMAP] train_thresholds: 100.0%
1771.3s 546 [ROADMAP] infer_predictions: 100.0%
1775.1s 547 [ROADMAP] package_submission: 20.0%
1775.7s 548 [ROADMAP] package_submission: 100.0%
1775.7s 549 [ROADMAP] finalize_forensics: 100.0%
1775.7s 550 {
1775.7s 551 "runtime_status": "offline_activated",
1775.7s 552 "pipeline_status": "success",
1775.7s 553 "active_neurons": 1257219,
1775.7s 554 "total_allocations": 513,
1775.7s 555 "total_pixels_processed": 51499008,
1775.7s 556 "total_ink_pixels": 25700716,
1775.7s 557 "ink_ratio": 0.49905264194603516,
1775.7s 558 "qi_index_real": 3.114373184017958e-05,
1775.7s 559 "cpu_total_ns": 1653591427780,
1775.7s 560 "merkle_root": "464d501d4d0647c6380ea48e5894c1008fee1102749fa52c4c39851a5278621bb8b87a82ad192ffb84c9a72eee397a2acf0c9275f09553dc6e4c3340980dae3d",
1775.7s 561 "status": "100%_OFFLINE_ACTIVATED",
1775.7s 562 "layout_detected": "competition_test_images",
1775.7s 563 "configured_data_root": "/kaggle/input/vesuvius-challenge-ink-detection",
1775.7s 564 "effective_data_root": "/kaggle/input/competitions/vesuvius-challenge-surface-detection",
1775.7s 565 "discovery_attempts": [
1775.7s 566 {
1775.7s 567 "root": "/kaggle/input/competitions/vesuvius-challenge-surface-detection",
1775.7s 568 "mode": "competition_test_images",
1775.7s 569 "train": 786,
1775.7s 570 "test": 1
1775.7s 571 }
1775.7s 572 ],
1775.7s 573 "train_items_total": 786,
1775.7s 574 "train_items_with_labels": 512,
1775.7s 575 "train_items_skipped_no_label": 0,
1775.7s 576 "train_items": [
1775.7s 577 "1004283650.tif",
1775.7s 578 "1006462223.tif",
1775.7s 579 "1013184726.tif",
1775.7s 580 "102536988.tif",
1775.7s 581 "1029212680.tif",
1775.7s 582 "1033375083.tif",
1775.7s 583 "1033784946.tif",
1775.7s 584 "1044587645.tif",
1775.7s 585 "105068588.tif",
1775.7s 586 "105796630.tif",
1775.7s 587 "1059332280.tif",
1775.7s 588 "1061356924.tif",
1775.7s 589 "1075217434.tif",
1775.7s 590 "1079776201.tif",
1775.7s 591 "1083486419.tif",
1775.7s 592 "108672114.tif",
1775.7s 593 "1105906805.tif",
1775.7s 594 "1108059824.tif",
1775.7s 595 "110997297.tif",
1775.7s 596 "1113943087.tif",
1775.7s 597 "1127903126.tif",
1775.7s 598 "1128635125.tif",
1775.7s 599 "114235076.tif",
1775.7s 600 "11460685.tif",
1775.7s 601 "1154777170.tif",
1775.7s 602 "1156808983.tif",
1775.7s 603 "1157445126.tif",
1775.7s 604 "1159818141.tif",
1775.7s 605 "11630450.tif",
1775.7s 606 "1168011639.tif",
1775.7s 607 "1176487902.tif",
1775.7s 608 "118041886.tif",
1775.7s 609 "1182039038.tif",
1775.7s 610 "118632705.tif",
1775.7s 611 "1186499682.tif",
1775.7s 612 "1189767014.tif",
1775.7s 613 "1200862647.tif",
1775.7s 614 "1201940326.tif",
1775.7s 615 "1204899528.tif",
1775.7s 616 "1208001693.tif",
1775.7s 617 "1210295426.tif",
1775.7s 618 "1210615920.tif",
1775.7s 619 "1210927642.tif",
1775.7s 620 "1215679884.tif",
1775.7s 621 "1219581388.tif",
1775.7s 622 "1230055797.tif",
1775.7s 623 "1235128733.tif",
1775.7s 624 "1238314834.tif",
1775.7s 625 "1238390590.tif",
1775.7s 626 "1239284127.tif",
1775.7s 627 "1240194203.tif",
1775.7s 628 "1242812707.tif",
1775.7s 629 "1242962297.tif",
1775.7s 630 "1253813461.tif",
1775.7s 631 "1255754809.tif",
1775.7s 632 "1261544272.tif",
1775.7s 633 "1267989019.tif",
1775.7s 634 "1271223370.tif",
1775.7s 635 "1272760814.tif",
1775.7s 636 "1294570892.tif",
1775.7s 637 "1296996509.tif",
1775.7s 638 "1306752115.tif",
1775.7s 639 "1311779219.tif",
1775.7s 640 "1316805721.tif",
1775.7s 641 "1329351767.tif",
1775.7s 642 "1330705651.tif",
1775.7s 643 "1332121747.tif",
1775.7s 644 "1341999317.tif",
1775.7s 645 "1351645019.tif",
1775.7s 646 "1354910392.tif",
1775.7s 647 "1367329139.tif",
1775.7s 648 "1368903217.tif",
1775.7s 649 "1369609932.tif",
1775.7s 650 "1370134939.tif",
1775.7s 651 "1379194145.tif",
1775.7s 652 "1391167593.tif",
1775.7s 653 "1395654524.tif",
1775.7s 654 "1404108352.tif",
1775.7s 655 "1412233012.tif",
1775.7s 656 "1420786524.tif",
1775.7s 657 "1424527489.tif",
1775.7s 658 "1425151232.tif",
1775.7s 659 "1430679851.tif",
1775.7s 660 "1435658104.tif",
1775.7s 661 "1440669255.tif",
1775.7s 662 "1442179410.tif",
1775.7s 663 "1448189335.tif",
1775.7s 664 "1449602646.tif",
1775.7s 665 "1454104195.tif",
1775.7s 666 "1459340749.tif",
1775.7s 667 "1460828631.tif",
1775.7s 668 "1471460767.tif",
1775.7s 669 "1480691377.tif",
1775.7s 670 "1483500546.tif",
1775.7s 671 "149409101.tif",
1775.7s 672 "1497289496.tif",
1775.7s 673 "1503030068.tif",
1775.7s 674 "1505524936.tif",
1775.7s 675 "1505792607.tif",
1775.7s 676 "1506367235.tif",
1775.7s 677 "1508330045.tif",
1775.7s 678 "1519902750.tif",
1775.7s 679 "1522833038.tif",
1775.7s 680 "1524465289.tif",
1775.7s 681 "1526377662.tif",
1775.7s 682 "15307632.tif",
1775.7s 683 "1531506078.tif",
1775.7s 684 "1542708535.tif",
1775.7s 685 "1553955454.tif",
1775.7s 686 "1556295020.tif",
1775.7s 687 "1557465183.tif",
1775.7s 688 "1561013957.tif",
1775.7s 689 "1565784049.tif",
1775.7s 690 "1566185731.tif",
1775.7s 691 "1577382633.tif",
1775.7s 692 "1578248244.tif",
1775.7s 693 "158898728.tif",
1775.7s 694 "1589119778.tif",
1775.7s 695 "159112826.tif",
1775.7s 696 "1596691633.tif",
1775.7s 697 "1603877492.tif",
1775.7s 698 "1607714040.tif",
1775.7s 699 "1612471366.tif",
1775.7s 700 "1613378452.tif",
1775.7s 701 "1615896532.tif",
1775.7s 702 "1616597122.tif",
1775.7s 703 "1625676216.tif",
1775.7s 704 "1625909146.tif",
1775.7s 705 "162812671.tif",
1775.7s 706 "1634687021.tif",
1775.7s 707 "1639956906.tif",
1775.7s 708 "1642047701.tif",
1775.7s 709 "164224384.tif",
1775.7s 710 "1643996246.tif",
1775.7s 711 "1655876858.tif",
1775.7s 712 "1662041291.tif",
1775.7s 713 "1666298112.tif",
1775.7s 714 "1669670049.tif",
1775.7s 715 "1671010748.tif",
1775.7s 716 "1679790444.tif",
1775.7s 717 "1681590107.tif",
1775.7s 718 "1687829027.tif",
1775.7s 719 "1693625989.tif",
1775.7s 720 "1693721638.tif",
1775.7s 721 "1704770049.tif",
1775.7s 722 "1706947731.tif",
1775.7s 723 "1715403595.tif",
1775.7s 724 "1720613063.tif",
1775.7s 725 "1722912570.tif",
1775.7s 726 "1725830085.tif",
1775.7s 727 "17283971.tif",
1775.7s 728 "1732242978.tif",
1775.7s 729 "1734818300.tif",
1775.7s 730 "1737469977.tif",
1775.7s 731 "1741397554.tif",
1775.7s 732 "1746646794.tif",
1775.7s 733 "1757276221.tif",
1775.7s 734 "1762562855.tif",
1775.7s 735 "176501514.tif",
1775.7s 736 "1779677207.tif",
1775.7s 737 "1783261305.tif",
1775.7s 738 "1790344501.tif",
1775.7s 739 "1790856995.tif",
1775.7s 740 "1791213794.tif",
1775.7s 741 "1793326608.tif",
1775.7s 742 "1795164441.tif",
1775.7s 743 "1796385572.tif",
1775.7s 744 "1796762532.tif",
1775.7s 745 "1798146413.tif",
1775.7s 746 "1812790174.tif",
1775.7s 747 "1815623142.tif",
1775.7s 748 "1818529443.tif",
1775.7s 749 "1820528268.tif",
1775.7s 750 "1823626595.tif",
1775.7s 751 "1825838007.tif",
1775.7s 752 "1834183371.tif",
1775.7s 753 "1837890067.tif",
1775.7s 754 "1842921029.tif",
1775.7s 755 "1845578058.tif",
1775.7s 756 "1851560107.tif",
1775.7s 757 "185176123.tif",
1775.7s 758 "1853493924.tif",
1775.7s 759 "1858247918.tif",
1775.7s 760 "1866627733.tif",
1775.7s 761 "1871106040.tif",
1775.7s 762 "1876224755.tif",
1775.7s 763 "1878959347.tif",
1775.7s 764 "1881495000.tif",
1775.7s 765 "1882650170.tif",
1775.7s 766 "1890221621.tif",
1775.7s 767 "1890409640.tif",
1775.7s 768 "1891372224.tif",
1775.7s 769 "1914571029.tif",
1775.7s 770 "1923436243.tif",
1775.7s 771 "1927075549.tif",
1775.7s 772 "193365288.tif",
1775.7s 773 "1939536631.tif",
1775.7s 774 "1960540938.tif",
1775.7s 775 "1961113613.tif",
1775.7s 776 "1963069058.tif",
1775.7s 777 "1966171058.tif",
1775.7s 778 "196724516.tif",
1775.7s 779 "1967300661.tif",
1775.7s 780 "19797301.tif",
1775.7s 781 "1985075117.tif",
1775.7s 782 "1996567865.tif",
1775.7s 783 "2003263496.tif",
1775.7s 784 "2004658464.tif",
1775.7s 785 "2007080007.tif",
1775.7s 786 "2012359760.tif",
1775.7s 787 "2018034763.tif",
1775.7s 788 "2021834463.tif",
1775.7s 789 "2024572193.tif",
1775.7s 790 "2035810630.tif",
1775.7s 791 "2046703546.tif",
1775.7s 792 "2051981635.tif",
1775.7s 793 "2059872339.tif",
1775.7s 794 "206065757.tif",
1775.7s 795 "2067397446.tif",
1775.7s 796 "2068510087.tif",
1775.7s 797 "2079519026.tif",
1775.7s 798 "2082949504.tif",
1775.7s 799 "2087850246.tif",
1775.7s 800 "2088623970.tif",
1775.7s 801 "209220243.tif",
1775.7s 802 "2093229706.tif",
1775.7s 803 "2098828418.tif",
1775.7s 804 "2101035605.tif",
1775.7s 805 "2104413478.tif",
1775.7s 806 "2106649393.tif",
1775.7s 807 "2111177666.tif",
1775.7s 808 "2116132949.tif",
1775.7s 809 "2116542410.tif",
1775.7s 810 "2125961987.tif",
1775.7s 811 "2128181788.tif",
1775.7s 812 "2131767139.tif",
1775.7s 813 "2136851012.tif",
1775.7s 814 "2137776807.tif",
1775.7s 815 "2142002305.tif",
1775.7s 816 "2147357641.tif",
1775.7s 817 "2150538987.tif",
1775.7s 818 "215093936.tif",
1775.7s 819 "2152970898.tif",
1775.7s 820 "2155812540.tif",
1775.7s 821 "2157512838.tif",
1775.7s 822 "216571367.tif",
1775.7s 823 "216657071.tif",
1775.7s 824 "2178672922.tif",
1775.7s 825 "2188050882.tif",
1775.7s 826 "2194377014.tif",
1775.7s 827 "2203617984.tif",
1775.7s 828 "2203858319.tif",
1775.7s 829 "2205179329.tif",
1775.7s 830 "2206870115.tif",
1775.7s 831 "2210475972.tif",
1775.7s 832 "2212990887.tif",
1775.7s 833 "2214190880.tif",
1775.7s 834 "2220704498.tif",
1775.7s 835 "2220787575.tif",
1775.7s 836 "2228083941.tif",
1775.7s 837 "2238739625.tif",
1775.7s 838 "2257172177.tif",
1775.7s 839 "2268918028.tif",
1775.7s 840 "2272064421.tif",
1775.7s 841 "2272910022.tif",
1775.7s 842 "2280761294.tif",
1775.7s 843 "2285337981.tif",
1775.7s 844 "2290837.tif",
1775.7s 845 "2292614243.tif",
1775.7s 846 "2294602175.tif",
1775.7s 847 "2306395636.tif",
1775.7s 848 "2311643839.tif",
1775.7s 849 "2314417530.tif",
1775.7s 850 "2330704793.tif",
1775.7s 851 "2332602982.tif",
1775.7s 852 "2335392878.tif",
1775.7s 853 "2337322763.tif",
1775.7s 854 "2352678715.tif",
1775.7s 855 "2361792849.tif",
1775.7s 856 "236296322.tif",
1775.7s 857 "237111043.tif",
1775.7s 858 "2373617013.tif",
1775.7s 859 "2375325173.tif",
1775.7s 860 "2377884359.tif",
1775.7s 861 "239904888.tif",
1775.7s 862 "2402197522.tif",
1775.7s 863 "2410046565.tif",
1775.7s 864 "241509106.tif",
1775.7s 865 "241514276.tif",
1775.7s 866 "2419036429.tif",
1775.7s 867 "2423079874.tif",
1775.7s 868 "2424610202.tif",
1775.7s 869 "244496252.tif",
1775.7s 870 "2445577751.tif",
1775.7s 871 "2454492741.tif",
1775.7s 872 "2456859500.tif",
1775.7s 873 "246751123.tif",
1775.7s 874 "2473381112.tif",
1775.7s 875 "2475831799.tif",
1775.7s 876 "2489372663.tif",
1775.7s 877 "2495748513.tif",
1775.7s 878 "2496585510.tif",
1775.7s 879 "2497392974.tif",
1775.7s 880 "2502110845.tif",
1775.7s 881 "250913537.tif",
1775.7s 882 "251333914.tif",
1775.7s 883 "2517705156.tif",
1775.7s 884 "2524776433.tif",
1775.7s 885 "2530405250.tif",
1775.7s 886 "2531358332.tif",
1775.7s 887 "2536049117.tif",
1775.7s 888 "2540481853.tif",
1775.7s 889 "2544642863.tif",
1775.7s 890 "2550619349.tif",
1775.7s 891 "2552677227.tif",
1775.7s 892 "2553197977.tif",
1775.7s 893 "2555675774.tif",
1775.7s 894 "2556347231.tif",
1775.7s 895 "2579374491.tif",
1775.7s 896 "2589044500.tif",
1775.7s 897 "2590633777.tif",
1775.7s 898 "2600169169.tif",
1775.7s 899 "2615287684.tif",
1775.7s 900 "262156460.tif",
1775.7s 901 "2623225052.tif",
1775.7s 902 "2623678684.tif",
1775.7s 903 "2626593634.tif",
1775.7s 904 "2632109508.tif",
1775.7s 905 "263322541.tif",
1775.7s 906 "2642624633.tif",
1775.7s 907 "2652698199.tif",
1775.7s 908 "2653068915.tif",
1775.7s 909 "2656396745.tif",
1775.7s 910 "2660177791.tif",
1775.7s 911 "2669341205.tif",
1775.7s 912 "2669969378.tif",
1775.7s 913 "2673757182.tif",
1775.7s 914 "2676456148.tif",
1775.7s 915 "2689046967.tif",
1775.7s 916 "26894125.tif",
1775.7s 917 "2705604173.tif",
1775.7s 918 "2708764018.tif",
1775.7s 919 "2713673035.tif",
1775.7s 920 "2716466411.tif",
1775.7s 921 "2716752782.tif",
1775.7s 922 "2716947869.tif",
1775.7s 923 "2727460783.tif",
1775.7s 924 "2734445540.tif",
1775.7s 925 "2736169384.tif",
1775.7s 926 "2737376036.tif",
1775.7s 927 "2741330005.tif",
1775.7s 928 "2757751083.tif",
1775.7s 929 "2757775745.tif",
1775.7s 930 "2759477755.tif",
1775.7s 931 "2761996776.tif",
1775.7s 932 "2763227159.tif",
1775.7s 933 "2768504081.tif",
1775.7s 934 "2770853879.tif",
1775.7s 935 "2773856183.tif",
1775.7s 936 "2775536173.tif",
1775.7s 937 "2778370612.tif",
1775.7s 938 "278498200.tif",
1775.7s 939 "2785199107.tif",
1775.7s 940 "2786449252.tif",
1775.7s 941 "2789632551.tif",
1775.7s 942 "2790504204.tif",
1775.7s 943 "2808420551.tif",
1775.7s 944 "2809620240.tif",
1775.7s 945 "2813533679.tif",
1775.7s 946 "2815220063.tif",
1775.7s 947 "2821927657.tif",
1775.7s 948 "2844417457.tif",
1775.7s 949 "2851151222.tif",
1775.7s 950 "2855094384.tif",
1775.7s 951 "2869809793.tif",
1775.7s 952 "2875030463.tif",
1775.7s 953 "2880423383.tif",
1775.7s 954 "2881190689.tif",
1775.7s 955 "288548608.tif",
1775.7s 956 "2887085917.tif",
1775.7s 957 "2894972157.tif",
1775.7s 958 "2902578006.tif",
1775.7s 959 "2902582474.tif",
1775.7s 960 "2908683777.tif",
1775.7s 961 "2910938028.tif",
1775.7s 962 "2933605769.tif",
1775.7s 963 "2935800469.tif",
1775.7s 964 "294458037.tif",
1775.7s 965 "2945808105.tif",
1775.7s 966 "2961522369.tif",
1775.7s 967 "2961547523.tif",
1775.7s 968 "2966806958.tif",
1775.7s 969 "2972783115.tif",
1775.7s 970 "29754811.tif",
1775.7s 971 "2981267096.tif",
1775.7s 972 "2983822886.tif",
1775.7s 973 "2988217553.tif",
1775.7s 974 "2988223195.tif",
1775.7s 975 "3002733017.tif",
1775.7s 976 "3003756173.tif",
1775.7s 977 "3012922391.tif",
1775.7s 978 "3016463213.tif",
1775.7s 979 "3019071518.tif",
1775.7s 980 "3020371188.tif",
1775.7s 981 "3020373917.tif",
1775.7s 982 "302353284.tif",
1775.7s 983 "302991709.tif",
1775.7s 984 "3031545955.tif",
1775.7s 985 "3034991642.tif",
1775.7s 986 "3035195503.tif",
1775.7s 987 "3037854247.tif",
1775.7s 988 "3040864797.tif",
1775.7s 989 "3043804417.tif",
1775.7s 990 "304383493.tif",
1775.7s 991 "3046048622.tif",
1775.7s 992 "3049591468.tif",
1775.7s 993 "3056295573.tif",
1775.7s 994 "3060150865.tif",
1775.7s 995 "3061154571.tif",
1775.7s 996 "3064717657.tif",
1775.7s 997 "3065239797.tif",
1775.7s 998 "3066128920.tif",
1775.7s 999 "3070061281.tif",
1775.7s 1000 "3072203034.tif",
1775.7s 1001 "3074797420.tif",
1775.7s 1002 "3076490891.tif",
1775.7s 1003 "3088997407.tif",
1775.7s 1004 "3090197578.tif",
1775.7s 1005 "3097347461.tif",
1775.7s 1006 "3099819923.tif",
1775.7s 1007 "3102979250.tif",
1775.7s 1008 "311543433.tif",
1775.7s 1009 "3137156884.tif",
1775.7s 1010 "3138051242.tif",
1775.7s 1011 "3141052542.tif",
1775.7s 1012 "3144205538.tif",
1775.7s 1013 "3146430389.tif",
1775.7s 1014 "315189226.tif",
1775.7s 1015 "3152234929.tif",
1775.7s 1016 "3156756992.tif",
1775.7s 1017 "3158644933.tif",
1775.7s 1018 "3164491657.tif",
1775.7s 1019 "3183136322.tif",
1775.7s 1020 "3183278576.tif",
1775.7s 1021 "3185727008.tif",
1775.7s 1022 "3188147679.tif",
1775.7s 1023 "3189521677.tif",
1775.7s 1024 "3194326202.tif",
1775.7s 1025 "3198627305.tif",
1775.7s 1026 "3211982948.tif",
1775.7s 1027 "3214941840.tif",
1775.7s 1028 "3237609845.tif",
1775.7s 1029 "324225693.tif",
1775.7s 1030 "3248922039.tif",
1775.7s 1031 "3250832839.tif",
1775.7s 1032 "3253501219.tif",
1775.7s 1033 "3265775428.tif",
1775.7s 1034 "3276984492.tif",
1775.7s 1035 "327851248.tif",
1775.7s 1036 "3280953653.tif",
1775.7s 1037 "3281388561.tif",
1775.7s 1038 "3290306825.tif",
1775.7s 1039 "3294954456.tif",
1775.7s 1040 "3298840559.tif",
1775.7s 1041 "3318424972.tif",
1775.7s 1042 "3318557622.tif",
1775.7s 1043 "3320274.tif",
1775.7s 1044 "3321304167.tif",
1775.7s 1045 "3324873066.tif",
1775.7s 1046 "3328549068.tif",
1775.7s 1047 "3335656968.tif",
1775.7s 1048 "3337576154.tif",
1775.7s 1049 "3340933719.tif",
1775.7s 1050 "3342671660.tif",
1775.7s 1051 "3346244732.tif",
1775.7s 1052 "3346415441.tif",
1775.7s 1053 "3346651832.tif",
1775.7s 1054 "3351412255.tif",
1775.7s 1055 "3355195275.tif",
1775.7s 1056 "3361709803.tif",
1775.7s 1057 "3370691076.tif",
1775.7s 1058 "3371019516.tif",
1775.7s 1059 "3376387932.tif",
1775.7s 1060 "338740527.tif",
1775.7s 1061 "3389327496.tif",
1775.7s 1062 "3393924745.tif",
1775.7s 1063 "3394433588.tif",
1775.7s 1064 "3403995981.tif",
1775.7s 1065 "3406558476.tif",
1775.7s 1066 "3406708348.tif",
1775.7s 1067 "3409971532.tif",
1775.7s 1068 "3414512299.tif",
1775.7s 1069 "3414605268.tif",
1775.7s 1070 "3419802889.tif",
1775.7s 1071 "342428192.tif",
1775.7s 1072 "342477941.tif",
1775.7s 1073 "3431039202.tif",
1775.7s 1074 "3436049398.tif",
1775.7s 1075 "3436915414.tif",
1775.7s 1076 "3439864183.tif",
1775.7s 1077 "3442657655.tif",
1775.7s 1078 "3443360699.tif",
1775.7s 1079 "344456112.tif",
1775.7s 1080 "3467185855.tif",
1775.7s 1081 "3497041635.tif",
1775.7s 1082 "3513954919.tif",
1775.7s 1083 "3515764944.tif",
1775.7s 1084 "3522460784.tif",
1775.7s 1085 "3522504366.tif",
1775.7s 1086 "3527825464.tif",
1775.7s 1087 "3535030114.tif",
1775.7s 1088 "3542835985.tif",
1775.7s 1089 "3545147380.tif",
1775.7s 1090 "3554743381.tif",
1775.7s 1091 "3562312952.tif",
1775.7s 1092 "3595246520.tif",
1775.7s 1093 "3598654160.tif",
1775.7s 1094 "3602356228.tif",
1775.7s 1095 "3603241078.tif",
1775.7s 1096 "360339268.tif",
1775.7s 1097 "3603497779.tif",
1775.7s 1098 "3608009641.tif",
1775.7s 1099 "3614895682.tif",
1775.7s 1100 "3620638870.tif",
1775.7s 1101 "3622438556.tif",
1775.7s 1102 "3628843560.tif",
1775.7s 1103 "363381119.tif",
1775.7s 1104 "3635486343.tif",
1775.7s 1105 "3637340207.tif",
1775.7s 1106 "3642178743.tif",
1775.7s 1107 "364539111.tif",
1775.7s 1108 "3647910527.tif",
1775.7s 1109 "364978558.tif",
1775.7s 1110 "3652794077.tif",
1775.7s 1111 "3662102503.tif",
1775.7s 1112 "3663725364.tif",
1775.7s 1113 "3664792107.tif",
1775.7s 1114 "3676026615.tif",
1775.7s 1115 "3681179135.tif",
1775.7s 1116 "3686818985.tif",
1775.7s 1117 "3691457079.tif",
1775.7s 1118 "3694884789.tif",
1775.7s 1119 "3700757712.tif",
1775.7s 1120 "370627915.tif",
1775.7s 1121 "3707256544.tif",
1775.7s 1122 "3710912607.tif",
1775.7s 1123 "3721853537.tif",
1775.7s 1124 "3732127861.tif",
1775.7s 1125 "3742893488.tif",
1775.7s 1126 "3767466977.tif",
1775.7s 1127 "3769121277.tif",
1775.7s 1128 "3770778897.tif",
1775.7s 1129 "3774596591.tif",
1775.7s 1130 "378779937.tif",
1775.7s 1131 "3788871542.tif",
1775.7s 1132 "3792996653.tif",
1775.7s 1133 "3794425553.tif",
1775.7s 1134 "3794435116.tif",
1775.7s 1135 "3797609646.tif",
1775.7s 1136 "3803006499.tif",
1775.7s 1137 "38034250.tif",
1775.7s 1138 "3808412216.tif",
1775.7s 1139 "3811489418.tif",
1775.7s 1140 "3819086916.tif",
1775.7s 1141 "3820901393.tif",
1775.7s 1142 "3823213091.tif",
1775.7s 1143 "3830755614.tif",
1775.7s 1144 "3834183540.tif",
1775.7s 1145 "3837479943.tif",
1775.7s 1146 "3846096767.tif",
1775.7s 1147 "3853942725.tif",
1775.7s 1148 "3854101708.tif",
1775.7s 1149 "3854983004.tif",
1775.7s 1150 "3866421231.tif",
1775.7s 1151 "3878283235.tif",
1775.7s 1152 "3887603902.tif",
1775.7s 1153 "3897872090.tif",
1775.7s 1154 "3904609999.tif",
1775.7s 1155 "3918162598.tif",
1775.7s 1156 "3919317307.tif",
1775.7s 1157 "3921214992.tif",
1775.7s 1158 "3921562037.tif",
1775.7s 1159 "3922476405.tif",
1775.7s 1160 "3924902780.tif",
1775.7s 1161 "3925240194.tif",
1775.7s 1162 "3929972930.tif",
1775.7s 1163 "3931084502.tif",
1775.7s 1164 "3931902777.tif",
1775.7s 1165 "3939111351.tif",
1775.7s 1166 "3958093739.tif",
1775.7s 1167 "3962971462.tif",
1775.7s 1168 "3963531557.tif",
1775.7s 1169 "3965259126.tif",
1775.7s 1170 "3965555633.tif",
1775.7s 1171 "3968673855.tif",
1775.7s 1172 "3970017952.tif",
1775.7s 1173 "3970776156.tif",
1775.7s 1174 "3977024865.tif",
1775.7s 1175 "3978531923.tif",
1775.7s 1176 "3978718576.tif",
1775.7s 1177 "3982999424.tif",
1775.7s 1178 "398977019.tif",
1775.7s 1179 "399611216.tif",
1775.7s 1180 "4014453466.tif",
1775.7s 1181 "4015222329.tif",
1775.7s 1182 "4020494299.tif",
1775.7s 1183 "4023763904.tif",
1775.7s 1184 "4024699648.tif",
1775.7s 1185 "4024884955.tif",
1775.7s 1186 "4026460947.tif",
1775.7s 1187 "4031467781.tif",
1775.7s 1188 "404970490.tif",
1775.7s 1189 "4055275941.tif",
1775.7s 1190 "40625686.tif",
1775.7s 1191 "4063221641.tif",
1775.7s 1192 "4064202950.tif",
1775.7s 1193 "4065328827.tif",
1775.7s 1194 "4066091069.tif",
1775.7s 1195 "406944815.tif",
1775.7s 1196 "4070071601.tif",
1775.7s 1197 "4081240825.tif",
1775.7s 1198 "4089994719.tif",
1775.7s 1199 "4105398542.tif",
1775.7s 1200 "4107199299.tif",
1775.7s 1201 "4109320911.tif",
1775.7s 1202 "4112966741.tif",
1775.7s 1203 "4113035720.tif",
1775.7s 1204 "4125736882.tif",
1775.7s 1205 "415208576.tif",
1775.7s 1206 "4158695626.tif",
1775.7s 1207 "417091286.tif",
1775.7s 1208 "4174099222.tif",
1775.7s 1209 "4180160757.tif",
1775.7s 1210 "4183432614.tif",
1775.7s 1211 "4184728487.tif",
1775.7s 1212 "4185163701.tif",
1775.7s 1213 "418613908.tif",
1775.7s 1214 "4187712419.tif",
1775.7s 1215 "4192381697.tif",
1775.7s 1216 "4192772397.tif",
1775.7s 1217 "4193724049.tif",
1775.7s 1218 "419698042.tif",
1775.7s 1219 "4205218927.tif",
1775.7s 1220 "4208123944.tif",
1775.7s 1221 "4209891505.tif",
1775.7s 1222 "4213889683.tif",
1775.7s 1223 "4216652155.tif",
1775.7s 1224 "4218389312.tif",
1775.7s 1225 "4221764104.tif",
1775.7s 1226 "4224411365.tif",
1775.7s 1227 "4229347055.tif",
1775.7s 1228 "4233602520.tif",
1775.7s 1229 "4235140888.tif",
1775.7s 1230 "4239546470.tif",
1775.7s 1231 "4244019916.tif",
1775.7s 1232 "4246483381.tif",
1775.7s 1233 "4256996840.tif",
1775.7s 1234 "426871543.tif",
1775.7s 1235 "4273576431.tif",
1775.7s 1236 "4280519539.tif",
1775.7s 1237 "4288082812.tif",
1775.7s 1238 "4293224556.tif",
1775.7s 1239 "435122332.tif",
1775.7s 1240 "436578995.tif",
1775.7s 1241 "446913980.tif",
1775.7s 1242 "44701864.tif",
1775.7s 1243 "453687900.tif",
1775.7s 1244 "45525309.tif",
1775.7s 1245 "456049089.tif",
1775.7s 1246 "46039092.tif",
1775.7s 1247 "464289213.tif",
1775.7s 1248 "469631183.tif",
1775.7s 1249 "469842901.tif",
1775.7s 1250 "469888632.tif",
1775.7s 1251 "477109023.tif",
1775.7s 1252 "48696132.tif",
1775.7s 1253 "489699498.tif",
1775.7s 1254 "489804959.tif",
1775.7s 1255 "500230427.tif",
1775.7s 1256 "501349675.tif",
1775.7s 1257 "508375143.tif",
1775.7s 1258 "508465689.tif",
1775.7s 1259 "513390852.tif",
1775.7s 1260 "516292750.tif",
1775.7s 1261 "521237884.tif",
1775.7s 1262 "529850947.tif",
1775.7s 1263 "530021252.tif",
1775.7s 1264 "53160227.tif",
1775.7s 1265 "535029841.tif",
1775.7s 1266 "535534919.tif",
1775.7s 1267 "537634870.tif",
1775.7s 1268 "537867812.tif",
1775.7s 1269 "541673255.tif",
1775.7s 1270 "544161273.tif",
1775.7s 1271 "547922158.tif",
1775.7s 1272 "549744828.tif",
1775.7s 1273 "555297952.tif",
1775.7s 1274 "567464717.tif",
1775.7s 1275 "568160669.tif",
1775.7s 1276 "571334887.tif",
1775.7s 1277 "572077733.tif",
1775.7s 1278 "583807726.tif",
1775.7s 1279 "584514551.tif",
1775.7s 1280 "595274163.tif",
1775.7s 1281 "599381487.tif",
1775.7s 1282 "601001728.tif",
1775.7s 1283 "601514225.tif",
1775.7s 1284 "60272894.tif",
1775.7s 1285 "602831951.tif",
1775.7s 1286 "608924538.tif",
1775.7s 1287 "62269536.tif",
1775.7s 1288 "628488599.tif",
1775.7s 1289 "633046981.tif",
1775.7s 1290 "63469416.tif",
1775.7s 1291 "636928528.tif",
1775.7s 1292 "638703951.tif",
1775.7s 1293 "643395780.tif",
1775.7s 1294 "648443467.tif",
1775.7s 1295 "656697281.tif",
1775.7s 1296 "657118714.tif",
1775.7s 1297 "663106834.tif",
1775.7s 1298 "677662996.tif",
1775.7s 1299 "687559918.tif",
1775.7s 1300 "690562299.tif",
1775.7s 1301 "693501383.tif",
1775.7s 1302 "694937072.tif",
1775.7s 1303 "698453823.tif",
1775.7s 1304 "702123980.tif",
1775.7s 1305 "702267251.tif",
1775.7s 1306 "70695797.tif",
1775.7s 1307 "708370133.tif",
1775.7s 1308 "711169763.tif",
1775.7s 1309 "711832556.tif",
1775.7s 1310 "714558499.tif",
1775.7s 1311 "715431997.tif",
1775.7s 1312 "716803219.tif",
1775.7s 1313 "719197630.tif",
1775.7s 1314 "722561671.tif",
1775.7s 1315 "724175864.tif",
1775.7s 1316 "725727411.tif",
1775.7s 1317 "730065526.tif",
1775.7s 1318 "744788585.tif",
1775.7s 1319 "746664827.tif",
1775.7s 1320 "762867428.tif",
1775.7s 1321 "765473271.tif",
1775.7s 1322 "772457118.tif",
1775.7s 1323 "776379178.tif",
1775.7s 1324 "777463733.tif",
1775.7s 1325 "785433964.tif",
1775.7s 1326 "787804611.tif",
1775.7s 1327 "79646334.tif",
1775.7s 1328 "797181487.tif",
1775.7s 1329 "803213133.tif",
1775.7s 1330 "805297990.tif",
1775.7s 1331 "810239114.tif",
1775.7s 1332 "817999107.tif",
1775.7s 1333 "821686014.tif",
1775.7s 1334 "826588329.tif",
1775.7s 1335 "840310891.tif",
1775.7s 1336 "850710964.tif",
1775.7s 1337 "850790699.tif",
1775.7s 1338 "865516044.tif",
1775.7s 1339 "86701140.tif",
1775.7s 1340 "867889560.tif",
1775.7s 1341 "871773282.tif",
1775.7s 1342 "872723030.tif",
1775.7s 1343 "881402752.tif",
1775.7s 1344 "885730675.tif",
1775.7s 1345 "8862040.tif",
1775.7s 1346 "890851788.tif",
1775.7s 1347 "896875242.tif",
1775.7s 1348 "90569866.tif",
1775.7s 1349 "916238493.tif",
1775.7s 1350 "917058676.tif",
1775.7s 1351 "918445717.tif",
1775.7s 1352 "925960484.tif",
1775.7s 1353 "928131323.tif",
1775.7s 1354 "933191725.tif",
1775.7s 1355 "944699214.tif",
1775.7s 1356 "948300397.tif",
1775.7s 1357 "956073442.tif",
1775.7s 1358 "961304774.tif",
1775.7s 1359 "969293709.tif",
1775.7s 1360 "975031774.tif",
1775.7s 1361 "985841575.tif",
1775.7s 1362 "992852942.tif"
1775.7s 1363 ],
1775.7s 1364 "test_items": [
1775.7s 1365 "1407735.tif"
1775.7s 1366 ],
1775.7s 1367 "train_threshold": 0.03803769499063492,
1775.7s 1368 "training_strategy": "supervised",
1775.7s 1369 "scoring_mode": {
1775.7s 1370 "use_3d_native_path": true,
1775.7s 1371 "use_25d_path": false,
1775.7s 1372 "score_blend_3d_weight": 0.78
1775.7s 1373 },
1775.7s 1374 "submission_csv": null,
1775.7s 1375 "submission_zip": "/kaggle/working/submission.zip",
1775.7s 1376 "submission_zip_aliases": [
1775.7s 1377 "/kaggle/working/nx46_vesuvius/submission.zip",
1775.7s 1378 "/kaggle/working/submission.zip",
1775.7s 1379 "nx46_vesuvius/submission.zip",
1775.7s 1380 "submission.zip"
1775.7s 1381 ],
1775.7s 1382 "zip_members_validated": true,
1775.7s 1383 "zip_missing": [],
1775.7s 1384 "zip_extra": [],
1775.7s 1385 "competition_rules_validation": {
1775.7s 1386 "status": "ok",
1775.7s 1387 "expected_test_files": 1,
1775.7s 1388 "submission_tif_files": 1,
1775.7s 1389 "missing": [],
1775.7s 1390 "unexpected": []
1775.7s 1391 },
1775.7s 1392 "submission_content_validation": {
1775.7s 1393 "status": "ok",
1775.7s 1394 "issues": []
1775.7s 1395 },
1775.7s 1396 "submission_format_profile": "kaggle_v8_5_style_zip_lzw_3d_uint8_0_1",
1775.7s 1397 "material_head_enabled": true,
1775.7s 1398 "material_outputs_files": 1,
1775.7s 1399 "native_training_manifest": "/kaggle/working/nx46_vesuvius/native_training_manifest.json",
1775.7s 1400 "a2z_audit_manifest_loaded": false,
1775.7s 1401 "a2z_files_scanned": null,
1775.7s 1402 "a2z_lines_scanned": null,
1775.7s 1403 "roadmap_percent": {
1775.7s 1404 "audit_discovery": 100.0,
1775.7s 1405 "train_thresholds": 100.0,
1775.7s 1406 "infer_predictions": 100.0,
1775.7s 1407 "package_submission": 100.0,
1775.7s 1408 "finalize_forensics": 100.0
1775.7s 1409 }
1775.7s 1410 }
1775.7s 1411 READY: /kaggle/working/submission.zip
1778.0s 1412 /usr/local/lib/python3.12/dist-packages/mistune.py:435: SyntaxWarning: invalid escape sequence '\|'
1778.0s 1413 cells[i][c] = re.sub('\\\\\|', '|', cell)
1778.1s 1414 /usr/local/lib/python3.12/dist-packages/nbconvert/filters/filter_links.py:36: SyntaxWarning: invalid escape sequence '\_'
1778.1s 1415 text = re.sub(r'_', '\_', text) # Escape underscores in display text
1778.8s 1416 /usr/local/lib/python3.12/dist-packages/traitlets/traitlets.py:2915: FutureWarning: --Exporter.preprocessors=["remove_papermill_header.RemovePapermillHeader"] for containers is deprecated in traitlets 5.0. You can pass `--Exporter.preprocessors item` ... multiple times to add items to a list.
1778.8s 1417 warn(
1778.8s 1418 [NbConvertApp] Converting notebook __notebook__.ipynb to notebook
1779.2s 1419 [NbConvertApp] Writing 105461 bytes to __notebook__.ipynb
1781.6s 1420 /usr/local/lib/python3.12/dist-packages/traitlets/traitlets.py:2915: FutureWarning: --Exporter.preprocessors=["nbconvert.preprocessors.ExtractOutputPreprocessor"] for containers is deprecated in traitlets 5.0. You can pass `--Exporter.preprocessors item` ... multiple times to add items to a list.
1781.6s 1421 warn(
1781.6s 1422 [NbConvertApp] Converting notebook __notebook__.ipynb to html
1782.5s 1423 [NbConvertApp] Writing 527802 bytes to __results__.html