000001 | START run_id=research_20260307T172619Z_6278 utc=2026-03-07T17:26:19Z
000002 | ISOLATION run_dir_preexisting=NO
000003 | BASELINE latest_classic_run=1772585474_4175
000004 | BASE_RESULT problem=hubbard_hts_core energy=1348150.430490 pairing=0.705841 sign=-0.001307 cpu_peak=0.46 mem_peak=3.51 elapsed_ns=1346941675
000005 | BASE_RESULT problem=qcd_lattice_proxy energy=805448.394365 pairing=0.651125 sign=0.001987 cpu_peak=0.47 mem_peak=3.51 elapsed_ns=1033353539
000006 | BASE_RESULT problem=quantum_field_noneq energy=468862.944865 pairing=0.577139 sign=0.001131 cpu_peak=0.47 mem_peak=3.49 elapsed_ns=976335793
000007 | BASE_RESULT problem=dense_nuclear_proxy energy=833888.536859 pairing=0.772180 sign=-0.000238 cpu_peak=0.47 mem_peak=3.48 elapsed_ns=983991584
000008 | BASE_RESULT problem=quantum_chemistry_proxy energy=398652.985381 pairing=0.813810 sign=0.001688 cpu_peak=0.48 mem_peak=3.46 elapsed_ns=1029657112
000009 | BASE_RESULT problem=spin_liquid_exotic energy=2031524.821190 pairing=0.817577 sign=0.000840 cpu_peak=0.48 mem_peak=3.44 elapsed_ns=1211861879
000010 | BASE_RESULT problem=topological_correlated_materials energy=1487317.465813 pairing=0.764825 sign=-0.002208 cpu_peak=0.49 mem_peak=3.42 elapsed_ns=1189773137
000011 | BASE_RESULT problem=correlated_fermions_non_hubbard energy=1041174.029645 pairing=0.740675 sign=-0.001917 cpu_peak=0.49 mem_peak=3.40 elapsed_ns=1151256725
000012 | BASE_RESULT problem=multi_state_excited_chemistry energy=643003.852371 pairing=0.856757 sign=0.001116 cpu_peak=0.50 mem_peak=3.38 elapsed_ns=1095092607
000013 | BASE_RESULT problem=bosonic_multimode_systems energy=505071.187369 pairing=0.686318 sign=-0.001523 cpu_peak=0.50 mem_peak=3.36 elapsed_ns=1042801578
000014 | BASE_RESULT problem=multiscale_nonlinear_field_models energy=1050215.736978 pairing=0.667800 sign=-0.003207 cpu_peak=0.51 mem_peak=3.36 elapsed_ns=1082143527
000015 | BASE_RESULT problem=far_from_equilibrium_kinetic_lattices energy=967504.035396 pairing=0.619903 sign=0.004899 cpu_peak=0.51 mem_peak=3.36 elapsed_ns=1158039119
000016 | BASE_RESULT problem=multi_correlated_fermion_boson_networks energy=964028.925211 pairing=0.703069 sign=-0.001660 cpu_peak=0.52 mem_peak=3.36 elapsed_ns=1162640534
000017 | TEST exact_2x2 u4=-2.7205662327 u8=-1.5043157123 ordered=yes
000018 | RUSAGE maxrss_kb=3920 user=183.711166 sys=0.039992
000019 | SCORE iso=100 trace=93 repr=100 robust=69 phys=67 expert=58
000020 | END report=/workspace/Lumvorax/src/advanced_calculations/quantum_problem_hubbard_hts/results/research_20260307T172619Z_6278/reports/RAPPORT_RECHERCHE_CYCLE_06_ADVANCED.md
