000001 | START run_id=research_20260307T220548Z_5643 utc=2026-03-07T22:05:48Z
000002 | ISOLATION run_dir_preexisting=NO
000003 | BASELINE latest_classic_run=1772585474_4175
000004 | BASE_RESULT problem=hubbard_hts_core energy=1348150.430490 pairing=0.705841 sign=-0.001307 cpu_peak=15.68 mem_peak=3.47 elapsed_ns=1878635482
000005 | BASE_RESULT problem=qcd_lattice_proxy energy=805448.394365 pairing=0.651125 sign=0.001987 cpu_peak=15.78 mem_peak=3.47 elapsed_ns=1550694355
000006 | BASE_RESULT problem=quantum_field_noneq energy=468862.944865 pairing=0.577139 sign=0.001131 cpu_peak=15.87 mem_peak=3.45 elapsed_ns=1449841144
000007 | BASE_RESULT problem=dense_nuclear_proxy energy=833888.536859 pairing=0.772180 sign=-0.000238 cpu_peak=15.95 mem_peak=3.41 elapsed_ns=1379067407
000008 | BASE_RESULT problem=quantum_chemistry_proxy energy=398652.985381 pairing=0.813810 sign=0.001688 cpu_peak=16.04 mem_peak=3.38 elapsed_ns=1527006425
000009 | BASE_RESULT problem=spin_liquid_exotic energy=2031524.821190 pairing=0.817577 sign=0.000840 cpu_peak=16.14 mem_peak=3.36 elapsed_ns=1782357081
000010 | BASE_RESULT problem=topological_correlated_materials energy=1487317.465813 pairing=0.764825 sign=-0.002208 cpu_peak=16.24 mem_peak=3.35 elapsed_ns=1681672162
000011 | BASE_RESULT problem=correlated_fermions_non_hubbard energy=1041174.029645 pairing=0.740675 sign=-0.001917 cpu_peak=16.33 mem_peak=3.34 elapsed_ns=1650362314
000012 | BASE_RESULT problem=multi_state_excited_chemistry energy=643003.852371 pairing=0.856757 sign=0.001116 cpu_peak=16.42 mem_peak=3.32 elapsed_ns=1536583109
000013 | BASE_RESULT problem=bosonic_multimode_systems energy=505071.187369 pairing=0.686318 sign=-0.001523 cpu_peak=16.50 mem_peak=3.32 elapsed_ns=1456777990
000014 | BASE_RESULT problem=multiscale_nonlinear_field_models energy=1050215.736978 pairing=0.667800 sign=-0.003207 cpu_peak=16.59 mem_peak=3.32 elapsed_ns=1537702067
000015 | BASE_RESULT problem=far_from_equilibrium_kinetic_lattices energy=967504.035396 pairing=0.619903 sign=0.004899 cpu_peak=16.67 mem_peak=3.32 elapsed_ns=1622626855
000016 | BASE_RESULT problem=multi_correlated_fermion_boson_networks energy=964028.925211 pairing=0.703069 sign=-0.001660 cpu_peak=16.76 mem_peak=3.32 elapsed_ns=1557157006
000017 | TEST exact_2x2 u4=-2.7205662327 u8=-1.5043157123 ordered=yes
000018 | RUSAGE maxrss_kb=3760 user=271.556632 sys=0.044002
000019 | SCORE iso=100 trace=93 repr=100 robust=69 phys=67 expert=58
000020 | END report=/workspace/Lumvorax/src/advanced_calculations/quantum_problem_hubbard_hts/results/research_20260307T220548Z_5643/reports/RAPPORT_RECHERCHE_CYCLE_06_ADVANCED.md
