9.7s 1 0.00s - Debugger warning: It seems that frozen modules are being used, which may
9.7s 2 0.00s - make the debugger miss breakpoints. Please pass -Xfrozen_modules=off
9.7s 3 0.00s - to python to disable frozen modules.
9.7s 4 0.00s - Note: Debugging will proceed. Set PYDEVD_DISABLE_FILE_VALIDATION=1 to disable this validation.
10.6s 5 0.00s - Debugger warning: It seems that frozen modules are being used, which may
10.6s 6 0.00s - make the debugger miss breakpoints. Please pass -Xfrozen_modules=off
10.6s 7 0.00s - to python to disable frozen modules.
10.6s 8 0.00s - Note: Debugging will proceed. Set PYDEVD_DISABLE_FILE_VALIDATION=1 to disable this validation.
14.7s 9 Processing /kaggle/input/datasets/ndarray2000/nx47-dependencies/imagecodecs-2026.1.14-cp311-abi3-manylinux_2_27_x86_64.manylinux_2_28_x86_64.whl
14.9s 10 Processing /kaggle/input/datasets/ndarray2000/nx47-dependencies/imagecodecs-2026.1.14-cp311-abi3-manylinux_2_27_x86_64.manylinux_2_28_x86_64.whl
15.1s 11 Requirement already satisfied: numpy in /usr/local/lib/python3.12/dist-packages (from imagecodecs==2026.1.14) (2.0.2)
15.3s 12 Requirement already satisfied: numpy in /usr/local/lib/python3.12/dist-packages (from imagecodecs==2026.1.14) (2.0.2)
17.5s 13 Installing collected packages: imagecodecs
17.7s 14 Installing collected packages: imagecodecs
18.3s 15 Successfully installed imagecodecs-2026.1.14
18.5s 16 Successfully installed imagecodecs-2026.1.14
19.7s 17 Processing /kaggle/input/datasets/ndarray2000/nx47-dependencies/tifffile-2026.1.28-py3-none-any.whl
19.7s 18 Requirement already satisfied: numpy in /usr/local/lib/python3.12/dist-packages (from tifffile==2026.1.28) (2.0.2)
19.9s 19 Processing /kaggle/input/datasets/ndarray2000/nx47-dependencies/tifffile-2026.1.28-py3-none-any.whl
19.9s 20 Requirement already satisfied: numpy in /usr/local/lib/python3.12/dist-packages (from tifffile==2026.1.28) (2.0.2)
22.2s 21 Installing collected packages: tifffile
22.2s 22 Attempting uninstall: tifffile
22.4s 23 Installing collected packages: tifffile
22.4s 24 Attempting uninstall: tifffile
22.6s 25 Found existing installation: tifffile 2025.10.16
22.6s 26 Uninstalling tifffile-2025.10.16:
22.7s 27 Successfully uninstalled tifffile-2025.10.16
22.8s 28 Found existing installation: tifffile 2025.10.16
22.8s 29 Uninstalling tifffile-2025.10.16:
22.8s 30 Successfully uninstalled tifffile-2025.10.16
23.0s 31 Successfully installed tifffile-2026.1.28
23.2s 32 Successfully installed tifffile-2026.1.28
26.1s 33 [ROADMAP] audit_discovery: 100.0%
26.1s 34 [ROADMAP] train_thresholds: 0.2%
28.0s 35 [ROADMAP] train_thresholds: 0.4%
29.7s 36 [ROADMAP] train_thresholds: 0.6%
31.6s 37 [ROADMAP] train_thresholds: 0.8%
33.3s 38 [ROADMAP] train_thresholds: 1.0%
35.0s 39 [ROADMAP] train_thresholds: 1.2%
36.8s 40 [ROADMAP] train_thresholds: 1.4%
38.5s 41 [ROADMAP] train_thresholds: 1.6%
40.3s 42 [ROADMAP] train_thresholds: 1.8%
41.9s 43 [ROADMAP] train_thresholds: 2.0%
43.6s 44 [ROADMAP] train_thresholds: 2.1%
45.4s 45 [ROADMAP] train_thresholds: 2.3%
47.0s 46 [ROADMAP] train_thresholds: 2.5%
48.8s 47 [ROADMAP] train_thresholds: 2.7%
50.6s 48 [ROADMAP] train_thresholds: 2.9%
52.4s 49 [ROADMAP] train_thresholds: 3.1%
54.0s 50 [ROADMAP] train_thresholds: 3.3%
55.7s 51 [ROADMAP] train_thresholds: 3.5%
57.3s 52 [ROADMAP] train_thresholds: 3.7%
59.1s 53 [ROADMAP] train_thresholds: 3.9%
60.9s 54 [ROADMAP] train_thresholds: 4.1%
62.7s 55 [ROADMAP] train_thresholds: 4.3%
64.4s 56 [ROADMAP] train_thresholds: 4.5%
66.2s 57 [ROADMAP] train_thresholds: 4.7%
67.1s 58 [ROADMAP] train_thresholds: 4.9%
68.8s 59 [ROADMAP] train_thresholds: 5.1%
70.5s 60 [ROADMAP] train_thresholds: 5.3%
72.3s 61 [ROADMAP] train_thresholds: 5.5%
74.0s 62 [ROADMAP] train_thresholds: 5.7%
75.8s 63 [ROADMAP] train_thresholds: 5.9%
77.7s 64 [ROADMAP] train_thresholds: 6.1%
79.4s 65 [ROADMAP] train_thresholds: 6.2%
81.2s 66 [ROADMAP] train_thresholds: 6.4%
83.0s 67 [ROADMAP] train_thresholds: 6.6%
84.6s 68 [ROADMAP] train_thresholds: 6.8%
86.4s 69 [ROADMAP] train_thresholds: 7.0%
88.2s 70 [ROADMAP] train_thresholds: 7.2%
89.9s 71 [ROADMAP] train_thresholds: 7.4%
91.5s 72 [ROADMAP] train_thresholds: 7.6%
93.2s 73 [ROADMAP] train_thresholds: 7.8%
94.9s 74 [ROADMAP] train_thresholds: 8.0%
96.7s 75 [ROADMAP] train_thresholds: 8.2%
98.4s 76 [ROADMAP] train_thresholds: 8.4%
100.0s 77 [ROADMAP] train_thresholds: 8.6%
101.8s 78 [ROADMAP] train_thresholds: 8.8%
103.6s 79 [ROADMAP] train_thresholds: 9.0%
105.3s 80 [ROADMAP] train_thresholds: 9.2%
107.1s 81 [ROADMAP] train_thresholds: 9.4%
108.7s 82 [ROADMAP] train_thresholds: 9.6%
110.5s 83 [ROADMAP] train_thresholds: 9.8%
112.2s 84 [ROADMAP] train_thresholds: 10.0%
113.9s 85 [ROADMAP] train_thresholds: 10.2%
115.5s 86 [ROADMAP] train_thresholds: 10.4%
117.2s 87 [ROADMAP] train_thresholds: 10.5%
118.8s 88 [ROADMAP] train_thresholds: 10.7%
120.4s 89 [ROADMAP] train_thresholds: 10.9%
122.0s 90 [ROADMAP] train_thresholds: 11.1%
123.7s 91 [ROADMAP] train_thresholds: 11.3%
125.4s 92 [ROADMAP] train_thresholds: 11.5%
127.2s 93 [ROADMAP] train_thresholds: 11.7%
129.0s 94 [ROADMAP] train_thresholds: 11.9%
130.7s 95 [ROADMAP] train_thresholds: 12.1%
132.4s 96 [ROADMAP] train_thresholds: 12.3%
134.1s 97 [ROADMAP] train_thresholds: 12.5%
135.8s 98 [ROADMAP] train_thresholds: 12.7%
137.4s 99 [ROADMAP] train_thresholds: 12.9%
139.1s 100 [ROADMAP] train_thresholds: 13.1%
140.7s 101 [ROADMAP] train_thresholds: 13.3%
142.4s 102 [ROADMAP] train_thresholds: 13.5%
144.2s 103 [ROADMAP] train_thresholds: 13.7%
145.1s 104 [ROADMAP] train_thresholds: 13.9%
146.8s 105 [ROADMAP] train_thresholds: 14.1%
148.6s 106 [ROADMAP] train_thresholds: 14.3%
150.4s 107 [ROADMAP] train_thresholds: 14.5%
152.0s 108 [ROADMAP] train_thresholds: 14.6%
153.7s 109 [ROADMAP] train_thresholds: 14.8%
155.3s 110 [ROADMAP] train_thresholds: 15.0%
156.9s 111 [ROADMAP] train_thresholds: 15.2%
158.7s 112 [ROADMAP] train_thresholds: 15.4%
160.4s 113 [ROADMAP] train_thresholds: 15.6%
162.1s 114 [ROADMAP] train_thresholds: 15.8%
163.9s 115 [ROADMAP] train_thresholds: 16.0%
165.7s 116 [ROADMAP] train_thresholds: 16.2%
167.5s 117 [ROADMAP] train_thresholds: 16.4%
169.2s 118 [ROADMAP] train_thresholds: 16.6%
171.0s 119 [ROADMAP] train_thresholds: 16.8%
172.6s 120 [ROADMAP] train_thresholds: 17.0%
174.3s 121 [ROADMAP] train_thresholds: 17.2%
175.1s 122 [ROADMAP] train_thresholds: 17.4%
176.9s 123 [ROADMAP] train_thresholds: 17.6%
178.5s 124 [ROADMAP] train_thresholds: 17.8%
180.1s 125 [ROADMAP] train_thresholds: 18.0%
181.8s 126 [ROADMAP] train_thresholds: 18.2%
183.5s 127 [ROADMAP] train_thresholds: 18.4%
185.2s 128 [ROADMAP] train_thresholds: 18.6%
186.8s 129 [ROADMAP] train_thresholds: 18.8%
188.6s 130 [ROADMAP] train_thresholds: 18.9%
190.3s 131 [ROADMAP] train_thresholds: 19.1%
192.0s 132 [ROADMAP] train_thresholds: 19.3%
193.7s 133 [ROADMAP] train_thresholds: 19.5%
195.4s 134 [ROADMAP] train_thresholds: 19.7%
197.2s 135 [ROADMAP] train_thresholds: 19.9%
198.8s 136 [ROADMAP] train_thresholds: 20.1%
200.6s 137 [ROADMAP] train_thresholds: 20.3%
202.3s 138 [ROADMAP] train_thresholds: 20.5%
204.0s 139 [ROADMAP] train_thresholds: 20.7%
205.7s 140 [ROADMAP] train_thresholds: 20.9%
206.6s 141 [ROADMAP] train_thresholds: 21.1%
208.3s 142 [ROADMAP] train_thresholds: 21.3%
209.9s 143 [ROADMAP] train_thresholds: 21.5%
211.6s 144 [ROADMAP] train_thresholds: 21.7%
213.2s 145 [ROADMAP] train_thresholds: 21.9%
214.9s 146 [ROADMAP] train_thresholds: 22.1%
216.6s 147 [ROADMAP] train_thresholds: 22.3%
218.2s 148 [ROADMAP] train_thresholds: 22.5%
220.0s 149 [ROADMAP] train_thresholds: 22.7%
221.8s 150 [ROADMAP] train_thresholds: 22.9%
223.5s 151 [ROADMAP] train_thresholds: 23.0%
225.3s 152 [ROADMAP] train_thresholds: 23.2%
227.0s 153 [ROADMAP] train_thresholds: 23.4%
228.7s 154 [ROADMAP] train_thresholds: 23.6%
230.4s 155 [ROADMAP] train_thresholds: 23.8%
232.1s 156 [ROADMAP] train_thresholds: 24.0%
233.8s 157 [ROADMAP] train_thresholds: 24.2%
235.5s 158 [ROADMAP] train_thresholds: 24.4%
237.1s 159 [ROADMAP] train_thresholds: 24.6%
238.8s 160 [ROADMAP] train_thresholds: 24.8%
240.5s 161 [ROADMAP] train_thresholds: 25.0%
242.3s 162 [ROADMAP] train_thresholds: 25.2%
244.1s 163 [ROADMAP] train_thresholds: 25.4%
245.7s 164 [ROADMAP] train_thresholds: 25.6%
247.3s 165 [ROADMAP] train_thresholds: 25.8%
249.0s 166 [ROADMAP] train_thresholds: 26.0%
250.8s 167 [ROADMAP] train_thresholds: 26.2%
252.4s 168 [ROADMAP] train_thresholds: 26.4%
254.1s 169 [ROADMAP] train_thresholds: 26.6%
255.8s 170 [ROADMAP] train_thresholds: 26.8%
257.5s 171 [ROADMAP] train_thresholds: 27.0%
258.4s 172 [ROADMAP] train_thresholds: 27.1%
259.9s 173 [ROADMAP] train_thresholds: 27.3%
261.7s 174 [ROADMAP] train_thresholds: 27.5%
263.4s 175 [ROADMAP] train_thresholds: 27.7%
265.1s 176 [ROADMAP] train_thresholds: 27.9%
266.9s 177 [ROADMAP] train_thresholds: 28.1%
268.5s 178 [ROADMAP] train_thresholds: 28.3%
270.0s 179 [ROADMAP] train_thresholds: 28.5%
271.6s 180 [ROADMAP] train_thresholds: 28.7%
273.4s 181 [ROADMAP] train_thresholds: 28.9%
275.1s 182 [ROADMAP] train_thresholds: 29.1%
276.9s 183 [ROADMAP] train_thresholds: 29.3%
278.6s 184 [ROADMAP] train_thresholds: 29.5%
280.3s 185 [ROADMAP] train_thresholds: 29.7%
282.0s 186 [ROADMAP] train_thresholds: 29.9%
283.8s 187 [ROADMAP] train_thresholds: 30.1%
285.4s 188 [ROADMAP] train_thresholds: 30.3%
287.0s 189 [ROADMAP] train_thresholds: 30.5%
288.8s 190 [ROADMAP] train_thresholds: 30.7%
290.5s 191 [ROADMAP] train_thresholds: 30.9%
292.2s 192 [ROADMAP] train_thresholds: 31.1%
294.0s 193 [ROADMAP] train_thresholds: 31.2%
295.6s 194 [ROADMAP] train_thresholds: 31.4%
297.2s 195 [ROADMAP] train_thresholds: 31.6%
298.9s 196 [ROADMAP] train_thresholds: 31.8%
299.9s 197 [ROADMAP] train_thresholds: 32.0%
301.6s 198 [ROADMAP] train_thresholds: 32.2%
303.5s 199 [ROADMAP] train_thresholds: 32.4%
305.2s 200 [ROADMAP] train_thresholds: 32.6%
306.9s 201 [ROADMAP] train_thresholds: 32.8%
308.7s 202 [ROADMAP] train_thresholds: 33.0%
310.3s 203 [ROADMAP] train_thresholds: 33.2%
312.1s 204 [ROADMAP] train_thresholds: 33.4%
313.9s 205 [ROADMAP] train_thresholds: 33.6%
315.6s 206 [ROADMAP] train_thresholds: 33.8%
317.2s 207 [ROADMAP] train_thresholds: 34.0%
318.8s 208 [ROADMAP] train_thresholds: 34.2%
320.4s 209 [ROADMAP] train_thresholds: 34.4%
322.0s 210 [ROADMAP] train_thresholds: 34.6%
323.8s 211 [ROADMAP] train_thresholds: 34.8%
325.4s 212 [ROADMAP] train_thresholds: 35.0%
327.2s 213 [ROADMAP] train_thresholds: 35.2%
328.2s 214 [ROADMAP] train_thresholds: 35.4%
329.9s 215 [ROADMAP] train_thresholds: 35.5%
331.6s 216 [ROADMAP] train_thresholds: 35.7%
333.4s 217 [ROADMAP] train_thresholds: 35.9%
335.1s 218 [ROADMAP] train_thresholds: 36.1%
336.7s 219 [ROADMAP] train_thresholds: 36.3%
338.3s 220 [ROADMAP] train_thresholds: 36.5%
340.0s 221 [ROADMAP] train_thresholds: 36.7%
341.7s 222 [ROADMAP] train_thresholds: 36.9%
343.3s 223 [ROADMAP] train_thresholds: 37.1%
345.1s 224 [ROADMAP] train_thresholds: 37.3%
346.9s 225 [ROADMAP] train_thresholds: 37.5%
348.6s 226 [ROADMAP] train_thresholds: 37.7%
350.4s 227 [ROADMAP] train_thresholds: 37.9%
352.2s 228 [ROADMAP] train_thresholds: 38.1%
353.9s 229 [ROADMAP] train_thresholds: 38.3%
355.6s 230 [ROADMAP] train_thresholds: 38.5%
357.3s 231 [ROADMAP] train_thresholds: 38.7%
359.1s 232 [ROADMAP] train_thresholds: 38.9%
360.9s 233 [ROADMAP] train_thresholds: 39.1%
362.7s 234 [ROADMAP] train_thresholds: 39.3%
364.3s 235 [ROADMAP] train_thresholds: 39.5%
366.1s 236 [ROADMAP] train_thresholds: 39.6%
367.7s 237 [ROADMAP] train_thresholds: 39.8%
369.3s 238 [ROADMAP] train_thresholds: 40.0%
371.1s 239 [ROADMAP] train_thresholds: 40.2%
372.8s 240 [ROADMAP] train_thresholds: 40.4%
374.6s 241 [ROADMAP] train_thresholds: 40.6%
376.3s 242 [ROADMAP] train_thresholds: 40.8%
377.9s 243 [ROADMAP] train_thresholds: 41.0%
379.5s 244 [ROADMAP] train_thresholds: 41.2%
381.2s 245 [ROADMAP] train_thresholds: 41.4%
383.0s 246 [ROADMAP] train_thresholds: 41.6%
384.7s 247 [ROADMAP] train_thresholds: 41.8%
386.5s 248 [ROADMAP] train_thresholds: 42.0%
388.1s 249 [ROADMAP] train_thresholds: 42.2%
389.9s 250 [ROADMAP] train_thresholds: 42.4%
391.6s 251 [ROADMAP] train_thresholds: 42.6%
393.3s 252 [ROADMAP] train_thresholds: 42.8%
395.2s 253 [ROADMAP] train_thresholds: 43.0%
396.8s 254 [ROADMAP] train_thresholds: 43.2%
398.6s 255 [ROADMAP] train_thresholds: 43.4%
400.2s 256 [ROADMAP] train_thresholds: 43.6%
401.1s 257 [ROADMAP] train_thresholds: 43.8%
402.8s 258 [ROADMAP] train_thresholds: 43.9%
404.6s 259 [ROADMAP] train_thresholds: 44.1%
406.1s 260 [ROADMAP] train_thresholds: 44.3%
407.9s 261 [ROADMAP] train_thresholds: 44.5%
409.6s 262 [ROADMAP] train_thresholds: 44.7%
411.3s 263 [ROADMAP] train_thresholds: 44.9%
413.1s 264 [ROADMAP] train_thresholds: 45.1%
414.8s 265 [ROADMAP] train_thresholds: 45.3%
416.5s 266 [ROADMAP] train_thresholds: 45.5%
418.3s 267 [ROADMAP] train_thresholds: 45.7%
420.0s 268 [ROADMAP] train_thresholds: 45.9%
421.5s 269 [ROADMAP] train_thresholds: 46.1%
423.3s 270 [ROADMAP] train_thresholds: 46.3%
425.3s 271 [ROADMAP] train_thresholds: 46.5%
427.2s 272 [ROADMAP] train_thresholds: 46.7%
429.0s 273 [ROADMAP] train_thresholds: 46.9%
431.0s 274 [ROADMAP] train_thresholds: 47.1%
433.0s 275 [ROADMAP] train_thresholds: 47.3%
435.1s 276 [ROADMAP] train_thresholds: 47.5%
437.2s 277 [ROADMAP] train_thresholds: 47.7%
439.1s 278 [ROADMAP] train_thresholds: 47.9%
445.7s 279 [ROADMAP] train_thresholds: 48.0%
447.8s 280 [ROADMAP] train_thresholds: 48.2%
449.0s 281 [ROADMAP] train_thresholds: 48.4%
450.9s 282 [ROADMAP] train_thresholds: 48.6%
452.5s 283 [ROADMAP] train_thresholds: 48.8%
454.3s 284 [ROADMAP] train_thresholds: 49.0%
456.1s 285 [ROADMAP] train_thresholds: 49.2%
457.9s 286 [ROADMAP] train_thresholds: 49.4%
459.6s 287 [ROADMAP] train_thresholds: 49.6%
461.5s 288 [ROADMAP] train_thresholds: 49.8%
463.3s 289 [ROADMAP] train_thresholds: 50.0%
464.9s 290 [ROADMAP] train_thresholds: 50.2%
466.6s 291 [ROADMAP] train_thresholds: 50.4%
468.3s 292 [ROADMAP] train_thresholds: 50.6%
470.0s 293 [ROADMAP] train_thresholds: 50.8%
471.7s 294 [ROADMAP] train_thresholds: 51.0%
473.4s 295 [ROADMAP] train_thresholds: 51.2%
475.1s 296 [ROADMAP] train_thresholds: 51.4%
476.8s 297 [ROADMAP] train_thresholds: 51.6%
478.5s 298 [ROADMAP] train_thresholds: 51.8%
480.3s 299 [ROADMAP] train_thresholds: 52.0%
482.1s 300 [ROADMAP] train_thresholds: 52.1%
483.9s 301 [ROADMAP] train_thresholds: 52.3%
485.6s 302 [ROADMAP] train_thresholds: 52.5%
487.4s 303 [ROADMAP] train_thresholds: 52.7%
489.1s 304 [ROADMAP] train_thresholds: 52.9%
490.8s 305 [ROADMAP] train_thresholds: 53.1%
492.5s 306 [ROADMAP] train_thresholds: 53.3%
494.3s 307 [ROADMAP] train_thresholds: 53.5%
496.0s 308 [ROADMAP] train_thresholds: 53.7%
497.6s 309 [ROADMAP] train_thresholds: 53.9%
499.2s 310 [ROADMAP] train_thresholds: 54.1%
501.0s 311 [ROADMAP] train_thresholds: 54.3%
502.7s 312 [ROADMAP] train_thresholds: 54.5%
504.4s 313 [ROADMAP] train_thresholds: 54.7%
506.1s 314 [ROADMAP] train_thresholds: 54.9%
507.8s 315 [ROADMAP] train_thresholds: 55.1%
509.5s 316 [ROADMAP] train_thresholds: 55.3%
511.3s 317 [ROADMAP] train_thresholds: 55.5%
513.0s 318 [ROADMAP] train_thresholds: 55.7%
514.7s 319 [ROADMAP] train_thresholds: 55.9%
516.5s 320 [ROADMAP] train_thresholds: 56.1%
518.3s 321 [ROADMAP] train_thresholds: 56.2%
520.0s 322 [ROADMAP] train_thresholds: 56.4%
521.6s 323 [ROADMAP] train_thresholds: 56.6%
523.3s 324 [ROADMAP] train_thresholds: 56.8%
525.0s 325 [ROADMAP] train_thresholds: 57.0%
526.7s 326 [ROADMAP] train_thresholds: 57.2%
528.4s 327 [ROADMAP] train_thresholds: 57.4%
530.1s 328 [ROADMAP] train_thresholds: 57.6%
531.9s 329 [ROADMAP] train_thresholds: 57.8%
533.5s 330 [ROADMAP] train_thresholds: 58.0%
534.4s 331 [ROADMAP] train_thresholds: 58.2%
535.9s 332 [ROADMAP] train_thresholds: 58.4%
537.6s 333 [ROADMAP] train_thresholds: 58.6%
539.4s 334 [ROADMAP] train_thresholds: 58.8%
541.1s 335 [ROADMAP] train_thresholds: 59.0%
542.7s 336 [ROADMAP] train_thresholds: 59.2%
544.4s 337 [ROADMAP] train_thresholds: 59.4%
546.1s 338 [ROADMAP] train_thresholds: 59.6%
548.0s 339 [ROADMAP] train_thresholds: 59.8%
549.7s 340 [ROADMAP] train_thresholds: 60.0%
550.5s 341 [ROADMAP] train_thresholds: 60.2%
552.1s 342 [ROADMAP] train_thresholds: 60.4%
553.9s 343 [ROADMAP] train_thresholds: 60.5%
555.8s 344 [ROADMAP] train_thresholds: 60.7%
557.5s 345 [ROADMAP] train_thresholds: 60.9%
559.1s 346 [ROADMAP] train_thresholds: 61.1%
559.9s 347 [ROADMAP] train_thresholds: 61.3%
561.6s 348 [ROADMAP] train_thresholds: 61.5%
563.5s 349 [ROADMAP] train_thresholds: 61.7%
565.1s 350 [ROADMAP] train_thresholds: 61.9%
566.9s 351 [ROADMAP] train_thresholds: 62.1%
568.6s 352 [ROADMAP] train_thresholds: 62.3%
570.4s 353 [ROADMAP] train_thresholds: 62.5%
572.1s 354 [ROADMAP] train_thresholds: 62.7%
573.8s 355 [ROADMAP] train_thresholds: 62.9%
575.6s 356 [ROADMAP] train_thresholds: 63.1%
577.4s 357 [ROADMAP] train_thresholds: 63.3%
579.1s 358 [ROADMAP] train_thresholds: 63.5%
580.9s 359 [ROADMAP] train_thresholds: 63.7%
582.5s 360 [ROADMAP] train_thresholds: 63.9%
583.3s 361 [ROADMAP] train_thresholds: 64.1%
585.0s 362 [ROADMAP] train_thresholds: 64.3%
586.8s 363 [ROADMAP] train_thresholds: 64.5%
588.6s 364 [ROADMAP] train_thresholds: 64.6%
590.6s 365 [ROADMAP] train_thresholds: 64.8%
592.3s 366 [ROADMAP] train_thresholds: 65.0%
594.1s 367 [ROADMAP] train_thresholds: 65.2%
595.8s 368 [ROADMAP] train_thresholds: 65.4%
597.3s 369 [ROADMAP] train_thresholds: 65.6%
599.1s 370 [ROADMAP] train_thresholds: 65.8%
600.9s 371 [ROADMAP] train_thresholds: 66.0%
602.5s 372 [ROADMAP] train_thresholds: 66.2%
603.5s 373 [ROADMAP] train_thresholds: 66.4%
605.1s 374 [ROADMAP] train_thresholds: 66.6%
606.9s 375 [ROADMAP] train_thresholds: 66.8%
608.6s 376 [ROADMAP] train_thresholds: 67.0%
610.4s 377 [ROADMAP] train_thresholds: 67.2%
612.2s 378 [ROADMAP] train_thresholds: 67.4%
613.9s 379 [ROADMAP] train_thresholds: 67.6%
614.8s 380 [ROADMAP] train_thresholds: 67.8%
615.8s 381 [ROADMAP] train_thresholds: 68.0%
617.6s 382 [ROADMAP] train_thresholds: 68.2%
619.5s 383 [ROADMAP] train_thresholds: 68.4%
621.3s 384 [ROADMAP] train_thresholds: 68.6%
622.9s 385 [ROADMAP] train_thresholds: 68.8%
624.7s 386 [ROADMAP] train_thresholds: 68.9%
626.3s 387 [ROADMAP] train_thresholds: 69.1%
628.0s 388 [ROADMAP] train_thresholds: 69.3%
629.7s 389 [ROADMAP] train_thresholds: 69.5%
631.4s 390 [ROADMAP] train_thresholds: 69.7%
633.0s 391 [ROADMAP] train_thresholds: 69.9%
634.7s 392 [ROADMAP] train_thresholds: 70.1%
636.3s 393 [ROADMAP] train_thresholds: 70.3%
638.0s 394 [ROADMAP] train_thresholds: 70.5%
639.6s 395 [ROADMAP] train_thresholds: 70.7%
641.4s 396 [ROADMAP] train_thresholds: 70.9%
643.2s 397 [ROADMAP] train_thresholds: 71.1%
644.8s 398 [ROADMAP] train_thresholds: 71.3%
646.5s 399 [ROADMAP] train_thresholds: 71.5%
648.1s 400 [ROADMAP] train_thresholds: 71.7%
649.7s 401 [ROADMAP] train_thresholds: 71.9%
651.2s 402 [ROADMAP] train_thresholds: 72.1%
653.0s 403 [ROADMAP] train_thresholds: 72.3%
654.6s 404 [ROADMAP] train_thresholds: 72.5%
655.4s 405 [ROADMAP] train_thresholds: 72.7%
657.1s 406 [ROADMAP] train_thresholds: 72.9%
658.8s 407 [ROADMAP] train_thresholds: 73.0%
661.6s 408 [ROADMAP] train_thresholds: 73.2%
663.5s 409 [ROADMAP] train_thresholds: 73.4%
665.3s 410 [ROADMAP] train_thresholds: 73.6%
667.0s 411 [ROADMAP] train_thresholds: 73.8%
668.6s 412 [ROADMAP] train_thresholds: 74.0%
670.4s 413 [ROADMAP] train_thresholds: 74.2%
672.2s 414 [ROADMAP] train_thresholds: 74.4%
673.9s 415 [ROADMAP] train_thresholds: 74.6%
675.5s 416 [ROADMAP] train_thresholds: 74.8%
677.2s 417 [ROADMAP] train_thresholds: 75.0%
678.9s 418 [ROADMAP] train_thresholds: 75.2%
680.6s 419 [ROADMAP] train_thresholds: 75.4%
681.5s 420 [ROADMAP] train_thresholds: 75.6%
683.2s 421 [ROADMAP] train_thresholds: 75.8%
684.2s 422 [ROADMAP] train_thresholds: 76.0%
686.0s 423 [ROADMAP] train_thresholds: 76.2%
687.8s 424 [ROADMAP] train_thresholds: 76.4%
689.5s 425 [ROADMAP] train_thresholds: 76.6%
691.3s 426 [ROADMAP] train_thresholds: 76.8%
693.0s 427 [ROADMAP] train_thresholds: 77.0%
694.8s 428 [ROADMAP] train_thresholds: 77.1%
696.6s 429 [ROADMAP] train_thresholds: 77.3%
698.3s 430 [ROADMAP] train_thresholds: 77.5%
700.1s 431 [ROADMAP] train_thresholds: 77.7%
702.0s 432 [ROADMAP] train_thresholds: 77.9%
703.7s 433 [ROADMAP] train_thresholds: 78.1%
705.4s 434 [ROADMAP] train_thresholds: 78.3%
707.3s 435 [ROADMAP] train_thresholds: 78.5%
709.1s 436 [ROADMAP] train_thresholds: 78.7%
710.8s 437 [ROADMAP] train_thresholds: 78.9%
712.6s 438 [ROADMAP] train_thresholds: 79.1%
714.4s 439 [ROADMAP] train_thresholds: 79.3%
715.4s 440 [ROADMAP] train_thresholds: 79.5%
717.2s 441 [ROADMAP] train_thresholds: 79.7%
718.8s 442 [ROADMAP] train_thresholds: 79.9%
720.5s 443 [ROADMAP] train_thresholds: 80.1%
722.3s 444 [ROADMAP] train_thresholds: 80.3%
724.1s 445 [ROADMAP] train_thresholds: 80.5%
725.9s 446 [ROADMAP] train_thresholds: 80.7%
727.7s 447 [ROADMAP] train_thresholds: 80.9%
729.4s 448 [ROADMAP] train_thresholds: 81.1%
731.2s 449 [ROADMAP] train_thresholds: 81.2%
731.9s 450 [ROADMAP] train_thresholds: 81.4%
733.7s 451 [ROADMAP] train_thresholds: 81.6%
735.3s 452 [ROADMAP] train_thresholds: 81.8%
736.2s 453 [ROADMAP] train_thresholds: 82.0%
737.9s 454 [ROADMAP] train_thresholds: 82.2%
739.6s 455 [ROADMAP] train_thresholds: 82.4%
741.4s 456 [ROADMAP] train_thresholds: 82.6%
743.2s 457 [ROADMAP] train_thresholds: 82.8%
744.9s 458 [ROADMAP] train_thresholds: 83.0%
746.6s 459 [ROADMAP] train_thresholds: 83.2%
748.2s 460 [ROADMAP] train_thresholds: 83.4%
749.9s 461 [ROADMAP] train_thresholds: 83.6%
751.6s 462 [ROADMAP] train_thresholds: 83.8%
753.2s 463 [ROADMAP] train_thresholds: 84.0%
754.9s 464 [ROADMAP] train_thresholds: 84.2%
756.6s 465 [ROADMAP] train_thresholds: 84.4%
757.5s 466 [ROADMAP] train_thresholds: 84.6%
759.3s 467 [ROADMAP] train_thresholds: 84.8%
760.9s 468 [ROADMAP] train_thresholds: 85.0%
762.6s 469 [ROADMAP] train_thresholds: 85.2%
764.4s 470 [ROADMAP] train_thresholds: 85.4%
766.1s 471 [ROADMAP] train_thresholds: 85.5%
767.9s 472 [ROADMAP] train_thresholds: 85.7%
769.7s 473 [ROADMAP] train_thresholds: 85.9%
771.5s 474 [ROADMAP] train_thresholds: 86.1%
773.3s 475 [ROADMAP] train_thresholds: 86.3%
774.2s 476 [ROADMAP] train_thresholds: 86.5%
776.0s 477 [ROADMAP] train_thresholds: 86.7%
777.7s 478 [ROADMAP] train_thresholds: 86.9%
779.5s 479 [ROADMAP] train_thresholds: 87.1%
781.1s 480 [ROADMAP] train_thresholds: 87.3%
782.1s 481 [ROADMAP] train_thresholds: 87.5%
783.1s 482 [ROADMAP] train_thresholds: 87.7%
784.8s 483 [ROADMAP] train_thresholds: 87.9%
786.5s 484 [ROADMAP] train_thresholds: 88.1%
788.3s 485 [ROADMAP] train_thresholds: 88.3%
789.9s 486 [ROADMAP] train_thresholds: 88.5%
791.5s 487 [ROADMAP] train_thresholds: 88.7%
793.2s 488 [ROADMAP] train_thresholds: 88.9%
795.0s 489 [ROADMAP] train_thresholds: 89.1%
796.8s 490 [ROADMAP] train_thresholds: 89.3%
798.4s 491 [ROADMAP] train_thresholds: 89.5%
800.2s 492 [ROADMAP] train_thresholds: 89.6%
801.9s 493 [ROADMAP] train_thresholds: 89.8%
803.5s 494 [ROADMAP] train_thresholds: 90.0%
805.1s 495 [ROADMAP] train_thresholds: 90.2%
806.8s 496 [ROADMAP] train_thresholds: 90.4%
808.5s 497 [ROADMAP] train_thresholds: 90.6%
810.4s 498 [ROADMAP] train_thresholds: 90.8%
812.1s 499 [ROADMAP] train_thresholds: 91.0%
813.7s 500 [ROADMAP] train_thresholds: 91.2%
815.5s 501 [ROADMAP] train_thresholds: 91.4%
817.2s 502 [ROADMAP] train_thresholds: 91.6%
818.9s 503 [ROADMAP] train_thresholds: 91.8%
819.8s 504 [ROADMAP] train_thresholds: 92.0%
821.7s 505 [ROADMAP] train_thresholds: 92.2%
823.4s 506 [ROADMAP] train_thresholds: 92.4%
825.2s 507 [ROADMAP] train_thresholds: 92.6%
826.9s 508 [ROADMAP] train_thresholds: 92.8%
828.6s 509 [ROADMAP] train_thresholds: 93.0%
830.2s 510 [ROADMAP] train_thresholds: 93.2%
831.9s 511 [ROADMAP] train_thresholds: 93.4%
833.7s 512 [ROADMAP] train_thresholds: 93.6%
835.4s 513 [ROADMAP] train_thresholds: 93.8%
837.2s 514 [ROADMAP] train_thresholds: 93.9%
838.9s 515 [ROADMAP] train_thresholds: 94.1%
840.7s 516 [ROADMAP] train_thresholds: 94.3%
842.3s 517 [ROADMAP] train_thresholds: 94.5%
843.9s 518 [ROADMAP] train_thresholds: 94.7%
845.7s 519 [ROADMAP] train_thresholds: 94.9%
847.4s 520 [ROADMAP] train_thresholds: 95.1%
849.2s 521 [ROADMAP] train_thresholds: 95.3%
850.7s 522 [ROADMAP] train_thresholds: 95.5%
852.3s 523 [ROADMAP] train_thresholds: 95.7%
854.0s 524 [ROADMAP] train_thresholds: 95.9%
855.7s 525 [ROADMAP] train_thresholds: 96.1%
857.4s 526 [ROADMAP] train_thresholds: 96.3%
859.2s 527 [ROADMAP] train_thresholds: 96.5%
860.9s 528 [ROADMAP] train_thresholds: 96.7%
862.6s 529 [ROADMAP] train_thresholds: 96.9%
864.3s 530 [ROADMAP] train_thresholds: 97.1%
865.9s 531 [ROADMAP] train_thresholds: 97.3%
867.6s 532 [ROADMAP] train_thresholds: 97.5%
869.2s 533 [ROADMAP] train_thresholds: 97.7%
871.0s 534 [ROADMAP] train_thresholds: 97.9%
872.7s 535 [ROADMAP] train_thresholds: 98.0%
874.2s 536 [ROADMAP] train_thresholds: 98.2%
875.9s 537 [ROADMAP] train_thresholds: 98.4%
877.7s 538 [ROADMAP] train_thresholds: 98.6%
878.6s 539 [ROADMAP] train_thresholds: 98.8%
880.3s 540 [ROADMAP] train_thresholds: 99.0%
882.1s 541 [ROADMAP] train_thresholds: 99.2%
883.9s 542 [ROADMAP] train_thresholds: 99.4%
885.7s 543 [ROADMAP] train_thresholds: 99.6%
887.4s 544 [ROADMAP] train_thresholds: 99.8%
889.1s 545 [ROADMAP] train_thresholds: 100.0%
890.7s 546 [ROADMAP] infer_predictions: 100.0%
892.0s 547 [ROADMAP] package_submission: 20.0%
892.0s 548 [ROADMAP] package_submission: 100.0%
892.0s 549 [ROADMAP] finalize_forensics: 100.0%
892.0s 550 {
892.0s 551 "runtime_status": "offline_activated",
892.0s 552 "pipeline_status": "success",
892.0s 553 "active_neurons": 1257219,
892.0s 554 "total_allocations": 513,
892.0s 555 "total_pixels_processed": 51499008,
892.0s 556 "total_ink_pixels": 25700106,
892.0s 557 "ink_ratio": 0.4990407970576831,
892.0s 558 "qi_index_real": 5.8898516155116726e-05,
892.0s 559 "cpu_total_ns": 874368513196,
892.0s 560 "merkle_root": "3eb557228e6e20269065c782648a8b0876501440d538c2e982feb8d9110dca5a8b21ff3d8cba95947d1326f118ef93d7f45ed86fff72973d8ef7f311f7a6c261",
892.0s 561 "status": "100%_OFFLINE_ACTIVATED",
892.0s 562 "layout_detected": "competition_test_images",
892.0s 563 "configured_data_root": "/kaggle/input/vesuvius-challenge-ink-detection",
892.0s 564 "effective_data_root": "/kaggle/input/competitions/vesuvius-challenge-surface-detection",
892.0s 565 "discovery_attempts": [
892.0s 566 {
892.0s 567 "root": "/kaggle/input/competitions/vesuvius-challenge-surface-detection",
892.0s 568 "mode": "competition_test_images",
892.0s 569 "train": 786,
892.0s 570 "test": 1
892.0s 571 }
892.0s 572 ],
892.0s 573 "train_items_total": 786,
892.0s 574 "train_items_with_labels": 512,
892.0s 575 "train_items_skipped_no_label": 0,
892.0s 576 "train_items": [
892.0s 577 "1004283650.tif",
892.0s 578 "1006462223.tif",
892.0s 579 "1013184726.tif",
892.0s 580 "102536988.tif",
892.0s 581 "1029212680.tif",
892.0s 582 "1033375083.tif",
892.0s 583 "1033784946.tif",
892.0s 584 "1044587645.tif",
892.0s 585 "105068588.tif",
892.0s 586 "105796630.tif",
892.0s 587 "1059332280.tif",
892.0s 588 "1061356924.tif",
892.0s 589 "1075217434.tif",
892.0s 590 "1079776201.tif",
892.0s 591 "1083486419.tif",
892.0s 592 "108672114.tif",
892.0s 593 "1105906805.tif",
892.0s 594 "1108059824.tif",
892.0s 595 "110997297.tif",
892.0s 596 "1113943087.tif",
892.0s 597 "1127903126.tif",
892.0s 598 "1128635125.tif",
892.0s 599 "114235076.tif",
892.0s 600 "11460685.tif",
892.0s 601 "1154777170.tif",
892.0s 602 "1156808983.tif",
892.0s 603 "1157445126.tif",
892.0s 604 "1159818141.tif",
892.0s 605 "11630450.tif",
892.0s 606 "1168011639.tif",
892.0s 607 "1176487902.tif",
892.0s 608 "118041886.tif",
892.0s 609 "1182039038.tif",
892.0s 610 "118632705.tif",
892.0s 611 "1186499682.tif",
892.0s 612 "1189767014.tif",
892.0s 613 "1200862647.tif",
892.0s 614 "1201940326.tif",
892.0s 615 "1204899528.tif",
892.0s 616 "1208001693.tif",
892.0s 617 "1210295426.tif",
892.0s 618 "1210615920.tif",
892.0s 619 "1210927642.tif",
892.0s 620 "1215679884.tif",
892.0s 621 "1219581388.tif",
892.0s 622 "1230055797.tif",
892.0s 623 "1235128733.tif",
892.0s 624 "1238314834.tif",
892.0s 625 "1238390590.tif",
892.0s 626 "1239284127.tif",
892.0s 627 "1240194203.tif",
892.0s 628 "1242812707.tif",
892.0s 629 "1242962297.tif",
892.0s 630 "1253813461.tif",
892.0s 631 "1255754809.tif",
892.0s 632 "1261544272.tif",
892.0s 633 "1267989019.tif",
892.0s 634 "1271223370.tif",
892.0s 635 "1272760814.tif",
892.0s 636 "1294570892.tif",
892.0s 637 "1296996509.tif",
892.0s 638 "1306752115.tif",
892.0s 639 "1311779219.tif",
892.0s 640 "1316805721.tif",
892.0s 641 "1329351767.tif",
892.0s 642 "1330705651.tif",
892.0s 643 "1332121747.tif",
892.0s 644 "1341999317.tif",
892.0s 645 "1351645019.tif",
892.0s 646 "1354910392.tif",
892.0s 647 "1367329139.tif",
892.0s 648 "1368903217.tif",
892.0s 649 "1369609932.tif",
892.0s 650 "1370134939.tif",
892.0s 651 "1379194145.tif",
892.0s 652 "1391167593.tif",
892.0s 653 "1395654524.tif",
892.0s 654 "1404108352.tif",
892.0s 655 "1412233012.tif",
892.0s 656 "1420786524.tif",
892.0s 657 "1424527489.tif",
892.0s 658 "1425151232.tif",
892.0s 659 "1430679851.tif",
892.0s 660 "1435658104.tif",
892.0s 661 "1440669255.tif",
892.0s 662 "1442179410.tif",
892.0s 663 "1448189335.tif",
892.0s 664 "1449602646.tif",
892.0s 665 "1454104195.tif",
892.0s 666 "1459340749.tif",
892.0s 667 "1460828631.tif",
892.0s 668 "1471460767.tif",
892.0s 669 "1480691377.tif",
892.0s 670 "1483500546.tif",
892.0s 671 "149409101.tif",
892.0s 672 "1497289496.tif",
892.0s 673 "1503030068.tif",
892.0s 674 "1505524936.tif",
892.0s 675 "1505792607.tif",
892.0s 676 "1506367235.tif",
892.0s 677 "1508330045.tif",
892.0s 678 "1519902750.tif",
892.0s 679 "1522833038.tif",
892.0s 680 "1524465289.tif",
892.0s 681 "1526377662.tif",
892.0s 682 "15307632.tif",
892.0s 683 "1531506078.tif",
892.0s 684 "1542708535.tif",
892.0s 685 "1553955454.tif",
892.0s 686 "1556295020.tif",
892.0s 687 "1557465183.tif",
892.0s 688 "1561013957.tif",
892.0s 689 "1565784049.tif",
892.0s 690 "1566185731.tif",
892.0s 691 "1577382633.tif",
892.0s 692 "1578248244.tif",
892.0s 693 "158898728.tif",
892.0s 694 "1589119778.tif",
892.0s 695 "159112826.tif",
892.0s 696 "1596691633.tif",
892.0s 697 "1603877492.tif",
892.0s 698 "1607714040.tif",
892.0s 699 "1612471366.tif",
892.0s 700 "1613378452.tif",
892.0s 701 "1615896532.tif",
892.0s 702 "1616597122.tif",
892.0s 703 "1625676216.tif",
892.0s 704 "1625909146.tif",
892.0s 705 "162812671.tif",
892.0s 706 "1634687021.tif",
892.0s 707 "1639956906.tif",
892.0s 708 "1642047701.tif",
892.0s 709 "164224384.tif",
892.0s 710 "1643996246.tif",
892.0s 711 "1655876858.tif",
892.0s 712 "1662041291.tif",
892.0s 713 "1666298112.tif",
892.0s 714 "1669670049.tif",
892.0s 715 "1671010748.tif",
892.0s 716 "1679790444.tif",
892.0s 717 "1681590107.tif",
892.0s 718 "1687829027.tif",
892.0s 719 "1693625989.tif",
892.0s 720 "1693721638.tif",
892.0s 721 "1704770049.tif",
892.0s 722 "1706947731.tif",
892.0s 723 "1715403595.tif",
892.0s 724 "1720613063.tif",
892.0s 725 "1722912570.tif",
892.0s 726 "1725830085.tif",
892.0s 727 "17283971.tif",
892.0s 728 "1732242978.tif",
892.0s 729 "1734818300.tif",
892.0s 730 "1737469977.tif",
892.0s 731 "1741397554.tif",
892.0s 732 "1746646794.tif",
892.0s 733 "1757276221.tif",
892.0s 734 "1762562855.tif",
892.0s 735 "176501514.tif",
892.0s 736 "1779677207.tif",
892.0s 737 "1783261305.tif",
892.0s 738 "1790344501.tif",
892.0s 739 "1790856995.tif",
892.0s 740 "1791213794.tif",
892.0s 741 "1793326608.tif",
892.0s 742 "1795164441.tif",
892.0s 743 "1796385572.tif",
892.0s 744 "1796762532.tif",
892.0s 745 "1798146413.tif",
892.0s 746 "1812790174.tif",
892.0s 747 "1815623142.tif",
892.0s 748 "1818529443.tif",
892.0s 749 "1820528268.tif",
892.0s 750 "1823626595.tif",
892.0s 751 "1825838007.tif",
892.0s 752 "1834183371.tif",
892.0s 753 "1837890067.tif",
892.0s 754 "1842921029.tif",
892.0s 755 "1845578058.tif",
892.0s 756 "1851560107.tif",
892.0s 757 "185176123.tif",
892.0s 758 "1853493924.tif",
892.0s 759 "1858247918.tif",
892.0s 760 "1866627733.tif",
892.0s 761 "1871106040.tif",
892.0s 762 "1876224755.tif",
892.0s 763 "1878959347.tif",
892.0s 764 "1881495000.tif",
892.0s 765 "1882650170.tif",
892.0s 766 "1890221621.tif",
892.0s 767 "1890409640.tif",
892.0s 768 "1891372224.tif",
892.0s 769 "1914571029.tif",
892.0s 770 "1923436243.tif",
892.0s 771 "1927075549.tif",
892.0s 772 "193365288.tif",
892.0s 773 "1939536631.tif",
892.0s 774 "1960540938.tif",
892.0s 775 "1961113613.tif",
892.0s 776 "1963069058.tif",
892.0s 777 "1966171058.tif",
892.0s 778 "196724516.tif",
892.0s 779 "1967300661.tif",
892.0s 780 "19797301.tif",
892.0s 781 "1985075117.tif",
892.0s 782 "1996567865.tif",
892.0s 783 "2003263496.tif",
892.0s 784 "2004658464.tif",
892.0s 785 "2007080007.tif",
892.0s 786 "2012359760.tif",
892.0s 787 "2018034763.tif",
892.0s 788 "2021834463.tif",
892.0s 789 "2024572193.tif",
892.0s 790 "2035810630.tif",
892.0s 791 "2046703546.tif",
892.0s 792 "2051981635.tif",
892.0s 793 "2059872339.tif",
892.0s 794 "206065757.tif",
892.0s 795 "2067397446.tif",
892.0s 796 "2068510087.tif",
892.0s 797 "2079519026.tif",
892.0s 798 "2082949504.tif",
892.0s 799 "2087850246.tif",
892.0s 800 "2088623970.tif",
892.0s 801 "209220243.tif",
892.0s 802 "2093229706.tif",
892.0s 803 "2098828418.tif",
892.0s 804 "2101035605.tif",
892.0s 805 "2104413478.tif",
892.0s 806 "2106649393.tif",
892.0s 807 "2111177666.tif",
892.0s 808 "2116132949.tif",
892.0s 809 "2116542410.tif",
892.0s 810 "2125961987.tif",
892.0s 811 "2128181788.tif",
892.0s 812 "2131767139.tif",
892.0s 813 "2136851012.tif",
892.0s 814 "2137776807.tif",
892.0s 815 "2142002305.tif",
892.0s 816 "2147357641.tif",
892.0s 817 "2150538987.tif",
892.0s 818 "215093936.tif",
892.0s 819 "2152970898.tif",
892.0s 820 "2155812540.tif",
892.0s 821 "2157512838.tif",
892.0s 822 "216571367.tif",
892.0s 823 "216657071.tif",
892.0s 824 "2178672922.tif",
892.0s 825 "2188050882.tif",
892.0s 826 "2194377014.tif",
892.0s 827 "2203617984.tif",
892.0s 828 "2203858319.tif",
892.0s 829 "2205179329.tif",
892.0s 830 "2206870115.tif",
892.0s 831 "2210475972.tif",
892.0s 832 "2212990887.tif",
892.0s 833 "2214190880.tif",
892.0s 834 "2220704498.tif",
892.0s 835 "2220787575.tif",
892.0s 836 "2228083941.tif",
892.0s 837 "2238739625.tif",
892.0s 838 "2257172177.tif",
892.0s 839 "2268918028.tif",
892.0s 840 "2272064421.tif",
892.0s 841 "2272910022.tif",
892.0s 842 "2280761294.tif",
892.0s 843 "2285337981.tif",
892.0s 844 "2290837.tif",
892.0s 845 "2292614243.tif",
892.0s 846 "2294602175.tif",
892.0s 847 "2306395636.tif",
892.0s 848 "2311643839.tif",
892.0s 849 "2314417530.tif",
892.0s 850 "2330704793.tif",
892.0s 851 "2332602982.tif",
892.0s 852 "2335392878.tif",
892.0s 853 "2337322763.tif",
892.0s 854 "2352678715.tif",
892.0s 855 "2361792849.tif",
892.0s 856 "236296322.tif",
892.0s 857 "237111043.tif",
892.0s 858 "2373617013.tif",
892.0s 859 "2375325173.tif",
892.0s 860 "2377884359.tif",
892.0s 861 "239904888.tif",
892.0s 862 "2402197522.tif",
892.0s 863 "2410046565.tif",
892.0s 864 "241509106.tif",
892.0s 865 "241514276.tif",
892.0s 866 "2419036429.tif",
892.0s 867 "2423079874.tif",
892.0s 868 "2424610202.tif",
892.0s 869 "244496252.tif",
892.0s 870 "2445577751.tif",
892.0s 871 "2454492741.tif",
892.0s 872 "2456859500.tif",
892.0s 873 "246751123.tif",
892.0s 874 "2473381112.tif",
892.0s 875 "2475831799.tif",
892.0s 876 "2489372663.tif",
892.0s 877 "2495748513.tif",
892.0s 878 "2496585510.tif",
892.0s 879 "2497392974.tif",
892.0s 880 "2502110845.tif",
892.0s 881 "250913537.tif",
892.0s 882 "251333914.tif",
892.0s 883 "2517705156.tif",
892.0s 884 "2524776433.tif",
892.0s 885 "2530405250.tif",
892.0s 886 "2531358332.tif",
892.0s 887 "2536049117.tif",
892.0s 888 "2540481853.tif",
892.0s 889 "2544642863.tif",
892.0s 890 "2550619349.tif",
892.0s 891 "2552677227.tif",
892.0s 892 "2553197977.tif",
892.0s 893 "2555675774.tif",
892.0s 894 "2556347231.tif",
892.0s 895 "2579374491.tif",
892.0s 896 "2589044500.tif",
892.0s 897 "2590633777.tif",
892.0s 898 "2600169169.tif",
892.0s 899 "2615287684.tif",
892.0s 900 "262156460.tif",
892.0s 901 "2623225052.tif",
892.0s 902 "2623678684.tif",
892.0s 903 "2626593634.tif",
892.0s 904 "2632109508.tif",
892.0s 905 "263322541.tif",
892.0s 906 "2642624633.tif",
892.0s 907 "2652698199.tif",
892.0s 908 "2653068915.tif",
892.0s 909 "2656396745.tif",
892.0s 910 "2660177791.tif",
892.0s 911 "2669341205.tif",
892.0s 912 "2669969378.tif",
892.0s 913 "2673757182.tif",
892.0s 914 "2676456148.tif",
892.0s 915 "2689046967.tif",
892.0s 916 "26894125.tif",
892.0s 917 "2705604173.tif",
892.0s 918 "2708764018.tif",
892.0s 919 "2713673035.tif",
892.0s 920 "2716466411.tif",
892.0s 921 "2716752782.tif",
892.0s 922 "2716947869.tif",
892.0s 923 "2727460783.tif",
892.0s 924 "2734445540.tif",
892.0s 925 "2736169384.tif",
892.0s 926 "2737376036.tif",
892.0s 927 "2741330005.tif",
892.0s 928 "2757751083.tif",
892.0s 929 "2757775745.tif",
892.0s 930 "2759477755.tif",
892.0s 931 "2761996776.tif",
892.0s 932 "2763227159.tif",
892.0s 933 "2768504081.tif",
892.0s 934 "2770853879.tif",
892.0s 935 "2773856183.tif",
892.0s 936 "2775536173.tif",
892.0s 937 "2778370612.tif",
892.0s 938 "278498200.tif",
892.0s 939 "2785199107.tif",
892.0s 940 "2786449252.tif",
892.0s 941 "2789632551.tif",
892.0s 942 "2790504204.tif",
892.0s 943 "2808420551.tif",
892.0s 944 "2809620240.tif",
892.0s 945 "2813533679.tif",
892.0s 946 "2815220063.tif",
892.0s 947 "2821927657.tif",
892.0s 948 "2844417457.tif",
892.0s 949 "2851151222.tif",
892.0s 950 "2855094384.tif",
892.0s 951 "2869809793.tif",
892.0s 952 "2875030463.tif",
892.0s 953 "2880423383.tif",
892.0s 954 "2881190689.tif",
892.0s 955 "288548608.tif",
892.0s 956 "2887085917.tif",
892.0s 957 "2894972157.tif",
892.0s 958 "2902578006.tif",
892.0s 959 "2902582474.tif",
892.0s 960 "2908683777.tif",
892.0s 961 "2910938028.tif",
892.0s 962 "2933605769.tif",
892.0s 963 "2935800469.tif",
892.0s 964 "294458037.tif",
892.0s 965 "2945808105.tif",
892.0s 966 "2961522369.tif",
892.0s 967 "2961547523.tif",
892.0s 968 "2966806958.tif",
892.0s 969 "2972783115.tif",
892.0s 970 "29754811.tif",
892.0s 971 "2981267096.tif",
892.0s 972 "2983822886.tif",
892.0s 973 "2988217553.tif",
892.0s 974 "2988223195.tif",
892.0s 975 "3002733017.tif",
892.0s 976 "3003756173.tif",
892.0s 977 "3012922391.tif",
892.0s 978 "3016463213.tif",
892.0s 979 "3019071518.tif",
892.0s 980 "3020371188.tif",
892.0s 981 "3020373917.tif",
892.0s 982 "302353284.tif",
892.0s 983 "302991709.tif",
892.0s 984 "3031545955.tif",
892.0s 985 "3034991642.tif",
892.0s 986 "3035195503.tif",
892.0s 987 "3037854247.tif",
892.0s 988 "3040864797.tif",
892.0s 989 "3043804417.tif",
892.0s 990 "304383493.tif",
892.0s 991 "3046048622.tif",
892.0s 992 "3049591468.tif",
892.0s 993 "3056295573.tif",
892.0s 994 "3060150865.tif",
892.0s 995 "3061154571.tif",
892.0s 996 "3064717657.tif",
892.0s 997 "3065239797.tif",
892.0s 998 "3066128920.tif",
892.0s 999 "3070061281.tif",
892.0s 1000 "3072203034.tif",
892.0s 1001 "3074797420.tif",
892.0s 1002 "3076490891.tif",
892.0s 1003 "3088997407.tif",
892.0s 1004 "3090197578.tif",
892.0s 1005 "3097347461.tif",
892.0s 1006 "3099819923.tif",
892.0s 1007 "3102979250.tif",
892.0s 1008 "311543433.tif",
892.0s 1009 "3137156884.tif",
892.0s 1010 "3138051242.tif",
892.0s 1011 "3141052542.tif",
892.0s 1012 "3144205538.tif",
892.0s 1013 "3146430389.tif",
892.0s 1014 "315189226.tif",
892.0s 1015 "3152234929.tif",
892.0s 1016 "3156756992.tif",
892.0s 1017 "3158644933.tif",
892.0s 1018 "3164491657.tif",
892.0s 1019 "3183136322.tif",
892.0s 1020 "3183278576.tif",
892.0s 1021 "3185727008.tif",
892.0s 1022 "3188147679.tif",
892.0s 1023 "3189521677.tif",
892.0s 1024 "3194326202.tif",
892.0s 1025 "3198627305.tif",
892.0s 1026 "3211982948.tif",
892.0s 1027 "3214941840.tif",
892.0s 1028 "3237609845.tif",
892.0s 1029 "324225693.tif",
892.0s 1030 "3248922039.tif",
892.0s 1031 "3250832839.tif",
892.0s 1032 "3253501219.tif",
892.0s 1033 "3265775428.tif",
892.0s 1034 "3276984492.tif",
892.0s 1035 "327851248.tif",
892.0s 1036 "3280953653.tif",
892.0s 1037 "3281388561.tif",
892.0s 1038 "3290306825.tif",
892.0s 1039 "3294954456.tif",
892.0s 1040 "3298840559.tif",
892.0s 1041 "3318424972.tif",
892.0s 1042 "3318557622.tif",
892.0s 1043 "3320274.tif",
892.0s 1044 "3321304167.tif",
892.0s 1045 "3324873066.tif",
892.0s 1046 "3328549068.tif",
892.0s 1047 "3335656968.tif",
892.0s 1048 "3337576154.tif",
892.0s 1049 "3340933719.tif",
892.0s 1050 "3342671660.tif",
892.0s 1051 "3346244732.tif",
892.0s 1052 "3346415441.tif",
892.0s 1053 "3346651832.tif",
892.0s 1054 "3351412255.tif",
892.0s 1055 "3355195275.tif",
892.0s 1056 "3361709803.tif",
892.0s 1057 "3370691076.tif",
892.0s 1058 "3371019516.tif",
892.0s 1059 "3376387932.tif",
892.0s 1060 "338740527.tif",
892.0s 1061 "3389327496.tif",
892.0s 1062 "3393924745.tif",
892.0s 1063 "3394433588.tif",
892.0s 1064 "3403995981.tif",
892.0s 1065 "3406558476.tif",
892.0s 1066 "3406708348.tif",
892.0s 1067 "3409971532.tif",
892.0s 1068 "3414512299.tif",
892.0s 1069 "3414605268.tif",
892.0s 1070 "3419802889.tif",
892.0s 1071 "342428192.tif",
892.0s 1072 "342477941.tif",
892.0s 1073 "3431039202.tif",
892.0s 1074 "3436049398.tif",
892.0s 1075 "3436915414.tif",
892.0s 1076 "3439864183.tif",
892.0s 1077 "3442657655.tif",
892.0s 1078 "3443360699.tif",
892.0s 1079 "344456112.tif",
892.0s 1080 "3467185855.tif",
892.0s 1081 "3497041635.tif",
892.0s 1082 "3513954919.tif",
892.0s 1083 "3515764944.tif",
892.0s 1084 "3522460784.tif",
892.0s 1085 "3522504366.tif",
892.0s 1086 "3527825464.tif",
892.0s 1087 "3535030114.tif",
892.0s 1088 "3542835985.tif",
892.0s 1089 "3545147380.tif",
892.0s 1090 "3554743381.tif",
892.0s 1091 "3562312952.tif",
892.0s 1092 "3595246520.tif",
892.0s 1093 "3598654160.tif",
892.0s 1094 "3602356228.tif",
892.0s 1095 "3603241078.tif",
892.0s 1096 "360339268.tif",
892.0s 1097 "3603497779.tif",
892.0s 1098 "3608009641.tif",
892.0s 1099 "3614895682.tif",
892.0s 1100 "3620638870.tif",
892.0s 1101 "3622438556.tif",
892.0s 1102 "3628843560.tif",
892.0s 1103 "363381119.tif",
892.0s 1104 "3635486343.tif",
892.0s 1105 "3637340207.tif",
892.0s 1106 "3642178743.tif",
892.0s 1107 "364539111.tif",
892.0s 1108 "3647910527.tif",
892.0s 1109 "364978558.tif",
892.0s 1110 "3652794077.tif",
892.0s 1111 "3662102503.tif",
892.0s 1112 "3663725364.tif",
892.0s 1113 "3664792107.tif",
892.0s 1114 "3676026615.tif",
892.0s 1115 "3681179135.tif",
892.0s 1116 "3686818985.tif",
892.0s 1117 "3691457079.tif",
892.0s 1118 "3694884789.tif",
892.0s 1119 "3700757712.tif",
892.0s 1120 "370627915.tif",
892.0s 1121 "3707256544.tif",
892.0s 1122 "3710912607.tif",
892.0s 1123 "3721853537.tif",
892.0s 1124 "3732127861.tif",
892.0s 1125 "3742893488.tif",
892.0s 1126 "3767466977.tif",
892.0s 1127 "3769121277.tif",
892.0s 1128 "3770778897.tif",
892.0s 1129 "3774596591.tif",
892.0s 1130 "378779937.tif",
892.0s 1131 "3788871542.tif",
892.0s 1132 "3792996653.tif",
892.0s 1133 "3794425553.tif",
892.0s 1134 "3794435116.tif",
892.0s 1135 "3797609646.tif",
892.0s 1136 "3803006499.tif",
892.0s 1137 "38034250.tif",
892.0s 1138 "3808412216.tif",
892.0s 1139 "3811489418.tif",
892.0s 1140 "3819086916.tif",
892.0s 1141 "3820901393.tif",
892.0s 1142 "3823213091.tif",
892.0s 1143 "3830755614.tif",
892.0s 1144 "3834183540.tif",
892.0s 1145 "3837479943.tif",
892.0s 1146 "3846096767.tif",
892.0s 1147 "3853942725.tif",
892.0s 1148 "3854101708.tif",
892.0s 1149 "3854983004.tif",
892.0s 1150 "3866421231.tif",
892.0s 1151 "3878283235.tif",
892.0s 1152 "3887603902.tif",
892.0s 1153 "3897872090.tif",
892.0s 1154 "3904609999.tif",
892.0s 1155 "3918162598.tif",
892.0s 1156 "3919317307.tif",
892.0s 1157 "3921214992.tif",
892.0s 1158 "3921562037.tif",
892.0s 1159 "3922476405.tif",
892.0s 1160 "3924902780.tif",
892.0s 1161 "3925240194.tif",
892.0s 1162 "3929972930.tif",
892.0s 1163 "3931084502.tif",
892.0s 1164 "3931902777.tif",
892.0s 1165 "3939111351.tif",
892.0s 1166 "3958093739.tif",
892.0s 1167 "3962971462.tif",
892.0s 1168 "3963531557.tif",
892.0s 1169 "3965259126.tif",
892.0s 1170 "3965555633.tif",
892.0s 1171 "3968673855.tif",
892.0s 1172 "3970017952.tif",
892.0s 1173 "3970776156.tif",
892.0s 1174 "3977024865.tif",
892.0s 1175 "3978531923.tif",
892.0s 1176 "3978718576.tif",
892.0s 1177 "3982999424.tif",
892.0s 1178 "398977019.tif",
892.0s 1179 "399611216.tif",
892.0s 1180 "4014453466.tif",
892.0s 1181 "4015222329.tif",
892.0s 1182 "4020494299.tif",
892.0s 1183 "4023763904.tif",
892.0s 1184 "4024699648.tif",
892.0s 1185 "4024884955.tif",
892.0s 1186 "4026460947.tif",
892.0s 1187 "4031467781.tif",
892.0s 1188 "404970490.tif",
892.0s 1189 "4055275941.tif",
892.0s 1190 "40625686.tif",
892.0s 1191 "4063221641.tif",
892.0s 1192 "4064202950.tif",
892.0s 1193 "4065328827.tif",
892.0s 1194 "4066091069.tif",
892.0s 1195 "406944815.tif",
892.0s 1196 "4070071601.tif",
892.0s 1197 "4081240825.tif",
892.0s 1198 "4089994719.tif",
892.0s 1199 "4105398542.tif",
892.0s 1200 "4107199299.tif",
892.0s 1201 "4109320911.tif",
892.0s 1202 "4112966741.tif",
892.0s 1203 "4113035720.tif",
892.0s 1204 "4125736882.tif",
892.0s 1205 "415208576.tif",
892.0s 1206 "4158695626.tif",
892.0s 1207 "417091286.tif",
892.0s 1208 "4174099222.tif",
892.0s 1209 "4180160757.tif",
892.0s 1210 "4183432614.tif",
892.0s 1211 "4184728487.tif",
892.0s 1212 "4185163701.tif",
892.0s 1213 "418613908.tif",
892.0s 1214 "4187712419.tif",
892.0s 1215 "4192381697.tif",
892.0s 1216 "4192772397.tif",
892.0s 1217 "4193724049.tif",
892.0s 1218 "419698042.tif",
892.0s 1219 "4205218927.tif",
892.0s 1220 "4208123944.tif",
892.0s 1221 "4209891505.tif",
892.0s 1222 "4213889683.tif",
892.0s 1223 "4216652155.tif",
892.0s 1224 "4218389312.tif",
892.0s 1225 "4221764104.tif",
892.0s 1226 "4224411365.tif",
892.0s 1227 "4229347055.tif",
892.0s 1228 "4233602520.tif",
892.0s 1229 "4235140888.tif",
892.0s 1230 "4239546470.tif",
892.0s 1231 "4244019916.tif",
892.0s 1232 "4246483381.tif",
892.0s 1233 "4256996840.tif",
892.0s 1234 "426871543.tif",
892.0s 1235 "4273576431.tif",
892.0s 1236 "4280519539.tif",
892.0s 1237 "4288082812.tif",
892.0s 1238 "4293224556.tif",
892.0s 1239 "435122332.tif",
892.0s 1240 "436578995.tif",
892.0s 1241 "446913980.tif",
892.0s 1242 "44701864.tif",
892.0s 1243 "453687900.tif",
892.0s 1244 "45525309.tif",
892.0s 1245 "456049089.tif",
892.0s 1246 "46039092.tif",
892.0s 1247 "464289213.tif",
892.0s 1248 "469631183.tif",
892.0s 1249 "469842901.tif",
892.0s 1250 "469888632.tif",
892.0s 1251 "477109023.tif",
892.0s 1252 "48696132.tif",
892.0s 1253 "489699498.tif",
892.0s 1254 "489804959.tif",
892.0s 1255 "500230427.tif",
892.0s 1256 "501349675.tif",
892.0s 1257 "508375143.tif",
892.0s 1258 "508465689.tif",
892.0s 1259 "513390852.tif",
892.0s 1260 "516292750.tif",
892.0s 1261 "521237884.tif",
892.0s 1262 "529850947.tif",
892.0s 1263 "530021252.tif",
892.0s 1264 "53160227.tif",
892.0s 1265 "535029841.tif",
892.0s 1266 "535534919.tif",
892.0s 1267 "537634870.tif",
892.0s 1268 "537867812.tif",
892.0s 1269 "541673255.tif",
892.0s 1270 "544161273.tif",
892.0s 1271 "547922158.tif",
892.0s 1272 "549744828.tif",
892.0s 1273 "555297952.tif",
892.0s 1274 "567464717.tif",
892.0s 1275 "568160669.tif",
892.0s 1276 "571334887.tif",
892.0s 1277 "572077733.tif",
892.0s 1278 "583807726.tif",
892.0s 1279 "584514551.tif",
892.0s 1280 "595274163.tif",
892.0s 1281 "599381487.tif",
892.0s 1282 "601001728.tif",
892.0s 1283 "601514225.tif",
892.0s 1284 "60272894.tif",
892.0s 1285 "602831951.tif",
892.0s 1286 "608924538.tif",
892.0s 1287 "62269536.tif",
892.0s 1288 "628488599.tif",
892.0s 1289 "633046981.tif",
892.0s 1290 "63469416.tif",
892.0s 1291 "636928528.tif",
892.0s 1292 "638703951.tif",
892.0s 1293 "643395780.tif",
892.0s 1294 "648443467.tif",
892.0s 1295 "656697281.tif",
892.0s 1296 "657118714.tif",
892.0s 1297 "663106834.tif",
892.0s 1298 "677662996.tif",
892.0s 1299 "687559918.tif",
892.0s 1300 "690562299.tif",
892.0s 1301 "693501383.tif",
892.0s 1302 "694937072.tif",
892.0s 1303 "698453823.tif",
892.0s 1304 "702123980.tif",
892.0s 1305 "702267251.tif",
892.0s 1306 "70695797.tif",
892.0s 1307 "708370133.tif",
892.0s 1308 "711169763.tif",
892.0s 1309 "711832556.tif",
892.0s 1310 "714558499.tif",
892.0s 1311 "715431997.tif",
892.0s 1312 "716803219.tif",
892.0s 1313 "719197630.tif",
892.0s 1314 "722561671.tif",
892.0s 1315 "724175864.tif",
892.0s 1316 "725727411.tif",
892.0s 1317 "730065526.tif",
892.0s 1318 "744788585.tif",
892.0s 1319 "746664827.tif",
892.0s 1320 "762867428.tif",
892.0s 1321 "765473271.tif",
892.0s 1322 "772457118.tif",
892.0s 1323 "776379178.tif",
892.0s 1324 "777463733.tif",
892.0s 1325 "785433964.tif",
892.0s 1326 "787804611.tif",
892.0s 1327 "79646334.tif",
892.0s 1328 "797181487.tif",
892.0s 1329 "803213133.tif",
892.0s 1330 "805297990.tif",
892.0s 1331 "810239114.tif",
892.0s 1332 "817999107.tif",
892.0s 1333 "821686014.tif",
892.0s 1334 "826588329.tif",
892.0s 1335 "840310891.tif",
892.0s 1336 "850710964.tif",
892.0s 1337 "850790699.tif",
892.0s 1338 "865516044.tif",
892.0s 1339 "86701140.tif",
892.0s 1340 "867889560.tif",
892.0s 1341 "871773282.tif",
892.0s 1342 "872723030.tif",
892.0s 1343 "881402752.tif",
892.0s 1344 "885730675.tif",
892.0s 1345 "8862040.tif",
892.0s 1346 "890851788.tif",
892.0s 1347 "896875242.tif",
892.0s 1348 "90569866.tif",
892.0s 1349 "916238493.tif",
892.0s 1350 "917058676.tif",
892.0s 1351 "918445717.tif",
892.0s 1352 "925960484.tif",
892.0s 1353 "928131323.tif",
892.0s 1354 "933191725.tif",
892.0s 1355 "944699214.tif",
892.0s 1356 "948300397.tif",
892.0s 1357 "956073442.tif",
892.0s 1358 "961304774.tif",
892.0s 1359 "969293709.tif",
892.0s 1360 "975031774.tif",
892.0s 1361 "985841575.tif",
892.0s 1362 "992852942.tif"
892.0s 1363 ],
892.0s 1364 "test_items": [
892.0s 1365 "1407735.tif"
892.0s 1366 ],
892.0s 1367 "train_threshold": 0.04097487032413483,
892.0s 1368 "training_strategy": "supervised",
892.0s 1369 "submission_csv": null,
892.0s 1370 "submission_zip": "/kaggle/working/nx46_vesuvius/submission.zip",
892.0s 1371 "submission_zip_aliases": [
892.0s 1372 "/kaggle/working/nx46_vesuvius/submission.zip",
892.0s 1373 "/kaggle/working/submission.zip",
892.0s 1374 "nx46_vesuvius/submission.zip",
892.0s 1375 "submission.zip"
892.0s 1376 ],
892.0s 1377 "zip_members_validated": true,
892.0s 1378 "zip_missing": [],
892.0s 1379 "zip_extra": [],
892.0s 1380 "competition_rules_validation": {
892.0s 1381 "status": "ok",
892.0s 1382 "expected_test_files": 1,
892.0s 1383 "submission_tif_files": 1,
892.0s 1384 "missing": [],
892.0s 1385 "unexpected": []
892.0s 1386 },
892.0s 1387 "roadmap_percent": {
892.0s 1388 "audit_discovery": 100.0,
892.0s 1389 "train_thresholds": 100.0,
892.0s 1390 "infer_predictions": 100.0,
892.0s 1391 "package_submission": 100.0,
892.0s 1392 "finalize_forensics": 100.0
892.0s 1393 }
892.0s 1394 }
892.0s 1395 READY: /kaggle/working/nx46_vesuvius/submission.zip
896.4s 1396 /usr/local/lib/python3.12/dist-packages/mistune.py:435: SyntaxWarning: invalid escape sequence '\|'
896.4s 1397 cells[i][c] = re.sub('\\\\\|', '|', cell)
896.8s 1398 /usr/local/lib/python3.12/dist-packages/nbconvert/filters/filter_links.py:36: SyntaxWarning: invalid escape sequence '\_'
896.8s 1399 text = re.sub(r'_', '\_', text) # Escape underscores in display text
898.3s 1400 /usr/local/lib/python3.12/dist-packages/traitlets/traitlets.py:2915: FutureWarning: --Exporter.preprocessors=["remove_papermill_header.RemovePapermillHeader"] for containers is deprecated in traitlets 5.0. You can pass `--Exporter.preprocessors item` ... multiple times to add items to a list.
898.3s 1401 warn(
898.3s 1402 [NbConvertApp] Converting notebook __notebook__.ipynb to notebook
898.8s 1403 [NbConvertApp] Writing 93423 bytes to __notebook__.ipynb
902.3s 1404 /usr/local/lib/python3.12/dist-packages/traitlets/traitlets.py:2915: FutureWarning: --Exporter.preprocessors=["nbconvert.preprocessors.ExtractOutputPreprocessor"] for containers is deprecated in traitlets 5.0. You can pass `--Exporter.preprocessors item` ... multiple times to add items to a list.
902.3s 1405 warn(
902.3s 1406 [NbConvertApp] Converting notebook __notebook__.ipynb to html
903.8s 1407 [NbConvertApp] Writing 475223 bytes to __results__.html