10.4s 1 0.00s - Debugger warning: It seems that frozen modules are being used, which may
10.4s 2 0.00s - make the debugger miss breakpoints. Please pass -Xfrozen_modules=off
10.4s 3 0.00s - to python to disable frozen modules.
10.4s 4 0.00s - Note: Debugging will proceed. Set PYDEVD_DISABLE_FILE_VALIDATION=1 to disable this validation.
11.1s 5 0.00s - Debugger warning: It seems that frozen modules are being used, which may
11.1s 6 0.00s - make the debugger miss breakpoints. Please pass -Xfrozen_modules=off
11.1s 7 0.00s - to python to disable frozen modules.
11.1s 8 0.00s - Note: Debugging will proceed. Set PYDEVD_DISABLE_FILE_VALIDATION=1 to disable this validation.
15.5s 9 Processing /kaggle/input/datasets/ndarray2000/nx47-dependencies/imagecodecs-2026.1.14-cp311-abi3-manylinux_2_27_x86_64.manylinux_2_28_x86_64.whl
15.7s 10 Processing /kaggle/input/datasets/ndarray2000/nx47-dependencies/imagecodecs-2026.1.14-cp311-abi3-manylinux_2_27_x86_64.manylinux_2_28_x86_64.whl
16.0s 11 Requirement already satisfied: numpy in /usr/local/lib/python3.12/dist-packages (from imagecodecs==2026.1.14) (2.0.2)
16.2s 12 Requirement already satisfied: numpy in /usr/local/lib/python3.12/dist-packages (from imagecodecs==2026.1.14) (2.0.2)
17.8s 13 Installing collected packages: imagecodecs
18.0s 14 Installing collected packages: imagecodecs
18.3s 15 Successfully installed imagecodecs-2026.1.14
18.5s 16 Successfully installed imagecodecs-2026.1.14
19.4s 17 Processing /kaggle/input/datasets/ndarray2000/nx47-dependencies/tifffile-2026.1.28-py3-none-any.whl
19.4s 18 Requirement already satisfied: numpy in /usr/local/lib/python3.12/dist-packages (from tifffile==2026.1.28) (2.0.2)
19.6s 19 Processing /kaggle/input/datasets/ndarray2000/nx47-dependencies/tifffile-2026.1.28-py3-none-any.whl
19.6s 20 Requirement already satisfied: numpy in /usr/local/lib/python3.12/dist-packages (from tifffile==2026.1.28) (2.0.2)
21.2s 21 Installing collected packages: tifffile
21.2s 22 Attempting uninstall: tifffile
21.4s 23 Installing collected packages: tifffile
21.4s 24 Attempting uninstall: tifffile
21.5s 25 Found existing installation: tifffile 2025.10.16
21.5s 26 Uninstalling tifffile-2025.10.16:
21.6s 27 Successfully uninstalled tifffile-2025.10.16
21.7s 28 Found existing installation: tifffile 2025.10.16
21.7s 29 Uninstalling tifffile-2025.10.16:
21.7s 30 Successfully uninstalled tifffile-2025.10.16
21.9s 31 Successfully installed tifffile-2026.1.28
22.1s 32 Successfully installed tifffile-2026.1.28
23.6s 33 [ROADMAP] audit_discovery: 100.0%
23.6s 34 [ROADMAP] train_thresholds: 0.2%
25.7s 35 [ROADMAP] train_thresholds: 0.4%
27.4s 36 [ROADMAP] train_thresholds: 0.6%
29.3s 37 [ROADMAP] train_thresholds: 0.8%
31.1s 38 [ROADMAP] train_thresholds: 1.0%
33.0s 39 [ROADMAP] train_thresholds: 1.2%
34.9s 40 [ROADMAP] train_thresholds: 1.4%
36.8s 41 [ROADMAP] train_thresholds: 1.6%
38.7s 42 [ROADMAP] train_thresholds: 1.8%
40.6s 43 [ROADMAP] train_thresholds: 2.0%
42.6s 44 [ROADMAP] train_thresholds: 2.1%
44.4s 45 [ROADMAP] train_thresholds: 2.3%
46.1s 46 [ROADMAP] train_thresholds: 2.5%
48.0s 47 [ROADMAP] train_thresholds: 2.7%
49.9s 48 [ROADMAP] train_thresholds: 2.9%
51.6s 49 [ROADMAP] train_thresholds: 3.1%
53.4s 50 [ROADMAP] train_thresholds: 3.3%
55.2s 51 [ROADMAP] train_thresholds: 3.5%
57.1s 52 [ROADMAP] train_thresholds: 3.7%
58.9s 53 [ROADMAP] train_thresholds: 3.9%
60.9s 54 [ROADMAP] train_thresholds: 4.1%
62.8s 55 [ROADMAP] train_thresholds: 4.3%
64.6s 56 [ROADMAP] train_thresholds: 4.5%
66.8s 57 [ROADMAP] train_thresholds: 4.7%
67.9s 58 [ROADMAP] train_thresholds: 4.9%
69.6s 59 [ROADMAP] train_thresholds: 5.1%
71.5s 60 [ROADMAP] train_thresholds: 5.3%
73.4s 61 [ROADMAP] train_thresholds: 5.5%
75.1s 62 [ROADMAP] train_thresholds: 5.7%
76.9s 63 [ROADMAP] train_thresholds: 5.9%
78.6s 64 [ROADMAP] train_thresholds: 6.1%
80.5s 65 [ROADMAP] train_thresholds: 6.2%
82.3s 66 [ROADMAP] train_thresholds: 6.4%
84.2s 67 [ROADMAP] train_thresholds: 6.6%
86.1s 68 [ROADMAP] train_thresholds: 6.8%
87.9s 69 [ROADMAP] train_thresholds: 7.0%
89.7s 70 [ROADMAP] train_thresholds: 7.2%
91.4s 71 [ROADMAP] train_thresholds: 7.4%
93.4s 72 [ROADMAP] train_thresholds: 7.6%
95.2s 73 [ROADMAP] train_thresholds: 7.8%
96.9s 74 [ROADMAP] train_thresholds: 8.0%
98.7s 75 [ROADMAP] train_thresholds: 8.2%
100.4s 76 [ROADMAP] train_thresholds: 8.4%
102.3s 77 [ROADMAP] train_thresholds: 8.6%
103.9s 78 [ROADMAP] train_thresholds: 8.8%
105.7s 79 [ROADMAP] train_thresholds: 9.0%
107.3s 80 [ROADMAP] train_thresholds: 9.2%
109.1s 81 [ROADMAP] train_thresholds: 9.4%
111.0s 82 [ROADMAP] train_thresholds: 9.6%
112.8s 83 [ROADMAP] train_thresholds: 9.8%
114.6s 84 [ROADMAP] train_thresholds: 10.0%
116.5s 85 [ROADMAP] train_thresholds: 10.2%
118.3s 86 [ROADMAP] train_thresholds: 10.4%
120.1s 87 [ROADMAP] train_thresholds: 10.5%
121.7s 88 [ROADMAP] train_thresholds: 10.7%
123.5s 89 [ROADMAP] train_thresholds: 10.9%
125.2s 90 [ROADMAP] train_thresholds: 11.1%
126.9s 91 [ROADMAP] train_thresholds: 11.3%
128.7s 92 [ROADMAP] train_thresholds: 11.5%
130.5s 93 [ROADMAP] train_thresholds: 11.7%
132.3s 94 [ROADMAP] train_thresholds: 11.9%
134.1s 95 [ROADMAP] train_thresholds: 12.1%
136.1s 96 [ROADMAP] train_thresholds: 12.3%
138.0s 97 [ROADMAP] train_thresholds: 12.5%
139.7s 98 [ROADMAP] train_thresholds: 12.7%
141.6s 99 [ROADMAP] train_thresholds: 12.9%
143.4s 100 [ROADMAP] train_thresholds: 13.1%
145.2s 101 [ROADMAP] train_thresholds: 13.3%
147.1s 102 [ROADMAP] train_thresholds: 13.5%
149.0s 103 [ROADMAP] train_thresholds: 13.7%
150.0s 104 [ROADMAP] train_thresholds: 13.9%
151.8s 105 [ROADMAP] train_thresholds: 14.1%
153.6s 106 [ROADMAP] train_thresholds: 14.3%
155.5s 107 [ROADMAP] train_thresholds: 14.5%
157.2s 108 [ROADMAP] train_thresholds: 14.6%
158.9s 109 [ROADMAP] train_thresholds: 14.8%
160.5s 110 [ROADMAP] train_thresholds: 15.0%
162.3s 111 [ROADMAP] train_thresholds: 15.2%
163.9s 112 [ROADMAP] train_thresholds: 15.4%
165.8s 113 [ROADMAP] train_thresholds: 15.6%
167.5s 114 [ROADMAP] train_thresholds: 15.8%
169.2s 115 [ROADMAP] train_thresholds: 16.0%
171.0s 116 [ROADMAP] train_thresholds: 16.2%
172.8s 117 [ROADMAP] train_thresholds: 16.4%
174.7s 118 [ROADMAP] train_thresholds: 16.6%
176.5s 119 [ROADMAP] train_thresholds: 16.8%
178.4s 120 [ROADMAP] train_thresholds: 17.0%
180.1s 121 [ROADMAP] train_thresholds: 17.2%
181.0s 122 [ROADMAP] train_thresholds: 17.4%
182.8s 123 [ROADMAP] train_thresholds: 17.6%
184.5s 124 [ROADMAP] train_thresholds: 17.8%
186.3s 125 [ROADMAP] train_thresholds: 18.0%
188.1s 126 [ROADMAP] train_thresholds: 18.2%
190.1s 127 [ROADMAP] train_thresholds: 18.4%
191.8s 128 [ROADMAP] train_thresholds: 18.6%
193.6s 129 [ROADMAP] train_thresholds: 18.8%
195.4s 130 [ROADMAP] train_thresholds: 18.9%
197.1s 131 [ROADMAP] train_thresholds: 19.1%
199.0s 132 [ROADMAP] train_thresholds: 19.3%
201.0s 133 [ROADMAP] train_thresholds: 19.5%
203.2s 134 [ROADMAP] train_thresholds: 19.7%
205.1s 135 [ROADMAP] train_thresholds: 19.9%
207.0s 136 [ROADMAP] train_thresholds: 20.1%
208.8s 137 [ROADMAP] train_thresholds: 20.3%
210.8s 138 [ROADMAP] train_thresholds: 20.5%
212.7s 139 [ROADMAP] train_thresholds: 20.7%
214.5s 140 [ROADMAP] train_thresholds: 20.9%
215.5s 141 [ROADMAP] train_thresholds: 21.1%
217.2s 142 [ROADMAP] train_thresholds: 21.3%
219.0s 143 [ROADMAP] train_thresholds: 21.5%
220.9s 144 [ROADMAP] train_thresholds: 21.7%
222.8s 145 [ROADMAP] train_thresholds: 21.9%
224.8s 146 [ROADMAP] train_thresholds: 22.1%
226.6s 147 [ROADMAP] train_thresholds: 22.3%
228.4s 148 [ROADMAP] train_thresholds: 22.5%
230.1s 149 [ROADMAP] train_thresholds: 22.7%
232.0s 150 [ROADMAP] train_thresholds: 22.9%
233.9s 151 [ROADMAP] train_thresholds: 23.0%
235.8s 152 [ROADMAP] train_thresholds: 23.2%
237.4s 153 [ROADMAP] train_thresholds: 23.4%
239.1s 154 [ROADMAP] train_thresholds: 23.6%
241.0s 155 [ROADMAP] train_thresholds: 23.8%
242.8s 156 [ROADMAP] train_thresholds: 24.0%
244.8s 157 [ROADMAP] train_thresholds: 24.2%
246.5s 158 [ROADMAP] train_thresholds: 24.4%
248.4s 159 [ROADMAP] train_thresholds: 24.6%
250.2s 160 [ROADMAP] train_thresholds: 24.8%
252.0s 161 [ROADMAP] train_thresholds: 25.0%
253.8s 162 [ROADMAP] train_thresholds: 25.2%
255.8s 163 [ROADMAP] train_thresholds: 25.4%
257.6s 164 [ROADMAP] train_thresholds: 25.6%
259.3s 165 [ROADMAP] train_thresholds: 25.8%
261.0s 166 [ROADMAP] train_thresholds: 26.0%
262.8s 167 [ROADMAP] train_thresholds: 26.2%
264.4s 168 [ROADMAP] train_thresholds: 26.4%
266.2s 169 [ROADMAP] train_thresholds: 26.6%
268.2s 170 [ROADMAP] train_thresholds: 26.8%
270.0s 171 [ROADMAP] train_thresholds: 27.0%
271.0s 172 [ROADMAP] train_thresholds: 27.1%
272.7s 173 [ROADMAP] train_thresholds: 27.3%
274.4s 174 [ROADMAP] train_thresholds: 27.5%
276.1s 175 [ROADMAP] train_thresholds: 27.7%
277.9s 176 [ROADMAP] train_thresholds: 27.9%
279.7s 177 [ROADMAP] train_thresholds: 28.1%
281.6s 178 [ROADMAP] train_thresholds: 28.3%
283.4s 179 [ROADMAP] train_thresholds: 28.5%
285.1s 180 [ROADMAP] train_thresholds: 28.7%
286.8s 181 [ROADMAP] train_thresholds: 28.9%
288.6s 182 [ROADMAP] train_thresholds: 29.1%
290.3s 183 [ROADMAP] train_thresholds: 29.3%
292.1s 184 [ROADMAP] train_thresholds: 29.5%
293.9s 185 [ROADMAP] train_thresholds: 29.7%
295.7s 186 [ROADMAP] train_thresholds: 29.9%
297.5s 187 [ROADMAP] train_thresholds: 30.1%
299.1s 188 [ROADMAP] train_thresholds: 30.3%
301.0s 189 [ROADMAP] train_thresholds: 30.5%
303.1s 190 [ROADMAP] train_thresholds: 30.7%
304.8s 191 [ROADMAP] train_thresholds: 30.9%
306.5s 192 [ROADMAP] train_thresholds: 31.1%
308.3s 193 [ROADMAP] train_thresholds: 31.2%
309.9s 194 [ROADMAP] train_thresholds: 31.4%
311.7s 195 [ROADMAP] train_thresholds: 31.6%
313.5s 196 [ROADMAP] train_thresholds: 31.8%
314.3s 197 [ROADMAP] train_thresholds: 32.0%
316.0s 198 [ROADMAP] train_thresholds: 32.2%
317.8s 199 [ROADMAP] train_thresholds: 32.4%
319.4s 200 [ROADMAP] train_thresholds: 32.6%
321.3s 201 [ROADMAP] train_thresholds: 32.8%
323.1s 202 [ROADMAP] train_thresholds: 33.0%
324.9s 203 [ROADMAP] train_thresholds: 33.2%
326.7s 204 [ROADMAP] train_thresholds: 33.4%
328.6s 205 [ROADMAP] train_thresholds: 33.6%
330.2s 206 [ROADMAP] train_thresholds: 33.8%
331.8s 207 [ROADMAP] train_thresholds: 34.0%
333.5s 208 [ROADMAP] train_thresholds: 34.2%
335.1s 209 [ROADMAP] train_thresholds: 34.4%
336.7s 210 [ROADMAP] train_thresholds: 34.6%
338.4s 211 [ROADMAP] train_thresholds: 34.8%
340.1s 212 [ROADMAP] train_thresholds: 35.0%
341.9s 213 [ROADMAP] train_thresholds: 35.2%
342.9s 214 [ROADMAP] train_thresholds: 35.4%
344.7s 215 [ROADMAP] train_thresholds: 35.5%
346.4s 216 [ROADMAP] train_thresholds: 35.7%
348.2s 217 [ROADMAP] train_thresholds: 35.9%
349.9s 218 [ROADMAP] train_thresholds: 36.1%
351.6s 219 [ROADMAP] train_thresholds: 36.3%
353.4s 220 [ROADMAP] train_thresholds: 36.5%
355.1s 221 [ROADMAP] train_thresholds: 36.7%
356.9s 222 [ROADMAP] train_thresholds: 36.9%
358.6s 223 [ROADMAP] train_thresholds: 37.1%
360.5s 224 [ROADMAP] train_thresholds: 37.3%
362.4s 225 [ROADMAP] train_thresholds: 37.5%
364.2s 226 [ROADMAP] train_thresholds: 37.7%
366.1s 227 [ROADMAP] train_thresholds: 37.9%
368.0s 228 [ROADMAP] train_thresholds: 38.1%
369.8s 229 [ROADMAP] train_thresholds: 38.3%
371.6s 230 [ROADMAP] train_thresholds: 38.5%
373.4s 231 [ROADMAP] train_thresholds: 38.7%
375.3s 232 [ROADMAP] train_thresholds: 38.9%
377.2s 233 [ROADMAP] train_thresholds: 39.1%
378.8s 234 [ROADMAP] train_thresholds: 39.3%
380.5s 235 [ROADMAP] train_thresholds: 39.5%
382.4s 236 [ROADMAP] train_thresholds: 39.6%
384.1s 237 [ROADMAP] train_thresholds: 39.8%
385.7s 238 [ROADMAP] train_thresholds: 40.0%
387.5s 239 [ROADMAP] train_thresholds: 40.2%
389.4s 240 [ROADMAP] train_thresholds: 40.4%
391.2s 241 [ROADMAP] train_thresholds: 40.6%
393.0s 242 [ROADMAP] train_thresholds: 40.8%
394.8s 243 [ROADMAP] train_thresholds: 41.0%
396.5s 244 [ROADMAP] train_thresholds: 41.2%
398.3s 245 [ROADMAP] train_thresholds: 41.4%
400.0s 246 [ROADMAP] train_thresholds: 41.6%
401.8s 247 [ROADMAP] train_thresholds: 41.8%
403.5s 248 [ROADMAP] train_thresholds: 42.0%
405.3s 249 [ROADMAP] train_thresholds: 42.2%
407.0s 250 [ROADMAP] train_thresholds: 42.4%
409.0s 251 [ROADMAP] train_thresholds: 42.6%
410.9s 252 [ROADMAP] train_thresholds: 42.8%
412.8s 253 [ROADMAP] train_thresholds: 43.0%
414.6s 254 [ROADMAP] train_thresholds: 43.2%
416.4s 255 [ROADMAP] train_thresholds: 43.4%
418.3s 256 [ROADMAP] train_thresholds: 43.6%
419.2s 257 [ROADMAP] train_thresholds: 43.8%
420.9s 258 [ROADMAP] train_thresholds: 43.9%
422.6s 259 [ROADMAP] train_thresholds: 44.1%
424.3s 260 [ROADMAP] train_thresholds: 44.3%
426.1s 261 [ROADMAP] train_thresholds: 44.5%
427.9s 262 [ROADMAP] train_thresholds: 44.7%
429.8s 263 [ROADMAP] train_thresholds: 44.9%
431.5s 264 [ROADMAP] train_thresholds: 45.1%
433.3s 265 [ROADMAP] train_thresholds: 45.3%
435.1s 266 [ROADMAP] train_thresholds: 45.5%
437.0s 267 [ROADMAP] train_thresholds: 45.7%
438.8s 268 [ROADMAP] train_thresholds: 45.9%
440.5s 269 [ROADMAP] train_thresholds: 46.1%
442.3s 270 [ROADMAP] train_thresholds: 46.3%
444.0s 271 [ROADMAP] train_thresholds: 46.5%
445.8s 272 [ROADMAP] train_thresholds: 46.7%
447.6s 273 [ROADMAP] train_thresholds: 46.9%
449.4s 274 [ROADMAP] train_thresholds: 47.1%
451.2s 275 [ROADMAP] train_thresholds: 47.3%
453.0s 276 [ROADMAP] train_thresholds: 47.5%
454.8s 277 [ROADMAP] train_thresholds: 47.7%
456.5s 278 [ROADMAP] train_thresholds: 47.9%
458.4s 279 [ROADMAP] train_thresholds: 48.0%
460.2s 280 [ROADMAP] train_thresholds: 48.2%
461.1s 281 [ROADMAP] train_thresholds: 48.4%
462.9s 282 [ROADMAP] train_thresholds: 48.6%
464.5s 283 [ROADMAP] train_thresholds: 48.8%
466.2s 284 [ROADMAP] train_thresholds: 49.0%
468.0s 285 [ROADMAP] train_thresholds: 49.2%
469.9s 286 [ROADMAP] train_thresholds: 49.4%
471.6s 287 [ROADMAP] train_thresholds: 49.6%
473.5s 288 [ROADMAP] train_thresholds: 49.8%
475.3s 289 [ROADMAP] train_thresholds: 50.0%
476.9s 290 [ROADMAP] train_thresholds: 50.2%
478.6s 291 [ROADMAP] train_thresholds: 50.4%
480.3s 292 [ROADMAP] train_thresholds: 50.6%
482.1s 293 [ROADMAP] train_thresholds: 50.8%
483.9s 294 [ROADMAP] train_thresholds: 51.0%
485.8s 295 [ROADMAP] train_thresholds: 51.2%
487.4s 296 [ROADMAP] train_thresholds: 51.4%
489.1s 297 [ROADMAP] train_thresholds: 51.6%
490.9s 298 [ROADMAP] train_thresholds: 51.8%
492.6s 299 [ROADMAP] train_thresholds: 52.0%
494.5s 300 [ROADMAP] train_thresholds: 52.1%
496.2s 301 [ROADMAP] train_thresholds: 52.3%
497.9s 302 [ROADMAP] train_thresholds: 52.5%
499.7s 303 [ROADMAP] train_thresholds: 52.7%
501.6s 304 [ROADMAP] train_thresholds: 52.9%
503.3s 305 [ROADMAP] train_thresholds: 53.1%
504.9s 306 [ROADMAP] train_thresholds: 53.3%
506.7s 307 [ROADMAP] train_thresholds: 53.5%
508.4s 308 [ROADMAP] train_thresholds: 53.7%
510.1s 309 [ROADMAP] train_thresholds: 53.9%
511.9s 310 [ROADMAP] train_thresholds: 54.1%
513.7s 311 [ROADMAP] train_thresholds: 54.3%
515.4s 312 [ROADMAP] train_thresholds: 54.5%
517.2s 313 [ROADMAP] train_thresholds: 54.7%
518.9s 314 [ROADMAP] train_thresholds: 54.9%
520.5s 315 [ROADMAP] train_thresholds: 55.1%
522.3s 316 [ROADMAP] train_thresholds: 55.3%
524.1s 317 [ROADMAP] train_thresholds: 55.5%
525.9s 318 [ROADMAP] train_thresholds: 55.7%
527.7s 319 [ROADMAP] train_thresholds: 55.9%
529.7s 320 [ROADMAP] train_thresholds: 56.1%
531.5s 321 [ROADMAP] train_thresholds: 56.2%
533.4s 322 [ROADMAP] train_thresholds: 56.4%
535.3s 323 [ROADMAP] train_thresholds: 56.6%
537.0s 324 [ROADMAP] train_thresholds: 56.8%
538.7s 325 [ROADMAP] train_thresholds: 57.0%
540.3s 326 [ROADMAP] train_thresholds: 57.2%
542.0s 327 [ROADMAP] train_thresholds: 57.4%
543.8s 328 [ROADMAP] train_thresholds: 57.6%
545.6s 329 [ROADMAP] train_thresholds: 57.8%
547.3s 330 [ROADMAP] train_thresholds: 58.0%
548.2s 331 [ROADMAP] train_thresholds: 58.2%
549.8s 332 [ROADMAP] train_thresholds: 58.4%
551.4s 333 [ROADMAP] train_thresholds: 58.6%
553.1s 334 [ROADMAP] train_thresholds: 58.8%
554.8s 335 [ROADMAP] train_thresholds: 59.0%
556.6s 336 [ROADMAP] train_thresholds: 59.2%
558.3s 337 [ROADMAP] train_thresholds: 59.4%
560.0s 338 [ROADMAP] train_thresholds: 59.6%
561.8s 339 [ROADMAP] train_thresholds: 59.8%
563.5s 340 [ROADMAP] train_thresholds: 60.0%
564.2s 341 [ROADMAP] train_thresholds: 60.2%
565.8s 342 [ROADMAP] train_thresholds: 60.4%
567.6s 343 [ROADMAP] train_thresholds: 60.5%
569.4s 344 [ROADMAP] train_thresholds: 60.7%
571.1s 345 [ROADMAP] train_thresholds: 60.9%
572.7s 346 [ROADMAP] train_thresholds: 61.1%
573.5s 347 [ROADMAP] train_thresholds: 61.3%
575.3s 348 [ROADMAP] train_thresholds: 61.5%
577.1s 349 [ROADMAP] train_thresholds: 61.7%
578.8s 350 [ROADMAP] train_thresholds: 61.9%
580.5s 351 [ROADMAP] train_thresholds: 62.1%
582.2s 352 [ROADMAP] train_thresholds: 62.3%
583.9s 353 [ROADMAP] train_thresholds: 62.5%
585.5s 354 [ROADMAP] train_thresholds: 62.7%
587.1s 355 [ROADMAP] train_thresholds: 62.9%
588.8s 356 [ROADMAP] train_thresholds: 63.1%
590.7s 357 [ROADMAP] train_thresholds: 63.3%
592.6s 358 [ROADMAP] train_thresholds: 63.5%
594.4s 359 [ROADMAP] train_thresholds: 63.7%
596.1s 360 [ROADMAP] train_thresholds: 63.9%
596.9s 361 [ROADMAP] train_thresholds: 64.1%
598.6s 362 [ROADMAP] train_thresholds: 64.3%
600.4s 363 [ROADMAP] train_thresholds: 64.5%
602.1s 364 [ROADMAP] train_thresholds: 64.6%
604.0s 365 [ROADMAP] train_thresholds: 64.8%
605.8s 366 [ROADMAP] train_thresholds: 65.0%
607.4s 367 [ROADMAP] train_thresholds: 65.2%
609.4s 368 [ROADMAP] train_thresholds: 65.4%
610.9s 369 [ROADMAP] train_thresholds: 65.6%
612.6s 370 [ROADMAP] train_thresholds: 65.8%
614.3s 371 [ROADMAP] train_thresholds: 66.0%
615.9s 372 [ROADMAP] train_thresholds: 66.2%
616.8s 373 [ROADMAP] train_thresholds: 66.4%
618.5s 374 [ROADMAP] train_thresholds: 66.6%
620.2s 375 [ROADMAP] train_thresholds: 66.8%
621.8s 376 [ROADMAP] train_thresholds: 67.0%
623.5s 377 [ROADMAP] train_thresholds: 67.2%
625.2s 378 [ROADMAP] train_thresholds: 67.4%
626.9s 379 [ROADMAP] train_thresholds: 67.6%
627.8s 380 [ROADMAP] train_thresholds: 67.8%
628.8s 381 [ROADMAP] train_thresholds: 68.0%
630.5s 382 [ROADMAP] train_thresholds: 68.2%
632.3s 383 [ROADMAP] train_thresholds: 68.4%
634.1s 384 [ROADMAP] train_thresholds: 68.6%
636.1s 385 [ROADMAP] train_thresholds: 68.8%
637.8s 386 [ROADMAP] train_thresholds: 68.9%
639.7s 387 [ROADMAP] train_thresholds: 69.1%
641.4s 388 [ROADMAP] train_thresholds: 69.3%
643.4s 389 [ROADMAP] train_thresholds: 69.5%
645.1s 390 [ROADMAP] train_thresholds: 69.7%
646.8s 391 [ROADMAP] train_thresholds: 69.9%
648.4s 392 [ROADMAP] train_thresholds: 70.1%
649.9s 393 [ROADMAP] train_thresholds: 70.3%
651.7s 394 [ROADMAP] train_thresholds: 70.5%
653.4s 395 [ROADMAP] train_thresholds: 70.7%
655.1s 396 [ROADMAP] train_thresholds: 70.9%
657.0s 397 [ROADMAP] train_thresholds: 71.1%
658.6s 398 [ROADMAP] train_thresholds: 71.3%
660.4s 399 [ROADMAP] train_thresholds: 71.5%
662.3s 400 [ROADMAP] train_thresholds: 71.7%
664.0s 401 [ROADMAP] train_thresholds: 71.9%
665.7s 402 [ROADMAP] train_thresholds: 72.1%
667.5s 403 [ROADMAP] train_thresholds: 72.3%
669.0s 404 [ROADMAP] train_thresholds: 72.5%
669.9s 405 [ROADMAP] train_thresholds: 72.7%
671.7s 406 [ROADMAP] train_thresholds: 72.9%
673.5s 407 [ROADMAP] train_thresholds: 73.0%
675.1s 408 [ROADMAP] train_thresholds: 73.2%
676.9s 409 [ROADMAP] train_thresholds: 73.4%
678.7s 410 [ROADMAP] train_thresholds: 73.6%
680.3s 411 [ROADMAP] train_thresholds: 73.8%
682.1s 412 [ROADMAP] train_thresholds: 74.0%
683.7s 413 [ROADMAP] train_thresholds: 74.2%
685.6s 414 [ROADMAP] train_thresholds: 74.4%
687.4s 415 [ROADMAP] train_thresholds: 74.6%
689.2s 416 [ROADMAP] train_thresholds: 74.8%
691.2s 417 [ROADMAP] train_thresholds: 75.0%
692.9s 418 [ROADMAP] train_thresholds: 75.2%
694.5s 419 [ROADMAP] train_thresholds: 75.4%
695.4s 420 [ROADMAP] train_thresholds: 75.6%
697.1s 421 [ROADMAP] train_thresholds: 75.8%
698.1s 422 [ROADMAP] train_thresholds: 76.0%
699.8s 423 [ROADMAP] train_thresholds: 76.2%
701.6s 424 [ROADMAP] train_thresholds: 76.4%
703.5s 425 [ROADMAP] train_thresholds: 76.6%
705.3s 426 [ROADMAP] train_thresholds: 76.8%
707.0s 427 [ROADMAP] train_thresholds: 77.0%
708.9s 428 [ROADMAP] train_thresholds: 77.1%
710.7s 429 [ROADMAP] train_thresholds: 77.3%
712.6s 430 [ROADMAP] train_thresholds: 77.5%
714.6s 431 [ROADMAP] train_thresholds: 77.7%
716.5s 432 [ROADMAP] train_thresholds: 77.9%
718.3s 433 [ROADMAP] train_thresholds: 78.1%
720.1s 434 [ROADMAP] train_thresholds: 78.3%
721.9s 435 [ROADMAP] train_thresholds: 78.5%
723.7s 436 [ROADMAP] train_thresholds: 78.7%
725.5s 437 [ROADMAP] train_thresholds: 78.9%
727.4s 438 [ROADMAP] train_thresholds: 79.1%
729.4s 439 [ROADMAP] train_thresholds: 79.3%
730.3s 440 [ROADMAP] train_thresholds: 79.5%
732.3s 441 [ROADMAP] train_thresholds: 79.7%
733.8s 442 [ROADMAP] train_thresholds: 79.9%
735.5s 443 [ROADMAP] train_thresholds: 80.1%
737.4s 444 [ROADMAP] train_thresholds: 80.3%
739.2s 445 [ROADMAP] train_thresholds: 80.5%
741.0s 446 [ROADMAP] train_thresholds: 80.7%
742.8s 447 [ROADMAP] train_thresholds: 80.9%
744.5s 448 [ROADMAP] train_thresholds: 81.1%
746.3s 449 [ROADMAP] train_thresholds: 81.2%
747.1s 450 [ROADMAP] train_thresholds: 81.4%
748.9s 451 [ROADMAP] train_thresholds: 81.6%
750.6s 452 [ROADMAP] train_thresholds: 81.8%
751.6s 453 [ROADMAP] train_thresholds: 82.0%
753.4s 454 [ROADMAP] train_thresholds: 82.2%
755.3s 455 [ROADMAP] train_thresholds: 82.4%
757.1s 456 [ROADMAP] train_thresholds: 82.6%
758.9s 457 [ROADMAP] train_thresholds: 82.8%
760.8s 458 [ROADMAP] train_thresholds: 83.0%
762.4s 459 [ROADMAP] train_thresholds: 83.2%
764.2s 460 [ROADMAP] train_thresholds: 83.4%
766.0s 461 [ROADMAP] train_thresholds: 83.6%
767.7s 462 [ROADMAP] train_thresholds: 83.8%
769.3s 463 [ROADMAP] train_thresholds: 84.0%
771.0s 464 [ROADMAP] train_thresholds: 84.2%
772.8s 465 [ROADMAP] train_thresholds: 84.4%
773.7s 466 [ROADMAP] train_thresholds: 84.6%
775.5s 467 [ROADMAP] train_thresholds: 84.8%
777.2s 468 [ROADMAP] train_thresholds: 85.0%
778.9s 469 [ROADMAP] train_thresholds: 85.2%
780.8s 470 [ROADMAP] train_thresholds: 85.4%
782.7s 471 [ROADMAP] train_thresholds: 85.5%
784.6s 472 [ROADMAP] train_thresholds: 85.7%
786.4s 473 [ROADMAP] train_thresholds: 85.9%
788.2s 474 [ROADMAP] train_thresholds: 86.1%
790.2s 475 [ROADMAP] train_thresholds: 86.3%
791.2s 476 [ROADMAP] train_thresholds: 86.5%
793.0s 477 [ROADMAP] train_thresholds: 86.7%
794.7s 478 [ROADMAP] train_thresholds: 86.9%
796.4s 479 [ROADMAP] train_thresholds: 87.1%
798.0s 480 [ROADMAP] train_thresholds: 87.3%
798.9s 481 [ROADMAP] train_thresholds: 87.5%
799.9s 482 [ROADMAP] train_thresholds: 87.7%
801.7s 483 [ROADMAP] train_thresholds: 87.9%
803.5s 484 [ROADMAP] train_thresholds: 88.1%
805.2s 485 [ROADMAP] train_thresholds: 88.3%
806.9s 486 [ROADMAP] train_thresholds: 88.5%
808.6s 487 [ROADMAP] train_thresholds: 88.7%
810.4s 488 [ROADMAP] train_thresholds: 88.9%
812.2s 489 [ROADMAP] train_thresholds: 89.1%
814.1s 490 [ROADMAP] train_thresholds: 89.3%
816.0s 491 [ROADMAP] train_thresholds: 89.5%
817.7s 492 [ROADMAP] train_thresholds: 89.6%
819.5s 493 [ROADMAP] train_thresholds: 89.8%
821.2s 494 [ROADMAP] train_thresholds: 90.0%
822.8s 495 [ROADMAP] train_thresholds: 90.2%
824.5s 496 [ROADMAP] train_thresholds: 90.4%
826.3s 497 [ROADMAP] train_thresholds: 90.6%
828.0s 498 [ROADMAP] train_thresholds: 90.8%
829.9s 499 [ROADMAP] train_thresholds: 91.0%
831.5s 500 [ROADMAP] train_thresholds: 91.2%
833.5s 501 [ROADMAP] train_thresholds: 91.4%
835.2s 502 [ROADMAP] train_thresholds: 91.6%
837.0s 503 [ROADMAP] train_thresholds: 91.8%
837.9s 504 [ROADMAP] train_thresholds: 92.0%
839.6s 505 [ROADMAP] train_thresholds: 92.2%
841.5s 506 [ROADMAP] train_thresholds: 92.4%
843.4s 507 [ROADMAP] train_thresholds: 92.6%
845.0s 508 [ROADMAP] train_thresholds: 92.8%
847.0s 509 [ROADMAP] train_thresholds: 93.0%
848.8s 510 [ROADMAP] train_thresholds: 93.2%
850.7s 511 [ROADMAP] train_thresholds: 93.4%
852.4s 512 [ROADMAP] train_thresholds: 93.6%
854.1s 513 [ROADMAP] train_thresholds: 93.8%
855.9s 514 [ROADMAP] train_thresholds: 93.9%
857.7s 515 [ROADMAP] train_thresholds: 94.1%
859.5s 516 [ROADMAP] train_thresholds: 94.3%
861.5s 517 [ROADMAP] train_thresholds: 94.5%
863.4s 518 [ROADMAP] train_thresholds: 94.7%
865.2s 519 [ROADMAP] train_thresholds: 94.9%
867.0s 520 [ROADMAP] train_thresholds: 95.1%
868.7s 521 [ROADMAP] train_thresholds: 95.3%
870.3s 522 [ROADMAP] train_thresholds: 95.5%
872.0s 523 [ROADMAP] train_thresholds: 95.7%
873.7s 524 [ROADMAP] train_thresholds: 95.9%
875.5s 525 [ROADMAP] train_thresholds: 96.1%
877.2s 526 [ROADMAP] train_thresholds: 96.3%
878.9s 527 [ROADMAP] train_thresholds: 96.5%
880.6s 528 [ROADMAP] train_thresholds: 96.7%
882.4s 529 [ROADMAP] train_thresholds: 96.9%
884.2s 530 [ROADMAP] train_thresholds: 97.1%
886.0s 531 [ROADMAP] train_thresholds: 97.3%
887.7s 532 [ROADMAP] train_thresholds: 97.5%
889.5s 533 [ROADMAP] train_thresholds: 97.7%
891.2s 534 [ROADMAP] train_thresholds: 97.9%
892.9s 535 [ROADMAP] train_thresholds: 98.0%
894.7s 536 [ROADMAP] train_thresholds: 98.2%
896.4s 537 [ROADMAP] train_thresholds: 98.4%
898.1s 538 [ROADMAP] train_thresholds: 98.6%
899.1s 539 [ROADMAP] train_thresholds: 98.8%
900.8s 540 [ROADMAP] train_thresholds: 99.0%
902.6s 541 [ROADMAP] train_thresholds: 99.2%
904.5s 542 [ROADMAP] train_thresholds: 99.4%
906.3s 543 [ROADMAP] train_thresholds: 99.6%
908.1s 544 [ROADMAP] train_thresholds: 99.8%
909.8s 545 [ROADMAP] train_thresholds: 100.0%
911.5s 546 [ROADMAP] infer_predictions: 100.0%
913.1s 547 [ROADMAP] package_submission: 20.0%
913.1s 548 [ROADMAP] package_submission: 100.0%
913.1s 549 [ROADMAP] finalize_forensics: 100.0%
913.1s 550 {
913.1s 551 "runtime_status": "offline_activated",
913.1s 552 "pipeline_status": "success",
913.1s 553 "active_neurons": 1257219,
913.1s 554 "total_allocations": 513,
913.1s 555 "total_pixels_processed": 51499008,
913.1s 556 "total_ink_pixels": 25700106,
913.1s 557 "ink_ratio": 0.4990407970576831,
913.1s 558 "qi_index_real": 6.344191572092517e-05,
913.1s 559 "cpu_total_ns": 811750518798,
913.1s 560 "merkle_root": "3eb557228e6e20269065c782648a8b0876501440d538c2e982feb8d9110dca5a8b21ff3d8cba95947d1326f118ef93d7f45ed86fff72973d8ef7f311f7a6c261",
913.1s 561 "status": "100%_OFFLINE_ACTIVATED",
913.1s 562 "layout_detected": "competition_test_images",
913.1s 563 "configured_data_root": "/kaggle/input/vesuvius-challenge-ink-detection",
913.1s 564 "effective_data_root": "/kaggle/input/competitions/vesuvius-challenge-surface-detection",
913.1s 565 "discovery_attempts": [
913.1s 566 {
913.1s 567 "root": "/kaggle/input/competitions/vesuvius-challenge-surface-detection",
913.1s 568 "mode": "competition_test_images",
913.1s 569 "train": 786,
913.1s 570 "test": 1
913.1s 571 }
913.1s 572 ],
913.1s 573 "train_items_total": 786,
913.1s 574 "train_items_with_labels": 512,
913.1s 575 "train_items_skipped_no_label": 0,
913.1s 576 "train_items": [
913.1s 577 "1004283650.tif",
913.1s 578 "1006462223.tif",
913.1s 579 "1013184726.tif",
913.1s 580 "102536988.tif",
913.1s 581 "1029212680.tif",
913.1s 582 "1033375083.tif",
913.1s 583 "1033784946.tif",
913.1s 584 "1044587645.tif",
913.1s 585 "105068588.tif",
913.1s 586 "105796630.tif",
913.1s 587 "1059332280.tif",
913.1s 588 "1061356924.tif",
913.1s 589 "1075217434.tif",
913.1s 590 "1079776201.tif",
913.1s 591 "1083486419.tif",
913.1s 592 "108672114.tif",
913.1s 593 "1105906805.tif",
913.1s 594 "1108059824.tif",
913.1s 595 "110997297.tif",
913.1s 596 "1113943087.tif",
913.1s 597 "1127903126.tif",
913.1s 598 "1128635125.tif",
913.1s 599 "114235076.tif",
913.1s 600 "11460685.tif",
913.1s 601 "1154777170.tif",
913.1s 602 "1156808983.tif",
913.1s 603 "1157445126.tif",
913.1s 604 "1159818141.tif",
913.1s 605 "11630450.tif",
913.1s 606 "1168011639.tif",
913.1s 607 "1176487902.tif",
913.1s 608 "118041886.tif",
913.1s 609 "1182039038.tif",
913.1s 610 "118632705.tif",
913.1s 611 "1186499682.tif",
913.1s 612 "1189767014.tif",
913.1s 613 "1200862647.tif",
913.1s 614 "1201940326.tif",
913.1s 615 "1204899528.tif",
913.1s 616 "1208001693.tif",
913.1s 617 "1210295426.tif",
913.1s 618 "1210615920.tif",
913.1s 619 "1210927642.tif",
913.1s 620 "1215679884.tif",
913.1s 621 "1219581388.tif",
913.1s 622 "1230055797.tif",
913.1s 623 "1235128733.tif",
913.1s 624 "1238314834.tif",
913.1s 625 "1238390590.tif",
913.1s 626 "1239284127.tif",
913.1s 627 "1240194203.tif",
913.1s 628 "1242812707.tif",
913.1s 629 "1242962297.tif",
913.1s 630 "1253813461.tif",
913.1s 631 "1255754809.tif",
913.1s 632 "1261544272.tif",
913.1s 633 "1267989019.tif",
913.1s 634 "1271223370.tif",
913.1s 635 "1272760814.tif",
913.1s 636 "1294570892.tif",
913.1s 637 "1296996509.tif",
913.1s 638 "1306752115.tif",
913.1s 639 "1311779219.tif",
913.1s 640 "1316805721.tif",
913.1s 641 "1329351767.tif",
913.1s 642 "1330705651.tif",
913.1s 643 "1332121747.tif",
913.1s 644 "1341999317.tif",
913.1s 645 "1351645019.tif",
913.1s 646 "1354910392.tif",
913.1s 647 "1367329139.tif",
913.1s 648 "1368903217.tif",
913.1s 649 "1369609932.tif",
913.1s 650 "1370134939.tif",
913.1s 651 "1379194145.tif",
913.1s 652 "1391167593.tif",
913.1s 653 "1395654524.tif",
913.1s 654 "1404108352.tif",
913.1s 655 "1412233012.tif",
913.1s 656 "1420786524.tif",
913.1s 657 "1424527489.tif",
913.1s 658 "1425151232.tif",
913.1s 659 "1430679851.tif",
913.1s 660 "1435658104.tif",
913.1s 661 "1440669255.tif",
913.1s 662 "1442179410.tif",
913.1s 663 "1448189335.tif",
913.1s 664 "1449602646.tif",
913.1s 665 "1454104195.tif",
913.1s 666 "1459340749.tif",
913.1s 667 "1460828631.tif",
913.1s 668 "1471460767.tif",
913.1s 669 "1480691377.tif",
913.1s 670 "1483500546.tif",
913.1s 671 "149409101.tif",
913.1s 672 "1497289496.tif",
913.1s 673 "1503030068.tif",
913.1s 674 "1505524936.tif",
913.1s 675 "1505792607.tif",
913.1s 676 "1506367235.tif",
913.1s 677 "1508330045.tif",
913.1s 678 "1519902750.tif",
913.1s 679 "1522833038.tif",
913.1s 680 "1524465289.tif",
913.1s 681 "1526377662.tif",
913.1s 682 "15307632.tif",
913.1s 683 "1531506078.tif",
913.1s 684 "1542708535.tif",
913.1s 685 "1553955454.tif",
913.1s 686 "1556295020.tif",
913.1s 687 "1557465183.tif",
913.1s 688 "1561013957.tif",
913.1s 689 "1565784049.tif",
913.1s 690 "1566185731.tif",
913.1s 691 "1577382633.tif",
913.1s 692 "1578248244.tif",
913.1s 693 "158898728.tif",
913.1s 694 "1589119778.tif",
913.1s 695 "159112826.tif",
913.1s 696 "1596691633.tif",
913.1s 697 "1603877492.tif",
913.1s 698 "1607714040.tif",
913.1s 699 "1612471366.tif",
913.1s 700 "1613378452.tif",
913.1s 701 "1615896532.tif",
913.1s 702 "1616597122.tif",
913.1s 703 "1625676216.tif",
913.1s 704 "1625909146.tif",
913.1s 705 "162812671.tif",
913.1s 706 "1634687021.tif",
913.1s 707 "1639956906.tif",
913.1s 708 "1642047701.tif",
913.1s 709 "164224384.tif",
913.1s 710 "1643996246.tif",
913.1s 711 "1655876858.tif",
913.1s 712 "1662041291.tif",
913.1s 713 "1666298112.tif",
913.1s 714 "1669670049.tif",
913.1s 715 "1671010748.tif",
913.1s 716 "1679790444.tif",
913.1s 717 "1681590107.tif",
913.1s 718 "1687829027.tif",
913.1s 719 "1693625989.tif",
913.1s 720 "1693721638.tif",
913.1s 721 "1704770049.tif",
913.1s 722 "1706947731.tif",
913.1s 723 "1715403595.tif",
913.1s 724 "1720613063.tif",
913.1s 725 "1722912570.tif",
913.1s 726 "1725830085.tif",
913.1s 727 "17283971.tif",
913.1s 728 "1732242978.tif",
913.1s 729 "1734818300.tif",
913.1s 730 "1737469977.tif",
913.1s 731 "1741397554.tif",
913.1s 732 "1746646794.tif",
913.1s 733 "1757276221.tif",
913.1s 734 "1762562855.tif",
913.1s 735 "176501514.tif",
913.1s 736 "1779677207.tif",
913.1s 737 "1783261305.tif",
913.1s 738 "1790344501.tif",
913.1s 739 "1790856995.tif",
913.1s 740 "1791213794.tif",
913.1s 741 "1793326608.tif",
913.1s 742 "1795164441.tif",
913.1s 743 "1796385572.tif",
913.1s 744 "1796762532.tif",
913.1s 745 "1798146413.tif",
913.1s 746 "1812790174.tif",
913.1s 747 "1815623142.tif",
913.1s 748 "1818529443.tif",
913.1s 749 "1820528268.tif",
913.1s 750 "1823626595.tif",
913.1s 751 "1825838007.tif",
913.1s 752 "1834183371.tif",
913.1s 753 "1837890067.tif",
913.1s 754 "1842921029.tif",
913.1s 755 "1845578058.tif",
913.1s 756 "1851560107.tif",
913.1s 757 "185176123.tif",
913.1s 758 "1853493924.tif",
913.1s 759 "1858247918.tif",
913.1s 760 "1866627733.tif",
913.1s 761 "1871106040.tif",
913.1s 762 "1876224755.tif",
913.1s 763 "1878959347.tif",
913.1s 764 "1881495000.tif",
913.1s 765 "1882650170.tif",
913.1s 766 "1890221621.tif",
913.1s 767 "1890409640.tif",
913.1s 768 "1891372224.tif",
913.1s 769 "1914571029.tif",
913.1s 770 "1923436243.tif",
913.1s 771 "1927075549.tif",
913.1s 772 "193365288.tif",
913.1s 773 "1939536631.tif",
913.1s 774 "1960540938.tif",
913.1s 775 "1961113613.tif",
913.1s 776 "1963069058.tif",
913.1s 777 "1966171058.tif",
913.1s 778 "196724516.tif",
913.1s 779 "1967300661.tif",
913.1s 780 "19797301.tif",
913.1s 781 "1985075117.tif",
913.1s 782 "1996567865.tif",
913.1s 783 "2003263496.tif",
913.1s 784 "2004658464.tif",
913.1s 785 "2007080007.tif",
913.1s 786 "2012359760.tif",
913.1s 787 "2018034763.tif",
913.1s 788 "2021834463.tif",
913.1s 789 "2024572193.tif",
913.1s 790 "2035810630.tif",
913.1s 791 "2046703546.tif",
913.1s 792 "2051981635.tif",
913.1s 793 "2059872339.tif",
913.1s 794 "206065757.tif",
913.1s 795 "2067397446.tif",
913.1s 796 "2068510087.tif",
913.1s 797 "2079519026.tif",
913.1s 798 "2082949504.tif",
913.1s 799 "2087850246.tif",
913.1s 800 "2088623970.tif",
913.1s 801 "209220243.tif",
913.1s 802 "2093229706.tif",
913.1s 803 "2098828418.tif",
913.1s 804 "2101035605.tif",
913.1s 805 "2104413478.tif",
913.1s 806 "2106649393.tif",
913.1s 807 "2111177666.tif",
913.1s 808 "2116132949.tif",
913.1s 809 "2116542410.tif",
913.1s 810 "2125961987.tif",
913.1s 811 "2128181788.tif",
913.1s 812 "2131767139.tif",
913.1s 813 "2136851012.tif",
913.1s 814 "2137776807.tif",
913.1s 815 "2142002305.tif",
913.1s 816 "2147357641.tif",
913.1s 817 "2150538987.tif",
913.1s 818 "215093936.tif",
913.1s 819 "2152970898.tif",
913.1s 820 "2155812540.tif",
913.1s 821 "2157512838.tif",
913.1s 822 "216571367.tif",
913.1s 823 "216657071.tif",
913.1s 824 "2178672922.tif",
913.1s 825 "2188050882.tif",
913.1s 826 "2194377014.tif",
913.1s 827 "2203617984.tif",
913.1s 828 "2203858319.tif",
913.1s 829 "2205179329.tif",
913.1s 830 "2206870115.tif",
913.1s 831 "2210475972.tif",
913.1s 832 "2212990887.tif",
913.1s 833 "2214190880.tif",
913.1s 834 "2220704498.tif",
913.1s 835 "2220787575.tif",
913.1s 836 "2228083941.tif",
913.1s 837 "2238739625.tif",
913.1s 838 "2257172177.tif",
913.1s 839 "2268918028.tif",
913.1s 840 "2272064421.tif",
913.1s 841 "2272910022.tif",
913.1s 842 "2280761294.tif",
913.1s 843 "2285337981.tif",
913.1s 844 "2290837.tif",
913.1s 845 "2292614243.tif",
913.1s 846 "2294602175.tif",
913.1s 847 "2306395636.tif",
913.1s 848 "2311643839.tif",
913.1s 849 "2314417530.tif",
913.1s 850 "2330704793.tif",
913.1s 851 "2332602982.tif",
913.1s 852 "2335392878.tif",
913.1s 853 "2337322763.tif",
913.1s 854 "2352678715.tif",
913.1s 855 "2361792849.tif",
913.1s 856 "236296322.tif",
913.1s 857 "237111043.tif",
913.1s 858 "2373617013.tif",
913.1s 859 "2375325173.tif",
913.1s 860 "2377884359.tif",
913.1s 861 "239904888.tif",
913.1s 862 "2402197522.tif",
913.1s 863 "2410046565.tif",
913.1s 864 "241509106.tif",
913.1s 865 "241514276.tif",
913.1s 866 "2419036429.tif",
913.1s 867 "2423079874.tif",
913.1s 868 "2424610202.tif",
913.1s 869 "244496252.tif",
913.1s 870 "2445577751.tif",
913.1s 871 "2454492741.tif",
913.1s 872 "2456859500.tif",
913.1s 873 "246751123.tif",
913.1s 874 "2473381112.tif",
913.1s 875 "2475831799.tif",
913.1s 876 "2489372663.tif",
913.1s 877 "2495748513.tif",
913.1s 878 "2496585510.tif",
913.1s 879 "2497392974.tif",
913.1s 880 "2502110845.tif",
913.1s 881 "250913537.tif",
913.1s 882 "251333914.tif",
913.1s 883 "2517705156.tif",
913.1s 884 "2524776433.tif",
913.1s 885 "2530405250.tif",
913.1s 886 "2531358332.tif",
913.1s 887 "2536049117.tif",
913.1s 888 "2540481853.tif",
913.1s 889 "2544642863.tif",
913.1s 890 "2550619349.tif",
913.1s 891 "2552677227.tif",
913.1s 892 "2553197977.tif",
913.1s 893 "2555675774.tif",
913.1s 894 "2556347231.tif",
913.1s 895 "2579374491.tif",
913.1s 896 "2589044500.tif",
913.1s 897 "2590633777.tif",
913.1s 898 "2600169169.tif",
913.1s 899 "2615287684.tif",
913.1s 900 "262156460.tif",
913.1s 901 "2623225052.tif",
913.1s 902 "2623678684.tif",
913.1s 903 "2626593634.tif",
913.1s 904 "2632109508.tif",
913.1s 905 "263322541.tif",
913.1s 906 "2642624633.tif",
913.1s 907 "2652698199.tif",
913.1s 908 "2653068915.tif",
913.1s 909 "2656396745.tif",
913.1s 910 "2660177791.tif",
913.1s 911 "2669341205.tif",
913.1s 912 "2669969378.tif",
913.1s 913 "2673757182.tif",
913.1s 914 "2676456148.tif",
913.1s 915 "2689046967.tif",
913.1s 916 "26894125.tif",
913.1s 917 "2705604173.tif",
913.1s 918 "2708764018.tif",
913.1s 919 "2713673035.tif",
913.1s 920 "2716466411.tif",
913.1s 921 "2716752782.tif",
913.1s 922 "2716947869.tif",
913.1s 923 "2727460783.tif",
913.1s 924 "2734445540.tif",
913.1s 925 "2736169384.tif",
913.1s 926 "2737376036.tif",
913.1s 927 "2741330005.tif",
913.1s 928 "2757751083.tif",
913.1s 929 "2757775745.tif",
913.1s 930 "2759477755.tif",
913.1s 931 "2761996776.tif",
913.1s 932 "2763227159.tif",
913.1s 933 "2768504081.tif",
913.1s 934 "2770853879.tif",
913.1s 935 "2773856183.tif",
913.1s 936 "2775536173.tif",
913.1s 937 "2778370612.tif",
913.1s 938 "278498200.tif",
913.1s 939 "2785199107.tif",
913.1s 940 "2786449252.tif",
913.1s 941 "2789632551.tif",
913.1s 942 "2790504204.tif",
913.1s 943 "2808420551.tif",
913.1s 944 "2809620240.tif",
913.1s 945 "2813533679.tif",
913.1s 946 "2815220063.tif",
913.1s 947 "2821927657.tif",
913.1s 948 "2844417457.tif",
913.1s 949 "2851151222.tif",
913.1s 950 "2855094384.tif",
913.1s 951 "2869809793.tif",
913.1s 952 "2875030463.tif",
913.1s 953 "2880423383.tif",
913.1s 954 "2881190689.tif",
913.1s 955 "288548608.tif",
913.1s 956 "2887085917.tif",
913.1s 957 "2894972157.tif",
913.1s 958 "2902578006.tif",
913.1s 959 "2902582474.tif",
913.1s 960 "2908683777.tif",
913.1s 961 "2910938028.tif",
913.1s 962 "2933605769.tif",
913.1s 963 "2935800469.tif",
913.1s 964 "294458037.tif",
913.1s 965 "2945808105.tif",
913.1s 966 "2961522369.tif",
913.1s 967 "2961547523.tif",
913.1s 968 "2966806958.tif",
913.1s 969 "2972783115.tif",
913.1s 970 "29754811.tif",
913.1s 971 "2981267096.tif",
913.1s 972 "2983822886.tif",
913.1s 973 "2988217553.tif",
913.1s 974 "2988223195.tif",
913.1s 975 "3002733017.tif",
913.1s 976 "3003756173.tif",
913.1s 977 "3012922391.tif",
913.1s 978 "3016463213.tif",
913.1s 979 "3019071518.tif",
913.1s 980 "3020371188.tif",
913.1s 981 "3020373917.tif",
913.1s 982 "302353284.tif",
913.1s 983 "302991709.tif",
913.1s 984 "3031545955.tif",
913.1s 985 "3034991642.tif",
913.1s 986 "3035195503.tif",
913.1s 987 "3037854247.tif",
913.1s 988 "3040864797.tif",
913.1s 989 "3043804417.tif",
913.1s 990 "304383493.tif",
913.1s 991 "3046048622.tif",
913.1s 992 "3049591468.tif",
913.1s 993 "3056295573.tif",
913.1s 994 "3060150865.tif",
913.1s 995 "3061154571.tif",
913.1s 996 "3064717657.tif",
913.1s 997 "3065239797.tif",
913.1s 998 "3066128920.tif",
913.1s 999 "3070061281.tif",
913.1s 1000 "3072203034.tif",
913.1s 1001 "3074797420.tif",
913.1s 1002 "3076490891.tif",
913.1s 1003 "3088997407.tif",
913.1s 1004 "3090197578.tif",
913.1s 1005 "3097347461.tif",
913.1s 1006 "3099819923.tif",
913.1s 1007 "3102979250.tif",
913.1s 1008 "311543433.tif",
913.1s 1009 "3137156884.tif",
913.1s 1010 "3138051242.tif",
913.1s 1011 "3141052542.tif",
913.1s 1012 "3144205538.tif",
913.1s 1013 "3146430389.tif",
913.1s 1014 "315189226.tif",
913.1s 1015 "3152234929.tif",
913.1s 1016 "3156756992.tif",
913.1s 1017 "3158644933.tif",
913.1s 1018 "3164491657.tif",
913.1s 1019 "3183136322.tif",
913.1s 1020 "3183278576.tif",
913.1s 1021 "3185727008.tif",
913.1s 1022 "3188147679.tif",
913.1s 1023 "3189521677.tif",
913.1s 1024 "3194326202.tif",
913.1s 1025 "3198627305.tif",
913.1s 1026 "3211982948.tif",
913.1s 1027 "3214941840.tif",
913.1s 1028 "3237609845.tif",
913.1s 1029 "324225693.tif",
913.1s 1030 "3248922039.tif",
913.1s 1031 "3250832839.tif",
913.1s 1032 "3253501219.tif",
913.1s 1033 "3265775428.tif",
913.1s 1034 "3276984492.tif",
913.1s 1035 "327851248.tif",
913.1s 1036 "3280953653.tif",
913.1s 1037 "3281388561.tif",
913.1s 1038 "3290306825.tif",
913.1s 1039 "3294954456.tif",
913.1s 1040 "3298840559.tif",
913.1s 1041 "3318424972.tif",
913.1s 1042 "3318557622.tif",
913.1s 1043 "3320274.tif",
913.1s 1044 "3321304167.tif",
913.1s 1045 "3324873066.tif",
913.1s 1046 "3328549068.tif",
913.1s 1047 "3335656968.tif",
913.1s 1048 "3337576154.tif",
913.1s 1049 "3340933719.tif",
913.1s 1050 "3342671660.tif",
913.1s 1051 "3346244732.tif",
913.1s 1052 "3346415441.tif",
913.1s 1053 "3346651832.tif",
913.1s 1054 "3351412255.tif",
913.1s 1055 "3355195275.tif",
913.1s 1056 "3361709803.tif",
913.1s 1057 "3370691076.tif",
913.1s 1058 "3371019516.tif",
913.1s 1059 "3376387932.tif",
913.1s 1060 "338740527.tif",
913.1s 1061 "3389327496.tif",
913.1s 1062 "3393924745.tif",
913.1s 1063 "3394433588.tif",
913.1s 1064 "3403995981.tif",
913.1s 1065 "3406558476.tif",
913.1s 1066 "3406708348.tif",
913.1s 1067 "3409971532.tif",
913.1s 1068 "3414512299.tif",
913.1s 1069 "3414605268.tif",
913.1s 1070 "3419802889.tif",
913.1s 1071 "342428192.tif",
913.1s 1072 "342477941.tif",
913.1s 1073 "3431039202.tif",
913.1s 1074 "3436049398.tif",
913.1s 1075 "3436915414.tif",
913.1s 1076 "3439864183.tif",
913.1s 1077 "3442657655.tif",
913.1s 1078 "3443360699.tif",
913.1s 1079 "344456112.tif",
913.1s 1080 "3467185855.tif",
913.1s 1081 "3497041635.tif",
913.1s 1082 "3513954919.tif",
913.1s 1083 "3515764944.tif",
913.1s 1084 "3522460784.tif",
913.1s 1085 "3522504366.tif",
913.1s 1086 "3527825464.tif",
913.1s 1087 "3535030114.tif",
913.1s 1088 "3542835985.tif",
913.1s 1089 "3545147380.tif",
913.1s 1090 "3554743381.tif",
913.1s 1091 "3562312952.tif",
913.1s 1092 "3595246520.tif",
913.1s 1093 "3598654160.tif",
913.1s 1094 "3602356228.tif",
913.1s 1095 "3603241078.tif",
913.1s 1096 "360339268.tif",
913.1s 1097 "3603497779.tif",
913.1s 1098 "3608009641.tif",
913.1s 1099 "3614895682.tif",
913.1s 1100 "3620638870.tif",
913.1s 1101 "3622438556.tif",
913.1s 1102 "3628843560.tif",
913.1s 1103 "363381119.tif",
913.1s 1104 "3635486343.tif",
913.1s 1105 "3637340207.tif",
913.1s 1106 "3642178743.tif",
913.1s 1107 "364539111.tif",
913.1s 1108 "3647910527.tif",
913.1s 1109 "364978558.tif",
913.1s 1110 "3652794077.tif",
913.1s 1111 "3662102503.tif",
913.1s 1112 "3663725364.tif",
913.1s 1113 "3664792107.tif",
913.1s 1114 "3676026615.tif",
913.1s 1115 "3681179135.tif",
913.1s 1116 "3686818985.tif",
913.1s 1117 "3691457079.tif",
913.1s 1118 "3694884789.tif",
913.1s 1119 "3700757712.tif",
913.1s 1120 "370627915.tif",
913.1s 1121 "3707256544.tif",
913.1s 1122 "3710912607.tif",
913.1s 1123 "3721853537.tif",
913.1s 1124 "3732127861.tif",
913.1s 1125 "3742893488.tif",
913.1s 1126 "3767466977.tif",
913.1s 1127 "3769121277.tif",
913.1s 1128 "3770778897.tif",
913.1s 1129 "3774596591.tif",
913.1s 1130 "378779937.tif",
913.1s 1131 "3788871542.tif",
913.1s 1132 "3792996653.tif",
913.1s 1133 "3794425553.tif",
913.1s 1134 "3794435116.tif",
913.1s 1135 "3797609646.tif",
913.1s 1136 "3803006499.tif",
913.1s 1137 "38034250.tif",
913.1s 1138 "3808412216.tif",
913.1s 1139 "3811489418.tif",
913.1s 1140 "3819086916.tif",
913.1s 1141 "3820901393.tif",
913.1s 1142 "3823213091.tif",
913.1s 1143 "3830755614.tif",
913.1s 1144 "3834183540.tif",
913.1s 1145 "3837479943.tif",
913.1s 1146 "3846096767.tif",
913.1s 1147 "3853942725.tif",
913.1s 1148 "3854101708.tif",
913.1s 1149 "3854983004.tif",
913.1s 1150 "3866421231.tif",
913.1s 1151 "3878283235.tif",
913.1s 1152 "3887603902.tif",
913.1s 1153 "3897872090.tif",
913.1s 1154 "3904609999.tif",
913.1s 1155 "3918162598.tif",
913.1s 1156 "3919317307.tif",
913.1s 1157 "3921214992.tif",
913.1s 1158 "3921562037.tif",
913.1s 1159 "3922476405.tif",
913.1s 1160 "3924902780.tif",
913.1s 1161 "3925240194.tif",
913.1s 1162 "3929972930.tif",
913.1s 1163 "3931084502.tif",
913.1s 1164 "3931902777.tif",
913.1s 1165 "3939111351.tif",
913.1s 1166 "3958093739.tif",
913.1s 1167 "3962971462.tif",
913.1s 1168 "3963531557.tif",
913.1s 1169 "3965259126.tif",
913.1s 1170 "3965555633.tif",
913.1s 1171 "3968673855.tif",
913.1s 1172 "3970017952.tif",
913.1s 1173 "3970776156.tif",
913.1s 1174 "3977024865.tif",
913.1s 1175 "3978531923.tif",
913.1s 1176 "3978718576.tif",
913.1s 1177 "3982999424.tif",
913.1s 1178 "398977019.tif",
913.1s 1179 "399611216.tif",
913.1s 1180 "4014453466.tif",
913.1s 1181 "4015222329.tif",
913.1s 1182 "4020494299.tif",
913.1s 1183 "4023763904.tif",
913.1s 1184 "4024699648.tif",
913.1s 1185 "4024884955.tif",
913.1s 1186 "4026460947.tif",
913.1s 1187 "4031467781.tif",
913.1s 1188 "404970490.tif",
913.1s 1189 "4055275941.tif",
913.1s 1190 "40625686.tif",
913.1s 1191 "4063221641.tif",
913.1s 1192 "4064202950.tif",
913.1s 1193 "4065328827.tif",
913.1s 1194 "4066091069.tif",
913.1s 1195 "406944815.tif",
913.1s 1196 "4070071601.tif",
913.1s 1197 "4081240825.tif",
913.1s 1198 "4089994719.tif",
913.1s 1199 "4105398542.tif",
913.1s 1200 "4107199299.tif",
913.1s 1201 "4109320911.tif",
913.1s 1202 "4112966741.tif",
913.1s 1203 "4113035720.tif",
913.1s 1204 "4125736882.tif",
913.1s 1205 "415208576.tif",
913.1s 1206 "4158695626.tif",
913.1s 1207 "417091286.tif",
913.1s 1208 "4174099222.tif",
913.1s 1209 "4180160757.tif",
913.1s 1210 "4183432614.tif",
913.1s 1211 "4184728487.tif",
913.1s 1212 "4185163701.tif",
913.1s 1213 "418613908.tif",
913.1s 1214 "4187712419.tif",
913.1s 1215 "4192381697.tif",
913.1s 1216 "4192772397.tif",
913.1s 1217 "4193724049.tif",
913.1s 1218 "419698042.tif",
913.1s 1219 "4205218927.tif",
913.1s 1220 "4208123944.tif",
913.1s 1221 "4209891505.tif",
913.1s 1222 "4213889683.tif",
913.1s 1223 "4216652155.tif",
913.1s 1224 "4218389312.tif",
913.1s 1225 "4221764104.tif",
913.1s 1226 "4224411365.tif",
913.1s 1227 "4229347055.tif",
913.1s 1228 "4233602520.tif",
913.1s 1229 "4235140888.tif",
913.1s 1230 "4239546470.tif",
913.1s 1231 "4244019916.tif",
913.1s 1232 "4246483381.tif",
913.1s 1233 "4256996840.tif",
913.1s 1234 "426871543.tif",
913.1s 1235 "4273576431.tif",
913.1s 1236 "4280519539.tif",
913.1s 1237 "4288082812.tif",
913.1s 1238 "4293224556.tif",
913.1s 1239 "435122332.tif",
913.1s 1240 "436578995.tif",
913.1s 1241 "446913980.tif",
913.1s 1242 "44701864.tif",
913.1s 1243 "453687900.tif",
913.1s 1244 "45525309.tif",
913.1s 1245 "456049089.tif",
913.1s 1246 "46039092.tif",
913.1s 1247 "464289213.tif",
913.1s 1248 "469631183.tif",
913.1s 1249 "469842901.tif",
913.1s 1250 "469888632.tif",
913.1s 1251 "477109023.tif",
913.1s 1252 "48696132.tif",
913.1s 1253 "489699498.tif",
913.1s 1254 "489804959.tif",
913.1s 1255 "500230427.tif",
913.1s 1256 "501349675.tif",
913.1s 1257 "508375143.tif",
913.1s 1258 "508465689.tif",
913.1s 1259 "513390852.tif",
913.1s 1260 "516292750.tif",
913.1s 1261 "521237884.tif",
913.1s 1262 "529850947.tif",
913.1s 1263 "530021252.tif",
913.1s 1264 "53160227.tif",
913.1s 1265 "535029841.tif",
913.1s 1266 "535534919.tif",
913.1s 1267 "537634870.tif",
913.1s 1268 "537867812.tif",
913.1s 1269 "541673255.tif",
913.1s 1270 "544161273.tif",
913.1s 1271 "547922158.tif",
913.1s 1272 "549744828.tif",
913.1s 1273 "555297952.tif",
913.1s 1274 "567464717.tif",
913.1s 1275 "568160669.tif",
913.1s 1276 "571334887.tif",
913.1s 1277 "572077733.tif",
913.1s 1278 "583807726.tif",
913.1s 1279 "584514551.tif",
913.1s 1280 "595274163.tif",
913.1s 1281 "599381487.tif",
913.1s 1282 "601001728.tif",
913.1s 1283 "601514225.tif",
913.1s 1284 "60272894.tif",
913.1s 1285 "602831951.tif",
913.1s 1286 "608924538.tif",
913.1s 1287 "62269536.tif",
913.1s 1288 "628488599.tif",
913.1s 1289 "633046981.tif",
913.1s 1290 "63469416.tif",
913.1s 1291 "636928528.tif",
913.1s 1292 "638703951.tif",
913.1s 1293 "643395780.tif",
913.1s 1294 "648443467.tif",
913.1s 1295 "656697281.tif",
913.1s 1296 "657118714.tif",
913.1s 1297 "663106834.tif",
913.1s 1298 "677662996.tif",
913.1s 1299 "687559918.tif",
913.1s 1300 "690562299.tif",
913.1s 1301 "693501383.tif",
913.1s 1302 "694937072.tif",
913.1s 1303 "698453823.tif",
913.1s 1304 "702123980.tif",
913.1s 1305 "702267251.tif",
913.1s 1306 "70695797.tif",
913.1s 1307 "708370133.tif",
913.1s 1308 "711169763.tif",
913.1s 1309 "711832556.tif",
913.1s 1310 "714558499.tif",
913.1s 1311 "715431997.tif",
913.1s 1312 "716803219.tif",
913.1s 1313 "719197630.tif",
913.1s 1314 "722561671.tif",
913.1s 1315 "724175864.tif",
913.1s 1316 "725727411.tif",
913.1s 1317 "730065526.tif",
913.1s 1318 "744788585.tif",
913.1s 1319 "746664827.tif",
913.1s 1320 "762867428.tif",
913.1s 1321 "765473271.tif",
913.1s 1322 "772457118.tif",
913.1s 1323 "776379178.tif",
913.1s 1324 "777463733.tif",
913.1s 1325 "785433964.tif",
913.1s 1326 "787804611.tif",
913.1s 1327 "79646334.tif",
913.1s 1328 "797181487.tif",
913.1s 1329 "803213133.tif",
913.1s 1330 "805297990.tif",
913.1s 1331 "810239114.tif",
913.1s 1332 "817999107.tif",
913.1s 1333 "821686014.tif",
913.1s 1334 "826588329.tif",
913.1s 1335 "840310891.tif",
913.1s 1336 "850710964.tif",
913.1s 1337 "850790699.tif",
913.1s 1338 "865516044.tif",
913.1s 1339 "86701140.tif",
913.1s 1340 "867889560.tif",
913.1s 1341 "871773282.tif",
913.1s 1342 "872723030.tif",
913.1s 1343 "881402752.tif",
913.1s 1344 "885730675.tif",
913.1s 1345 "8862040.tif",
913.1s 1346 "890851788.tif",
913.1s 1347 "896875242.tif",
913.1s 1348 "90569866.tif",
913.1s 1349 "916238493.tif",
913.1s 1350 "917058676.tif",
913.1s 1351 "918445717.tif",
913.1s 1352 "925960484.tif",
913.1s 1353 "928131323.tif",
913.1s 1354 "933191725.tif",
913.1s 1355 "944699214.tif",
913.1s 1356 "948300397.tif",
913.1s 1357 "956073442.tif",
913.1s 1358 "961304774.tif",
913.1s 1359 "969293709.tif",
913.1s 1360 "975031774.tif",
913.1s 1361 "985841575.tif",
913.1s 1362 "992852942.tif"
913.1s 1363 ],
913.1s 1364 "test_items": [
913.1s 1365 "1407735.tif"
913.1s 1366 ],
913.1s 1367 "train_threshold": 0.04097487032413483,
913.1s 1368 "training_strategy": "supervised",
913.1s 1369 "submission_csv": null,
913.1s 1370 "submission_zip": "/kaggle/working/nx46_vesuvius/submission.zip",
913.1s 1371 "submission_zip_aliases": [
913.1s 1372 "/kaggle/working/nx46_vesuvius/submission.zip",
913.1s 1373 "/kaggle/working/submission.zip",
913.1s 1374 "nx46_vesuvius/submission.zip",
913.1s 1375 "submission.zip"
913.1s 1376 ],
913.1s 1377 "zip_members_validated": true,
913.1s 1378 "zip_missing": [],
913.1s 1379 "zip_extra": [],
913.1s 1380 "competition_rules_validation": {
913.1s 1381 "status": "ok",
913.1s 1382 "expected_test_files": 1,
913.1s 1383 "submission_tif_files": 1,
913.1s 1384 "missing": [],
913.1s 1385 "unexpected": []
913.1s 1386 },
913.1s 1387 "submission_content_validation": {
913.1s 1388 "status": "ok",
913.1s 1389 "issues": []
913.1s 1390 },
913.1s 1391 "material_head_enabled": true,
913.1s 1392 "material_outputs_files": 1,
913.1s 1393 "native_training_manifest": "/kaggle/working/nx46_vesuvius/native_training_manifest.json",
913.1s 1394 "a2z_audit_manifest_loaded": false,
913.1s 1395 "a2z_files_scanned": null,
913.1s 1396 "a2z_lines_scanned": null,
913.1s 1397 "roadmap_percent": {
913.1s 1398 "audit_discovery": 100.0,
913.1s 1399 "train_thresholds": 100.0,
913.1s 1400 "infer_predictions": 100.0,
913.1s 1401 "package_submission": 100.0,
913.1s 1402 "finalize_forensics": 100.0
913.1s 1403 }
913.1s 1404 }
913.1s 1405 READY: /kaggle/working/nx46_vesuvius/submission.zip
915.7s 1406 /usr/local/lib/python3.12/dist-packages/mistune.py:435: SyntaxWarning: invalid escape sequence '\|'
915.7s 1407 cells[i][c] = re.sub('\\\\\|', '|', cell)
916.0s 1408 /usr/local/lib/python3.12/dist-packages/nbconvert/filters/filter_links.py:36: SyntaxWarning: invalid escape sequence '\_'
916.0s 1409 text = re.sub(r'_', '\_', text) # Escape underscores in display text
916.7s 1410 /usr/local/lib/python3.12/dist-packages/traitlets/traitlets.py:2915: FutureWarning: --Exporter.preprocessors=["remove_papermill_header.RemovePapermillHeader"] for containers is deprecated in traitlets 5.0. You can pass `--Exporter.preprocessors item` ... multiple times to add items to a list.
916.7s 1411 warn(
916.7s 1412 [NbConvertApp] Converting notebook __notebook__.ipynb to notebook
917.1s 1413 [NbConvertApp] Writing 100874 bytes to __notebook__.ipynb
919.4s 1414 /usr/local/lib/python3.12/dist-packages/traitlets/traitlets.py:2915: FutureWarning: --Exporter.preprocessors=["nbconvert.preprocessors.ExtractOutputPreprocessor"] for containers is deprecated in traitlets 5.0. You can pass `--Exporter.preprocessors item` ... multiple times to add items to a list.
919.4s 1415 warn(
919.5s 1416 [NbConvertApp] Converting notebook __notebook__.ipynb to html
920.4s 1417 [NbConvertApp] Writing 506274 bytes to __results__.html