6.8s 1 0.00s - Debugger warning: It seems that frozen modules are being used, which may
6.8s 2 0.00s - make the debugger miss breakpoints. Please pass -Xfrozen_modules=off
6.8s 3 0.00s - to python to disable frozen modules.
6.8s 4 0.00s - Note: Debugging will proceed. Set PYDEVD_DISABLE_FILE_VALIDATION=1 to disable this validation.
7.4s 5 0.00s - Debugger warning: It seems that frozen modules are being used, which may
7.4s 6 0.00s - make the debugger miss breakpoints. Please pass -Xfrozen_modules=off
7.4s 7 0.00s - to python to disable frozen modules.
7.4s 8 0.00s - Note: Debugging will proceed. Set PYDEVD_DISABLE_FILE_VALIDATION=1 to disable this validation.
8.7s 9 [NX-47 VESU PROD V141-REAL-PY] System Initialized. Real TIFF processing + `.lum` roundtrip + fail-fast active.
9.2s 10 [NX-47 VESU PROD V141-REAL-PY] STAGE bootstrap:start
9.2s 11 [NX-47 VESU PROD V141-REAL-PY] PIP_INSTALL_START package=imagecodecs cmd=/usr/bin/python3 -m pip install --disable-pip-version-check --no-index /kaggle/input/datasets/ndarray2000/nx47-dependencies/imagecodecs-2026.1.14-cp311-abi3-manylinux_2_27_x86_64.manylinux_2_28_x86_64.whl timeout=180s
11.1s 12 Processing /kaggle/input/datasets/ndarray2000/nx47-dependencies/imagecodecs-2026.1.14-cp311-abi3-manylinux_2_27_x86_64.manylinux_2_28_x86_64.whl
11.3s 13 Processing /kaggle/input/datasets/ndarray2000/nx47-dependencies/imagecodecs-2026.1.14-cp311-abi3-manylinux_2_27_x86_64.manylinux_2_28_x86_64.whl
11.5s 14 Requirement already satisfied: numpy in /usr/local/lib/python3.12/dist-packages (from imagecodecs==2026.1.14) (2.0.2)
11.7s 15 Requirement already satisfied: numpy in /usr/local/lib/python3.12/dist-packages (from imagecodecs==2026.1.14) (2.0.2)
13.3s 16 Installing collected packages: imagecodecs
13.5s 17 Installing collected packages: imagecodecs
13.9s 18 Successfully installed imagecodecs-2026.1.14
14.0s 19 Successfully installed imagecodecs-2026.1.14
14.0s 20 [NX-47 VESU PROD V141-REAL-PY] PIP_INSTALL_DONE package=imagecodecs
14.0s 21 [NX-47 VESU PROD V141-REAL-PY] STAGE bootstrap:done
14.0s 22 [NX-47 VESU PROD V141-REAL-PY] STAGE compatibility_check:done
16.4s 23 [NX-47 VESU PROD V141-REAL-PY] STAGE data_validation:done fragments=1613
16.4s 24 [NX-47 VESU PROD V141-REAL-PY] FRAGMENT_PROGRESS 1/1613 id=1407735
44.1s 25 [NX-47 VESU PROD V141-REAL-PY] FRAGMENT_PROGRESS 5/1613 id=2075542469
75.3s 26 [NX-47 VESU PROD V141-REAL-PY] FRAGMENT_PROGRESS 10/1613 id=2996066940
110.2s 27 [NX-47 VESU PROD V141-REAL-PY] FRAGMENT_PROGRESS 15/1613 id=3398456664
145.1s 28 [NX-47 VESU PROD V141-REAL-PY] FRAGMENT_PROGRESS 20/1613 id=885379642
176.9s 29 [NX-47 VESU PROD V141-REAL-PY] FRAGMENT_PROGRESS 25/1613 id=2075542469
199.2s 30 [NX-47 VESU PROD V141-REAL-PY] FRAGMENT_PROGRESS 30/1613 id=2996066940
227.5s 31 [NX-47 VESU PROD V141-REAL-PY] FRAGMENT_PROGRESS 35/1613 id=3398456664
258.7s 32 [NX-47 VESU PROD V141-REAL-PY] FRAGMENT_PROGRESS 40/1613 id=885379642
292.6s 33 [NX-47 VESU PROD V141-REAL-PY] FRAGMENT_PROGRESS 45/1613 id=102536988
327.1s 34 [NX-47 VESU PROD V141-REAL-PY] FRAGMENT_PROGRESS 50/1613 id=105068588
361.4s 35 [NX-47 VESU PROD V141-REAL-PY] FRAGMENT_PROGRESS 55/1613 id=1079776201
395.7s 36 [NX-47 VESU PROD V141-REAL-PY] FRAGMENT_PROGRESS 60/1613 id=110997297
430.6s 37 [NX-47 VESU PROD V141-REAL-PY] FRAGMENT_PROGRESS 65/1613 id=11460685
461.7s 38 [NX-47 VESU PROD V141-REAL-PY] FRAGMENT_PROGRESS 70/1613 id=11630450
496.6s 39 [NX-47 VESU PROD V141-REAL-PY] FRAGMENT_PROGRESS 75/1613 id=118632705
531.1s 40 [NX-47 VESU PROD V141-REAL-PY] FRAGMENT_PROGRESS 80/1613 id=1204899528
566.2s 41 [NX-47 VESU PROD V141-REAL-PY] FRAGMENT_PROGRESS 85/1613 id=1215679884
600.6s 42 [NX-47 VESU PROD V141-REAL-PY] FRAGMENT_PROGRESS 90/1613 id=1238390590
635.4s 43 [NX-47 VESU PROD V141-REAL-PY] FRAGMENT_PROGRESS 95/1613 id=1253813461
670.4s 44 [NX-47 VESU PROD V141-REAL-PY] FRAGMENT_PROGRESS 100/1613 id=1272760814
705.2s 45 [NX-47 VESU PROD V141-REAL-PY] FRAGMENT_PROGRESS 105/1613 id=1316805721
739.5s 46 [NX-47 VESU PROD V141-REAL-PY] FRAGMENT_PROGRESS 110/1613 id=1351645019
770.8s 47 [NX-47 VESU PROD V141-REAL-PY] FRAGMENT_PROGRESS 115/1613 id=1370134939
804.9s 48 [NX-47 VESU PROD V141-REAL-PY] FRAGMENT_PROGRESS 120/1613 id=1412233012
839.5s 49 [NX-47 VESU PROD V141-REAL-PY] FRAGMENT_PROGRESS 125/1613 id=1435658104
870.7s 50 [NX-47 VESU PROD V141-REAL-PY] FRAGMENT_PROGRESS 130/1613 id=1454104195
905.4s 51 [NX-47 VESU PROD V141-REAL-PY] FRAGMENT_PROGRESS 135/1613 id=1483500546
940.4s 52 [NX-47 VESU PROD V141-REAL-PY] FRAGMENT_PROGRESS 140/1613 id=1505792607
975.5s 53 [NX-47 VESU PROD V141-REAL-PY] FRAGMENT_PROGRESS 145/1613 id=1524465289
1006.7s 54 [NX-47 VESU PROD V141-REAL-PY] FRAGMENT_PROGRESS 150/1613 id=1553955454
1040.9s 55 [NX-47 VESU PROD V141-REAL-PY] FRAGMENT_PROGRESS 155/1613 id=1566185731
1075.5s 56 [NX-47 VESU PROD V141-REAL-PY] FRAGMENT_PROGRESS 160/1613 id=159112826
1110.6s 57 [NX-47 VESU PROD V141-REAL-PY] FRAGMENT_PROGRESS 165/1613 id=1613378452
1145.2s 58 [NX-47 VESU PROD V141-REAL-PY] FRAGMENT_PROGRESS 170/1613 id=162812671
1179.6s 59 [NX-47 VESU PROD V141-REAL-PY] FRAGMENT_PROGRESS 175/1613 id=1643996246
1210.5s 60 [NX-47 VESU PROD V141-REAL-PY] FRAGMENT_PROGRESS 180/1613 id=1671010748
1245.2s 61 [NX-47 VESU PROD V141-REAL-PY] FRAGMENT_PROGRESS 185/1613 id=1693721638
1279.6s 62 [NX-47 VESU PROD V141-REAL-PY] FRAGMENT_PROGRESS 190/1613 id=1722912570
1313.5s 63 [NX-47 VESU PROD V141-REAL-PY] FRAGMENT_PROGRESS 195/1613 id=1737469977
1347.6s 64 [NX-47 VESU PROD V141-REAL-PY] FRAGMENT_PROGRESS 200/1613 id=176501514
1378.5s 65 [NX-47 VESU PROD V141-REAL-PY] FRAGMENT_PROGRESS 205/1613 id=1791213794
1413.4s 66 [NX-47 VESU PROD V141-REAL-PY] FRAGMENT_PROGRESS 210/1613 id=1798146413
1448.0s 67 [NX-47 VESU PROD V141-REAL-PY] FRAGMENT_PROGRESS 215/1613 id=1823626595
1482.0s 68 [NX-47 VESU PROD V141-REAL-PY] FRAGMENT_PROGRESS 220/1613 id=1845578058
1513.0s 69 [NX-47 VESU PROD V141-REAL-PY] FRAGMENT_PROGRESS 225/1613 id=1866627733
1547.0s 70 [NX-47 VESU PROD V141-REAL-PY] FRAGMENT_PROGRESS 230/1613 id=1882650170
1581.2s 71 [NX-47 VESU PROD V141-REAL-PY] FRAGMENT_PROGRESS 235/1613 id=1923436243
1616.0s 72 [NX-47 VESU PROD V141-REAL-PY] FRAGMENT_PROGRESS 240/1613 id=1961113613
1650.4s 73 [NX-47 VESU PROD V141-REAL-PY] FRAGMENT_PROGRESS 245/1613 id=19797301
1684.9s 74 [NX-47 VESU PROD V141-REAL-PY] FRAGMENT_PROGRESS 250/1613 id=2007080007
1719.2s 75 [NX-47 VESU PROD V141-REAL-PY] FRAGMENT_PROGRESS 255/1613 id=2035810630
1753.7s 76 [NX-47 VESU PROD V141-REAL-PY] FRAGMENT_PROGRESS 260/1613 id=2067397446
1784.9s 77 [NX-47 VESU PROD V141-REAL-PY] FRAGMENT_PROGRESS 265/1613 id=2088623970
1819.1s 78 [NX-47 VESU PROD V141-REAL-PY] FRAGMENT_PROGRESS 270/1613 id=2104413478
1853.7s 79 [NX-47 VESU PROD V141-REAL-PY] FRAGMENT_PROGRESS 275/1613 id=2125961987
1887.7s 80 [NX-47 VESU PROD V141-REAL-PY] FRAGMENT_PROGRESS 280/1613 id=2142002305
1921.9s 81 [NX-47 VESU PROD V141-REAL-PY] FRAGMENT_PROGRESS 285/1613 id=2155812540
1952.4s 82 [NX-47 VESU PROD V141-REAL-PY] FRAGMENT_PROGRESS 290/1613 id=2188050882
1986.4s 83 [NX-47 VESU PROD V141-REAL-PY] FRAGMENT_PROGRESS 295/1613 id=2206870115
2020.9s 84 [NX-47 VESU PROD V141-REAL-PY] FRAGMENT_PROGRESS 300/1613 id=2220787575
2055.1s 85 [NX-47 VESU PROD V141-REAL-PY] FRAGMENT_PROGRESS 305/1613 id=2272064421
2090.0s 86 [NX-47 VESU PROD V141-REAL-PY] FRAGMENT_PROGRESS 310/1613 id=2292614243
2125.1s 87 [NX-47 VESU PROD V141-REAL-PY] FRAGMENT_PROGRESS 315/1613 id=2330704793
2159.4s 88 [NX-47 VESU PROD V141-REAL-PY] FRAGMENT_PROGRESS 320/1613 id=2361792849
2194.3s 89 [NX-47 VESU PROD V141-REAL-PY] FRAGMENT_PROGRESS 325/1613 id=2377884359
2229.2s 90 [NX-47 VESU PROD V141-REAL-PY] FRAGMENT_PROGRESS 330/1613 id=241514276
2263.8s 91 [NX-47 VESU PROD V141-REAL-PY] FRAGMENT_PROGRESS 335/1613 id=2445577751
2294.5s 92 [NX-47 VESU PROD V141-REAL-PY] FRAGMENT_PROGRESS 340/1613 id=2475831799
2329.2s 93 [NX-47 VESU PROD V141-REAL-PY] FRAGMENT_PROGRESS 345/1613 id=2502110845
2360.4s 94 [NX-47 VESU PROD V141-REAL-PY] FRAGMENT_PROGRESS 350/1613 id=2530405250
2391.4s 95 [NX-47 VESU PROD V141-REAL-PY] FRAGMENT_PROGRESS 355/1613 id=2550619349
2426.0s 96 [NX-47 VESU PROD V141-REAL-PY] FRAGMENT_PROGRESS 360/1613 id=2579374491
2461.0s 97 [NX-47 VESU PROD V141-REAL-PY] FRAGMENT_PROGRESS 365/1613 id=262156460
2492.7s 98 [NX-47 VESU PROD V141-REAL-PY] FRAGMENT_PROGRESS 370/1613 id=263322541
2529.0s 99 [NX-47 VESU PROD V141-REAL-PY] FRAGMENT_PROGRESS 375/1613 id=2660177791
2563.7s 100 [NX-47 VESU PROD V141-REAL-PY] FRAGMENT_PROGRESS 380/1613 id=2689046967
2595.0s 101 [NX-47 VESU PROD V141-REAL-PY] FRAGMENT_PROGRESS 385/1613 id=2716466411
2622.7s 102 [NX-47 VESU PROD V141-REAL-PY] FRAGMENT_PROGRESS 390/1613 id=2736169384
2657.4s 103 [NX-47 VESU PROD V141-REAL-PY] FRAGMENT_PROGRESS 395/1613 id=2759477755
2691.6s 104 [NX-47 VESU PROD V141-REAL-PY] FRAGMENT_PROGRESS 400/1613 id=2773856183
2726.1s 105 [NX-47 VESU PROD V141-REAL-PY] FRAGMENT_PROGRESS 405/1613 id=2786449252
2760.4s 106 [NX-47 VESU PROD V141-REAL-PY] FRAGMENT_PROGRESS 410/1613 id=2813533679
2791.7s 107 [NX-47 VESU PROD V141-REAL-PY] FRAGMENT_PROGRESS 415/1613 id=2855094384
2826.4s 108 [NX-47 VESU PROD V141-REAL-PY] FRAGMENT_PROGRESS 420/1613 id=288548608
2861.1s 109 [NX-47 VESU PROD V141-REAL-PY] FRAGMENT_PROGRESS 425/1613 id=2908683777
2888.8s 110 [NX-47 VESU PROD V141-REAL-PY] FRAGMENT_PROGRESS 430/1613 id=2945808105
2923.5s 111 [NX-47 VESU PROD V141-REAL-PY] FRAGMENT_PROGRESS 435/1613 id=29754811
2959.0s 112 [NX-47 VESU PROD V141-REAL-PY] FRAGMENT_PROGRESS 440/1613 id=3002733017
2994.1s 113 [NX-47 VESU PROD V141-REAL-PY] FRAGMENT_PROGRESS 445/1613 id=3020371188
3025.7s 114 [NX-47 VESU PROD V141-REAL-PY] FRAGMENT_PROGRESS 450/1613 id=3034991642
3060.9s 115 [NX-47 VESU PROD V141-REAL-PY] FRAGMENT_PROGRESS 455/1613 id=304383493
3091.8s 116 [NX-47 VESU PROD V141-REAL-PY] FRAGMENT_PROGRESS 460/1613 id=3061154571
3123.2s 117 [NX-47 VESU PROD V141-REAL-PY] FRAGMENT_PROGRESS 465/1613 id=3072203034
3158.0s 118 [NX-47 VESU PROD V141-REAL-PY] FRAGMENT_PROGRESS 470/1613 id=3097347461
3189.6s 119 [NX-47 VESU PROD V141-REAL-PY] FRAGMENT_PROGRESS 475/1613 id=3138051242
3225.0s 120 [NX-47 VESU PROD V141-REAL-PY] FRAGMENT_PROGRESS 480/1613 id=3152234929
3257.5s 121 [NX-47 VESU PROD V141-REAL-PY] FRAGMENT_PROGRESS 485/1613 id=3183278576
3285.4s 122 [NX-47 VESU PROD V141-REAL-PY] FRAGMENT_PROGRESS 490/1613 id=3198627305
3320.8s 123 [NX-47 VESU PROD V141-REAL-PY] FRAGMENT_PROGRESS 495/1613 id=3248922039
3355.9s 124 [NX-47 VESU PROD V141-REAL-PY] FRAGMENT_PROGRESS 500/1613 id=327851248
3391.1s 125 [NX-47 VESU PROD V141-REAL-PY] FRAGMENT_PROGRESS 505/1613 id=3298840559
3427.3s 126 [NX-47 VESU PROD V141-REAL-PY] FRAGMENT_PROGRESS 510/1613 id=3324873066
3459.6s 127 [NX-47 VESU PROD V141-REAL-PY] FRAGMENT_PROGRESS 515/1613 id=3342671660
3495.2s 128 [NX-47 VESU PROD V141-REAL-PY] FRAGMENT_PROGRESS 520/1613 id=3355195275
3531.0s 129 [NX-47 VESU PROD V141-REAL-PY] FRAGMENT_PROGRESS 525/1613 id=338740527
3567.5s 130 [NX-47 VESU PROD V141-REAL-PY] FRAGMENT_PROGRESS 530/1613 id=3406558476
3603.7s 131 [NX-47 VESU PROD V141-REAL-PY] FRAGMENT_PROGRESS 535/1613 id=3419802889
3641.2s 132 [NX-47 VESU PROD V141-REAL-PY] FRAGMENT_PROGRESS 540/1613 id=3436915414
3678.4s 133 [NX-47 VESU PROD V141-REAL-PY] FRAGMENT_PROGRESS 545/1613 id=3467185855
3710.9s 134 [NX-47 VESU PROD V141-REAL-PY] FRAGMENT_PROGRESS 550/1613 id=3522504366
3742.6s 135 [NX-47 VESU PROD V141-REAL-PY] FRAGMENT_PROGRESS 555/1613 id=3554743381
3777.8s 136 [NX-47 VESU PROD V141-REAL-PY] FRAGMENT_PROGRESS 560/1613 id=3603241078
3813.1s 137 [NX-47 VESU PROD V141-REAL-PY] FRAGMENT_PROGRESS 565/1613 id=3620638870
3840.9s 138 [NX-47 VESU PROD V141-REAL-PY] FRAGMENT_PROGRESS 570/1613 id=3637340207
3873.0s 139 [NX-47 VESU PROD V141-REAL-PY] FRAGMENT_PROGRESS 575/1613 id=3652794077
3909.2s 140 [NX-47 VESU PROD V141-REAL-PY] FRAGMENT_PROGRESS 580/1613 id=3681179135
3945.4s 141 [NX-47 VESU PROD V141-REAL-PY] FRAGMENT_PROGRESS 585/1613 id=370627915
3981.1s 142 [NX-47 VESU PROD V141-REAL-PY] FRAGMENT_PROGRESS 590/1613 id=3742893488
4016.5s 143 [NX-47 VESU PROD V141-REAL-PY] FRAGMENT_PROGRESS 595/1613 id=378779937
4051.7s 144 [NX-47 VESU PROD V141-REAL-PY] FRAGMENT_PROGRESS 600/1613 id=3797609646
4083.8s 145 [NX-47 VESU PROD V141-REAL-PY] FRAGMENT_PROGRESS 605/1613 id=3819086916
4119.6s 146 [NX-47 VESU PROD V141-REAL-PY] FRAGMENT_PROGRESS 610/1613 id=3837479943
4154.7s 147 [NX-47 VESU PROD V141-REAL-PY] FRAGMENT_PROGRESS 615/1613 id=3866421231
4194.9s 148 [NX-47 VESU PROD V141-REAL-PY] FRAGMENT_PROGRESS 620/1613 id=3918162598
4230.2s 149 [NX-47 VESU PROD V141-REAL-PY] FRAGMENT_PROGRESS 625/1613 id=3924902780
4265.3s 150 [NX-47 VESU PROD V141-REAL-PY] FRAGMENT_PROGRESS 630/1613 id=3939111351
4301.1s 151 [NX-47 VESU PROD V141-REAL-PY] FRAGMENT_PROGRESS 635/1613 id=3965555633
4333.1s 152 [NX-47 VESU PROD V141-REAL-PY] FRAGMENT_PROGRESS 640/1613 id=3978531923
4368.6s 153 [NX-47 VESU PROD V141-REAL-PY] FRAGMENT_PROGRESS 645/1613 id=4014453466
4401.1s 154 [NX-47 VESU PROD V141-REAL-PY] FRAGMENT_PROGRESS 650/1613 id=4024884955
4433.4s 155 [NX-47 VESU PROD V141-REAL-PY] FRAGMENT_PROGRESS 655/1613 id=40625686
4465.3s 156 [NX-47 VESU PROD V141-REAL-PY] FRAGMENT_PROGRESS 660/1613 id=406944815
4500.7s 157 [NX-47 VESU PROD V141-REAL-PY] FRAGMENT_PROGRESS 665/1613 id=4107199299
4536.0s 158 [NX-47 VESU PROD V141-REAL-PY] FRAGMENT_PROGRESS 670/1613 id=415208576
4572.0s 159 [NX-47 VESU PROD V141-REAL-PY] FRAGMENT_PROGRESS 675/1613 id=4183432614
4604.0s 160 [NX-47 VESU PROD V141-REAL-PY] FRAGMENT_PROGRESS 680/1613 id=4192381697
4639.5s 161 [NX-47 VESU PROD V141-REAL-PY] FRAGMENT_PROGRESS 685/1613 id=4208123944
4675.1s 162 [NX-47 VESU PROD V141-REAL-PY] FRAGMENT_PROGRESS 690/1613 id=4221764104
4707.0s 163 [NX-47 VESU PROD V141-REAL-PY] FRAGMENT_PROGRESS 695/1613 id=4239546470
4742.7s 164 [NX-47 VESU PROD V141-REAL-PY] FRAGMENT_PROGRESS 700/1613 id=4273576431
4775.1s 165 [NX-47 VESU PROD V141-REAL-PY] FRAGMENT_PROGRESS 705/1613 id=436578995
4810.9s 166 [NX-47 VESU PROD V141-REAL-PY] FRAGMENT_PROGRESS 710/1613 id=456049089
4846.8s 167 [NX-47 VESU PROD V141-REAL-PY] FRAGMENT_PROGRESS 715/1613 id=469888632
4882.3s 168 [NX-47 VESU PROD V141-REAL-PY] FRAGMENT_PROGRESS 720/1613 id=500230427
4918.4s 169 [NX-47 VESU PROD V141-REAL-PY] FRAGMENT_PROGRESS 725/1613 id=516292750
4953.8s 170 [NX-47 VESU PROD V141-REAL-PY] FRAGMENT_PROGRESS 730/1613 id=535029841
4989.5s 171 [NX-47 VESU PROD V141-REAL-PY] FRAGMENT_PROGRESS 735/1613 id=544161273
5024.7s 172 [NX-47 VESU PROD V141-REAL-PY] FRAGMENT_PROGRESS 740/1613 id=568160669
5056.2s 173 [NX-47 VESU PROD V141-REAL-PY] FRAGMENT_PROGRESS 745/1613 id=595274163
5091.8s 174 [NX-47 VESU PROD V141-REAL-PY] FRAGMENT_PROGRESS 750/1613 id=602831951
5123.4s 175 [NX-47 VESU PROD V141-REAL-PY] FRAGMENT_PROGRESS 755/1613 id=63469416
5158.8s 176 [NX-47 VESU PROD V141-REAL-PY] FRAGMENT_PROGRESS 760/1613 id=656697281
5194.7s 177 [NX-47 VESU PROD V141-REAL-PY] FRAGMENT_PROGRESS 765/1613 id=690562299
5230.7s 178 [NX-47 VESU PROD V141-REAL-PY] FRAGMENT_PROGRESS 770/1613 id=702267251
5259.4s 179 [NX-47 VESU PROD V141-REAL-PY] FRAGMENT_PROGRESS 775/1613 id=714558499
5291.5s 180 [NX-47 VESU PROD V141-REAL-PY] FRAGMENT_PROGRESS 780/1613 id=724175864
5327.0s 181 [NX-47 VESU PROD V141-REAL-PY] FRAGMENT_PROGRESS 785/1613 id=762867428
5362.2s 182 [NX-47 VESU PROD V141-REAL-PY] FRAGMENT_PROGRESS 790/1613 id=785433964
5397.7s 183 [NX-47 VESU PROD V141-REAL-PY] FRAGMENT_PROGRESS 795/1613 id=805297990
5433.2s 184 [NX-47 VESU PROD V141-REAL-PY] FRAGMENT_PROGRESS 800/1613 id=840310891
5465.9s 185 [NX-47 VESU PROD V141-REAL-PY] FRAGMENT_PROGRESS 805/1613 id=867889560
5502.1s 186 [NX-47 VESU PROD V141-REAL-PY] FRAGMENT_PROGRESS 810/1613 id=8862040
5538.8s 187 [NX-47 VESU PROD V141-REAL-PY] FRAGMENT_PROGRESS 815/1613 id=917058676
5574.8s 188 [NX-47 VESU PROD V141-REAL-PY] FRAGMENT_PROGRESS 820/1613 id=944699214
5606.5s 189 [NX-47 VESU PROD V141-REAL-PY] FRAGMENT_PROGRESS 825/1613 id=975031774
5641.1s 190 [NX-47 VESU PROD V141-REAL-PY] FRAGMENT_PROGRESS 830/1613 id=1013184726
5663.7s 191 [NX-47 VESU PROD V141-REAL-PY] FRAGMENT_PROGRESS 835/1613 id=1044587645
5692.4s 192 [NX-47 VESU PROD V141-REAL-PY] FRAGMENT_PROGRESS 840/1613 id=1075217434
5715.6s 193 [NX-47 VESU PROD V141-REAL-PY] FRAGMENT_PROGRESS 845/1613 id=1108059824
5733.5s 194 [NX-47 VESU PROD V141-REAL-PY] FRAGMENT_PROGRESS 850/1613 id=114235076
5753.7s 195 [NX-47 VESU PROD V141-REAL-PY] FRAGMENT_PROGRESS 855/1613 id=1159818141
5777.1s 196 [NX-47 VESU PROD V141-REAL-PY] FRAGMENT_PROGRESS 860/1613 id=1182039038
5801.5s 197 [NX-47 VESU PROD V141-REAL-PY] FRAGMENT_PROGRESS 865/1613 id=1201940326
5826.4s 198 [NX-47 VESU PROD V141-REAL-PY] FRAGMENT_PROGRESS 870/1613 id=1210927642
5845.1s 199 [NX-47 VESU PROD V141-REAL-PY] FRAGMENT_PROGRESS 875/1613 id=1238314834
5872.6s 200 [NX-47 VESU PROD V141-REAL-PY] FRAGMENT_PROGRESS 880/1613 id=1242962297
5897.2s 201 [NX-47 VESU PROD V141-REAL-PY] FRAGMENT_PROGRESS 885/1613 id=1271223370
5921.9s 202 [NX-47 VESU PROD V141-REAL-PY] FRAGMENT_PROGRESS 890/1613 id=1311779219
5944.0s 203 [NX-47 VESU PROD V141-REAL-PY] FRAGMENT_PROGRESS 895/1613 id=1341999317
5969.6s 204 [NX-47 VESU PROD V141-REAL-PY] FRAGMENT_PROGRESS 900/1613 id=1369609932
5988.8s 205 [NX-47 VESU PROD V141-REAL-PY] FRAGMENT_PROGRESS 905/1613 id=1404108352
6019.1s 206 [NX-47 VESU PROD V141-REAL-PY] FRAGMENT_PROGRESS 910/1613 id=1430679851
6042.5s 207 [NX-47 VESU PROD V141-REAL-PY] FRAGMENT_PROGRESS 915/1613 id=1449602646
6066.7s 208 [NX-47 VESU PROD V141-REAL-PY] FRAGMENT_PROGRESS 920/1613 id=1480691377
6095.1s 209 [NX-47 VESU PROD V141-REAL-PY] FRAGMENT_PROGRESS 925/1613 id=1505524936
6115.6s 210 [NX-47 VESU PROD V141-REAL-PY] FRAGMENT_PROGRESS 930/1613 id=1522833038
6136.8s 211 [NX-47 VESU PROD V141-REAL-PY] FRAGMENT_PROGRESS 935/1613 id=1542708535
6163.2s 212 [NX-47 VESU PROD V141-REAL-PY] FRAGMENT_PROGRESS 940/1613 id=1565784049
6186.2s 213 [NX-47 VESU PROD V141-REAL-PY] FRAGMENT_PROGRESS 945/1613 id=1589119778
6209.3s 214 [NX-47 VESU PROD V141-REAL-PY] FRAGMENT_PROGRESS 950/1613 id=1612471366
6228.5s 215 [NX-47 VESU PROD V141-REAL-PY] FRAGMENT_PROGRESS 955/1613 id=1625909146
6251.4s 216 [NX-47 VESU PROD V141-REAL-PY] FRAGMENT_PROGRESS 960/1613 id=164224384
6278.3s 217 [NX-47 VESU PROD V141-REAL-PY] FRAGMENT_PROGRESS 965/1613 id=1669670049
6296.2s 218 [NX-47 VESU PROD V141-REAL-PY] FRAGMENT_PROGRESS 970/1613 id=1693625989
6318.0s 219 [NX-47 VESU PROD V141-REAL-PY] FRAGMENT_PROGRESS 975/1613 id=1720613063
6344.9s 220 [NX-47 VESU PROD V141-REAL-PY] FRAGMENT_PROGRESS 980/1613 id=1734818300
6373.2s 221 [NX-47 VESU PROD V141-REAL-PY] FRAGMENT_PROGRESS 985/1613 id=1762562855
6397.3s 222 [NX-47 VESU PROD V141-REAL-PY] FRAGMENT_PROGRESS 990/1613 id=1790856995
6418.1s 223 [NX-47 VESU PROD V141-REAL-PY] FRAGMENT_PROGRESS 995/1613 id=1796762532
6438.6s 224 [NX-47 VESU PROD V141-REAL-PY] FRAGMENT_PROGRESS 1000/1613 id=1820528268
6457.4s 225 [NX-47 VESU PROD V141-REAL-PY] FRAGMENT_PROGRESS 1005/1613 id=1842921029
6478.3s 226 [NX-47 VESU PROD V141-REAL-PY] FRAGMENT_PROGRESS 1010/1613 id=1858247918
6506.4s 227 [NX-47 VESU PROD V141-REAL-PY] FRAGMENT_PROGRESS 1015/1613 id=1881495000
6526.9s 228 [NX-47 VESU PROD V141-REAL-PY] FRAGMENT_PROGRESS 1020/1613 id=1914571029
6549.5s 229 [NX-47 VESU PROD V141-REAL-PY] FRAGMENT_PROGRESS 1025/1613 id=1960540938
6574.1s 230 [NX-47 VESU PROD V141-REAL-PY] FRAGMENT_PROGRESS 1030/1613 id=1967300661
6592.8s 231 [NX-47 VESU PROD V141-REAL-PY] FRAGMENT_PROGRESS 1035/1613 id=2004658464
6620.8s 232 [NX-47 VESU PROD V141-REAL-PY] FRAGMENT_PROGRESS 1040/1613 id=2024572193
6643.6s 233 [NX-47 VESU PROD V141-REAL-PY] FRAGMENT_PROGRESS 1045/1613 id=206065757
6663.6s 234 [NX-47 VESU PROD V141-REAL-PY] FRAGMENT_PROGRESS 1050/1613 id=2087850246
6688.6s 235 [NX-47 VESU PROD V141-REAL-PY] FRAGMENT_PROGRESS 1055/1613 id=2101035605
6711.1s 236 [NX-47 VESU PROD V141-REAL-PY] FRAGMENT_PROGRESS 1060/1613 id=2116542410
6733.7s 237 [NX-47 VESU PROD V141-REAL-PY] FRAGMENT_PROGRESS 1065/1613 id=2137776807
6755.2s 238 [NX-47 VESU PROD V141-REAL-PY] FRAGMENT_PROGRESS 1070/1613 id=2152970898
6780.3s 239 [NX-47 VESU PROD V141-REAL-PY] FRAGMENT_PROGRESS 1075/1613 id=2178672922
6800.5s 240 [NX-47 VESU PROD V141-REAL-PY] FRAGMENT_PROGRESS 1080/1613 id=2205179329
6824.9s 241 [NX-47 VESU PROD V141-REAL-PY] FRAGMENT_PROGRESS 1085/1613 id=2220704498
6844.6s 242 [NX-47 VESU PROD V141-REAL-PY] FRAGMENT_PROGRESS 1090/1613 id=2268918028
6871.0s 243 [NX-47 VESU PROD V141-REAL-PY] FRAGMENT_PROGRESS 1095/1613 id=2290837
6895.0s 244 [NX-47 VESU PROD V141-REAL-PY] FRAGMENT_PROGRESS 1100/1613 id=2314417530
6913.5s 245 [NX-47 VESU PROD V141-REAL-PY] FRAGMENT_PROGRESS 1105/1613 id=2352678715
6935.1s 246 [NX-47 VESU PROD V141-REAL-PY] FRAGMENT_PROGRESS 1110/1613 id=2375325173
6957.8s 247 [NX-47 VESU PROD V141-REAL-PY] FRAGMENT_PROGRESS 1115/1613 id=241509106
6980.5s 248 [NX-47 VESU PROD V141-REAL-PY] FRAGMENT_PROGRESS 1120/1613 id=244496252
7000.9s 249 [NX-47 VESU PROD V141-REAL-PY] FRAGMENT_PROGRESS 1125/1613 id=2473381112
7026.5s 250 [NX-47 VESU PROD V141-REAL-PY] FRAGMENT_PROGRESS 1130/1613 id=2497392974
7046.4s 251 [NX-47 VESU PROD V141-REAL-PY] FRAGMENT_PROGRESS 1135/1613 id=2524776433
7070.5s 252 [NX-47 VESU PROD V141-REAL-PY] FRAGMENT_PROGRESS 1140/1613 id=2544642863
7086.2s 253 [NX-47 VESU PROD V141-REAL-PY] FRAGMENT_PROGRESS 1145/1613 id=2556347231
7111.7s 254 [NX-47 VESU PROD V141-REAL-PY] FRAGMENT_PROGRESS 1150/1613 id=2615287684
7131.3s 255 [NX-47 VESU PROD V141-REAL-PY] FRAGMENT_PROGRESS 1155/1613 id=2632109508
7154.1s 256 [NX-47 VESU PROD V141-REAL-PY] FRAGMENT_PROGRESS 1160/1613 id=2656396745
7179.5s 257 [NX-47 VESU PROD V141-REAL-PY] FRAGMENT_PROGRESS 1165/1613 id=2676456148
7196.6s 258 [NX-47 VESU PROD V141-REAL-PY] FRAGMENT_PROGRESS 1170/1613 id=2713673035
7218.6s 259 [NX-47 VESU PROD V141-REAL-PY] FRAGMENT_PROGRESS 1175/1613 id=2734445540
7245.6s 260 [NX-47 VESU PROD V141-REAL-PY] FRAGMENT_PROGRESS 1180/1613 id=2757775745
7270.0s 261 [NX-47 VESU PROD V141-REAL-PY] FRAGMENT_PROGRESS 1185/1613 id=2770853879
7298.1s 262 [NX-47 VESU PROD V141-REAL-PY] FRAGMENT_PROGRESS 1190/1613 id=2785199107
7327.6s 263 [NX-47 VESU PROD V141-REAL-PY] FRAGMENT_PROGRESS 1195/1613 id=2809620240
7348.6s 264 [NX-47 VESU PROD V141-REAL-PY] FRAGMENT_PROGRESS 1200/1613 id=2851151222
7369.7s 265 [NX-47 VESU PROD V141-REAL-PY] FRAGMENT_PROGRESS 1205/1613 id=2881190689
7392.7s 266 [NX-47 VESU PROD V141-REAL-PY] FRAGMENT_PROGRESS 1210/1613 id=2902582474
7412.9s 267 [NX-47 VESU PROD V141-REAL-PY] FRAGMENT_PROGRESS 1215/1613 id=294458037
7435.4s 268 [NX-47 VESU PROD V141-REAL-PY] FRAGMENT_PROGRESS 1220/1613 id=2972783115
7460.0s 269 [NX-47 VESU PROD V141-REAL-PY] FRAGMENT_PROGRESS 1225/1613 id=2988223195
7479.9s 270 [NX-47 VESU PROD V141-REAL-PY] FRAGMENT_PROGRESS 1230/1613 id=3019071518
7506.3s 271 [NX-47 VESU PROD V141-REAL-PY] FRAGMENT_PROGRESS 1235/1613 id=3031545955
7527.7s 272 [NX-47 VESU PROD V141-REAL-PY] FRAGMENT_PROGRESS 1240/1613 id=3043804417
7550.1s 273 [NX-47 VESU PROD V141-REAL-PY] FRAGMENT_PROGRESS 1245/1613 id=3060150865
7572.6s 274 [NX-47 VESU PROD V141-REAL-PY] FRAGMENT_PROGRESS 1250/1613 id=3070061281
7596.8s 275 [NX-47 VESU PROD V141-REAL-PY] FRAGMENT_PROGRESS 1255/1613 id=3090197578
7613.5s 276 [NX-47 VESU PROD V141-REAL-PY] FRAGMENT_PROGRESS 1260/1613 id=3137156884
7636.3s 277 [NX-47 VESU PROD V141-REAL-PY] FRAGMENT_PROGRESS 1265/1613 id=315189226
7656.0s 278 [NX-47 VESU PROD V141-REAL-PY] FRAGMENT_PROGRESS 1270/1613 id=3183136322
7681.3s 279 [NX-47 VESU PROD V141-REAL-PY] FRAGMENT_PROGRESS 1275/1613 id=3194326202
7706.7s 280 [NX-47 VESU PROD V141-REAL-PY] FRAGMENT_PROGRESS 1280/1613 id=324225693
7730.8s 281 [NX-47 VESU PROD V141-REAL-PY] FRAGMENT_PROGRESS 1285/1613 id=3276984492
7757.3s 282 [NX-47 VESU PROD V141-REAL-PY] FRAGMENT_PROGRESS 1290/1613 id=3294954456
7783.4s 283 [NX-47 VESU PROD V141-REAL-PY] FRAGMENT_PROGRESS 1295/1613 id=3321304167
7807.2s 284 [NX-47 VESU PROD V141-REAL-PY] FRAGMENT_PROGRESS 1300/1613 id=3340933719
7827.8s 285 [NX-47 VESU PROD V141-REAL-PY] FRAGMENT_PROGRESS 1305/1613 id=3351412255
7847.8s 286 [NX-47 VESU PROD V141-REAL-PY] FRAGMENT_PROGRESS 1310/1613 id=3376387932
7869.9s 287 [NX-47 VESU PROD V141-REAL-PY] FRAGMENT_PROGRESS 1315/1613 id=3403995981
7888.8s 288 [NX-47 VESU PROD V141-REAL-PY] FRAGMENT_PROGRESS 1320/1613 id=3414605268
7911.2s 289 [NX-47 VESU PROD V141-REAL-PY] FRAGMENT_PROGRESS 1325/1613 id=3436049398
7931.4s 290 [NX-47 VESU PROD V141-REAL-PY] FRAGMENT_PROGRESS 1330/1613 id=344456112
7955.0s 291 [NX-47 VESU PROD V141-REAL-PY] FRAGMENT_PROGRESS 1335/1613 id=3522460784
7972.4s 292 [NX-47 VESU PROD V141-REAL-PY] FRAGMENT_PROGRESS 1340/1613 id=3545147380
7993.9s 293 [NX-47 VESU PROD V141-REAL-PY] FRAGMENT_PROGRESS 1345/1613 id=3602356228
8018.1s 294 [NX-47 VESU PROD V141-REAL-PY] FRAGMENT_PROGRESS 1350/1613 id=3614895682
8035.9s 295 [NX-47 VESU PROD V141-REAL-PY] FRAGMENT_PROGRESS 1355/1613 id=3635486343
8052.3s 296 [NX-47 VESU PROD V141-REAL-PY] FRAGMENT_PROGRESS 1360/1613 id=364978558
8073.7s 297 [NX-47 VESU PROD V141-REAL-PY] FRAGMENT_PROGRESS 1365/1613 id=3676026615
8093.8s 298 [NX-47 VESU PROD V141-REAL-PY] FRAGMENT_PROGRESS 1370/1613 id=3700757712
8119.0s 299 [NX-47 VESU PROD V141-REAL-PY] FRAGMENT_PROGRESS 1375/1613 id=3732127861
8141.6s 300 [NX-47 VESU PROD V141-REAL-PY] FRAGMENT_PROGRESS 1380/1613 id=3774596591
8164.2s 301 [NX-47 VESU PROD V141-REAL-PY] FRAGMENT_PROGRESS 1385/1613 id=3794435116
8187.7s 302 [NX-47 VESU PROD V141-REAL-PY] FRAGMENT_PROGRESS 1390/1613 id=3811489418
8213.5s 303 [NX-47 VESU PROD V141-REAL-PY] FRAGMENT_PROGRESS 1395/1613 id=3834183540
8234.7s 304 [NX-47 VESU PROD V141-REAL-PY] FRAGMENT_PROGRESS 1400/1613 id=3854983004
8260.8s 305 [NX-47 VESU PROD V141-REAL-PY] FRAGMENT_PROGRESS 1405/1613 id=3904609999
8285.0s 306 [NX-47 VESU PROD V141-REAL-PY] FRAGMENT_PROGRESS 1410/1613 id=3922476405
8312.3s 307 [NX-47 VESU PROD V141-REAL-PY] FRAGMENT_PROGRESS 1415/1613 id=3931902777
8335.3s 308 [NX-47 VESU PROD V141-REAL-PY] FRAGMENT_PROGRESS 1420/1613 id=3965259126
8355.5s 309 [NX-47 VESU PROD V141-REAL-PY] FRAGMENT_PROGRESS 1425/1613 id=3977024865
8378.7s 310 [NX-47 VESU PROD V141-REAL-PY] FRAGMENT_PROGRESS 1430/1613 id=399611216
8401.7s 311 [NX-47 VESU PROD V141-REAL-PY] FRAGMENT_PROGRESS 1435/1613 id=4024699648
8420.4s 312 [NX-47 VESU PROD V141-REAL-PY] FRAGMENT_PROGRESS 1440/1613 id=4055275941
8446.2s 313 [NX-47 VESU PROD V141-REAL-PY] FRAGMENT_PROGRESS 1445/1613 id=4066091069
8466.8s 314 [NX-47 VESU PROD V141-REAL-PY] FRAGMENT_PROGRESS 1450/1613 id=4105398542
8490.8s 315 [NX-47 VESU PROD V141-REAL-PY] FRAGMENT_PROGRESS 1455/1613 id=4125736882
8518.0s 316 [NX-47 VESU PROD V141-REAL-PY] FRAGMENT_PROGRESS 1460/1613 id=4180160757
8538.3s 317 [NX-47 VESU PROD V141-REAL-PY] FRAGMENT_PROGRESS 1465/1613 id=4187712419
8559.2s 318 [NX-47 VESU PROD V141-REAL-PY] FRAGMENT_PROGRESS 1470/1613 id=4205218927
8579.7s 319 [NX-47 VESU PROD V141-REAL-PY] FRAGMENT_PROGRESS 1475/1613 id=4218389312
8597.0s 320 [NX-47 VESU PROD V141-REAL-PY] FRAGMENT_PROGRESS 1480/1613 id=4235140888
8620.1s 321 [NX-47 VESU PROD V141-REAL-PY] FRAGMENT_PROGRESS 1485/1613 id=426871543
8644.1s 322 [NX-47 VESU PROD V141-REAL-PY] FRAGMENT_PROGRESS 1490/1613 id=435122332
8665.8s 323 [NX-47 VESU PROD V141-REAL-PY] FRAGMENT_PROGRESS 1495/1613 id=45525309
8697.0s 324 [NX-47 VESU PROD V141-REAL-PY] FRAGMENT_PROGRESS 1500/1613 id=469842901
8718.9s 325 [NX-47 VESU PROD V141-REAL-PY] FRAGMENT_PROGRESS 1505/1613 id=489804959
8747.1s 326 [NX-47 VESU PROD V141-REAL-PY] FRAGMENT_PROGRESS 1510/1613 id=513390852
8774.2s 327 [NX-47 VESU PROD V141-REAL-PY] FRAGMENT_PROGRESS 1515/1613 id=53160227
8802.5s 328 [NX-47 VESU PROD V141-REAL-PY] FRAGMENT_PROGRESS 1520/1613 id=541673255
8827.0s 329 [NX-47 VESU PROD V141-REAL-PY] FRAGMENT_PROGRESS 1525/1613 id=567464717
8851.4s 330 [NX-47 VESU PROD V141-REAL-PY] FRAGMENT_PROGRESS 1530/1613 id=584514551
8875.9s 331 [NX-47 VESU PROD V141-REAL-PY] FRAGMENT_PROGRESS 1535/1613 id=60272894
8894.8s 332 [NX-47 VESU PROD V141-REAL-PY] FRAGMENT_PROGRESS 1540/1613 id=633046981
8918.9s 333 [NX-47 VESU PROD V141-REAL-PY] FRAGMENT_PROGRESS 1545/1613 id=648443467
8941.7s 334 [NX-47 VESU PROD V141-REAL-PY] FRAGMENT_PROGRESS 1550/1613 id=687559918
8964.6s 335 [NX-47 VESU PROD V141-REAL-PY] FRAGMENT_PROGRESS 1555/1613 id=702123980
8980.8s 336 [NX-47 VESU PROD V141-REAL-PY] FRAGMENT_PROGRESS 1560/1613 id=711832556
8996.4s 337 [NX-47 VESU PROD V141-REAL-PY] FRAGMENT_PROGRESS 1565/1613 id=722561671
9020.4s 338 [NX-47 VESU PROD V141-REAL-PY] FRAGMENT_PROGRESS 1570/1613 id=746664827
9041.4s 339 [NX-47 VESU PROD V141-REAL-PY] FRAGMENT_PROGRESS 1575/1613 id=777463733
9068.5s 340 [NX-47 VESU PROD V141-REAL-PY] FRAGMENT_PROGRESS 1580/1613 id=803213133
9093.9s 341 [NX-47 VESU PROD V141-REAL-PY] FRAGMENT_PROGRESS 1585/1613 id=826588329
9115.4s 342 [NX-47 VESU PROD V141-REAL-PY] FRAGMENT_PROGRESS 1590/1613 id=86701140
9137.6s 343 [NX-47 VESU PROD V141-REAL-PY] FRAGMENT_PROGRESS 1595/1613 id=885730675
9157.7s 344 [NX-47 VESU PROD V141-REAL-PY] FRAGMENT_PROGRESS 1600/1613 id=916238493
9177.8s 345 [NX-47 VESU PROD V141-REAL-PY] FRAGMENT_PROGRESS 1605/1613 id=933191725
9200.2s 346 [NX-47 VESU PROD V141-REAL-PY] FRAGMENT_PROGRESS 1610/1613 id=969293709
9216.0s 347 [NX-47 VESU PROD V141-REAL-PY] FRAGMENT_PROGRESS 1613/1613 id=992852942
9219.5s 348 [NX-47 VESU PROD V141-REAL-PY] STAGE feature_extraction:done
9344.9s 349 [NX-47 VESU PROD V141-REAL-PY] STAGE inference:done
9345.0s 350 [NX-47 VESU PROD V141-REAL-PY] STAGE forensic_export:done
9345.2s 351 [NX-47 VESU PROD V141-REAL-PY] Execution Complete.
9348.2s 352 /usr/local/lib/python3.12/dist-packages/mistune.py:435: SyntaxWarning: invalid escape sequence '\|'
9348.2s 353 cells[i][c] = re.sub('\\\\\|', '|', cell)
9348.4s 354 /usr/local/lib/python3.12/dist-packages/nbconvert/filters/filter_links.py:36: SyntaxWarning: invalid escape sequence '\_'
9348.4s 355 text = re.sub(r'_', '\_', text) # Escape underscores in display text
9349.2s 356 /usr/local/lib/python3.12/dist-packages/traitlets/traitlets.py:2915: FutureWarning: --Exporter.preprocessors=["remove_papermill_header.RemovePapermillHeader"] for containers is deprecated in traitlets 5.0. You can pass `--Exporter.preprocessors item` ... multiple times to add items to a list.
9349.2s 357 warn(
9349.2s 358 [NbConvertApp] Converting notebook __notebook__.ipynb to notebook
9349.6s 359 [NbConvertApp] Writing 69673 bytes to __notebook__.ipynb
9352.0s 360 /usr/local/lib/python3.12/dist-packages/traitlets/traitlets.py:2915: FutureWarning: --Exporter.preprocessors=["nbconvert.preprocessors.ExtractOutputPreprocessor"] for containers is deprecated in traitlets 5.0. You can pass `--Exporter.preprocessors item` ... multiple times to add items to a list.
9352.0s 361 warn(
9352.0s 362 [NbConvertApp] Converting notebook __notebook__.ipynb to html
9353.1s 363 [NbConvertApp] Writing 446583 bytes to __results__.html