# NX FORENSIC LOG START t0_ns=13211653161362
t_ns=13211653392168 delta_ns=230806 layer=hardware phase=init sub=ressources msg=cpu_detected value=3.000000000000
t_ns=13211653407783 delta_ns=246421 layer=hardware phase=init sub=ressources msg=ram_gb_detected value=17.930873870850
t_ns=13211653410713 delta_ns=249351 layer=expert_review phase=phase_0 question="Le bruit est-il piloté et non destructeur ?" answer="Oui, via lyapunov_gain qui ramène l'etat vers la cible."
t_ns=13211653679160 delta_ns=517798 layer=simulation phase=run sub=score msg=nx_score value=0.492348615319
t_ns=13211653681316 delta_ns=519954 layer=simulation phase=run sub=score msg=classical_score value=0.268387800475
t_ns=13211653798806 delta_ns=637444 layer=simulation phase=run sub=score msg=nx_score value=0.494695738470
t_ns=13211653799546 delta_ns=638184 layer=simulation phase=run sub=score msg=classical_score value=0.252087556883
t_ns=13211653916535 delta_ns=755173 layer=simulation phase=run sub=score msg=nx_score value=0.484686314484
t_ns=13211653917098 delta_ns=755736 layer=simulation phase=run sub=score msg=classical_score value=0.255871641910
t_ns=13211654032166 delta_ns=870804 layer=simulation phase=run sub=score msg=nx_score value=0.449352810539
t_ns=13211654032773 delta_ns=871411 layer=simulation phase=run sub=score msg=classical_score value=0.235147141573
t_ns=13211654148203 delta_ns=986841 layer=simulation phase=run sub=score msg=nx_score value=0.441123552472
t_ns=13211654148796 delta_ns=987434 layer=simulation phase=run sub=score msg=classical_score value=0.234848835317
t_ns=13211654262924 delta_ns=1101562 layer=simulation phase=run sub=score msg=nx_score value=0.429183922432
t_ns=13211654263516 delta_ns=1102154 layer=simulation phase=run sub=score msg=classical_score value=0.224322836964
t_ns=13211654378976 delta_ns=1217614 layer=simulation phase=run sub=score msg=nx_score value=0.408994401118
t_ns=13211654379537 delta_ns=1218175 layer=simulation phase=run sub=score msg=classical_score value=0.224193713988
t_ns=13211654494281 delta_ns=1332919 layer=simulation phase=run sub=score msg=nx_score value=0.394845518998
t_ns=13211654494800 delta_ns=1333438 layer=simulation phase=run sub=score msg=classical_score value=0.215113901971
t_ns=13211654609056 delta_ns=1447694 layer=simulation phase=run sub=score msg=nx_score value=0.376484478751
t_ns=13211654609538 delta_ns=1448176 layer=simulation phase=run sub=score msg=classical_score value=0.204023957856
t_ns=13211654724837 delta_ns=1563475 layer=simulation phase=run sub=score msg=nx_score value=0.364451616602
t_ns=13211654725385 delta_ns=1564023 layer=simulation phase=run sub=score msg=classical_score value=0.206383745719
t_ns=13211654840313 delta_ns=1678951 layer=simulation phase=run sub=score msg=nx_score value=0.352591387618
t_ns=13211654840827 delta_ns=1679465 layer=simulation phase=run sub=score msg=classical_score value=0.198462740097
t_ns=13211654955595 delta_ns=1794233 layer=simulation phase=run sub=score msg=nx_score value=0.345772601781
t_ns=13211654956162 delta_ns=1794800 layer=simulation phase=run sub=score msg=classical_score value=0.190434615891
t_ns=13211655070999 delta_ns=1909637 layer=simulation phase=run sub=score msg=nx_score value=0.333509691790
t_ns=13211655071549 delta_ns=1910187 layer=simulation phase=run sub=score msg=classical_score value=0.183320754336
t_ns=13211655186996 delta_ns=2025634 layer=simulation phase=run sub=score msg=nx_score value=0.317681605874
t_ns=13211655187573 delta_ns=2026211 layer=simulation phase=run sub=score msg=classical_score value=0.177190087027
t_ns=13211655302843 delta_ns=2141481 layer=simulation phase=run sub=score msg=nx_score value=0.321867835149
t_ns=13211655303384 delta_ns=2142022 layer=simulation phase=run sub=score msg=classical_score value=0.171402776635
t_ns=13211655418881 delta_ns=2257519 layer=simulation phase=run sub=score msg=nx_score value=0.363727564914
t_ns=13211655419399 delta_ns=2258037 layer=simulation phase=run sub=score msg=classical_score value=0.174388789367
t_ns=13211655535225 delta_ns=2373863 layer=simulation phase=run sub=score msg=nx_score value=0.361575952858
t_ns=13211655535863 delta_ns=2374501 layer=simulation phase=run sub=score msg=classical_score value=0.171618247870
t_ns=13211655662095 delta_ns=2500733 layer=simulation phase=run sub=score msg=nx_score value=0.342879768906
t_ns=13211655662636 delta_ns=2501274 layer=simulation phase=run sub=score msg=classical_score value=0.164201858984
t_ns=13211655777336 delta_ns=2615974 layer=simulation phase=run sub=score msg=nx_score value=0.334294584358
t_ns=13211655777881 delta_ns=2616519 layer=simulation phase=run sub=score msg=classical_score value=0.157964860529
t_ns=13211655892668 delta_ns=2731306 layer=simulation phase=run sub=score msg=nx_score value=0.319880170585
t_ns=13211655893216 delta_ns=2731854 layer=simulation phase=run sub=score msg=classical_score value=0.158334510818
t_ns=13211656040382 delta_ns=2879020 layer=simulation phase=run sub=score msg=nx_score value=0.475585416535
t_ns=13211656041270 delta_ns=2879908 layer=simulation phase=run sub=score msg=classical_score value=0.269255342282
t_ns=13211656157483 delta_ns=2996121 layer=simulation phase=run sub=score msg=nx_score value=0.448849732443
t_ns=13211656158016 delta_ns=2996654 layer=simulation phase=run sub=score msg=classical_score value=0.258710746734
t_ns=13211656273132 delta_ns=3111770 layer=simulation phase=run sub=score msg=nx_score value=0.439461387051
t_ns=13211656273662 delta_ns=3112300 layer=simulation phase=run sub=score msg=classical_score value=0.248587602979
t_ns=13211656388975 delta_ns=3227613 layer=simulation phase=run sub=score msg=nx_score value=0.429823613136
t_ns=13211656389489 delta_ns=3228127 layer=simulation phase=run sub=score msg=classical_score value=0.245499442687
t_ns=13211656504261 delta_ns=3342899 layer=simulation phase=run sub=score msg=nx_score value=0.412753293326
t_ns=13211656504769 delta_ns=3343407 layer=simulation phase=run sub=score msg=classical_score value=0.234320944309
t_ns=13211656619943 delta_ns=3458581 layer=simulation phase=run sub=score msg=nx_score value=0.402303838740
t_ns=13211656620500 delta_ns=3459138 layer=simulation phase=run sub=score msg=classical_score value=0.226247980479
t_ns=13211656736307 delta_ns=3574945 layer=simulation phase=run sub=score msg=nx_score value=0.388826371944
t_ns=13211656736792 delta_ns=3575430 layer=simulation phase=run sub=score msg=classical_score value=0.217803391125
t_ns=13211656852799 delta_ns=3691437 layer=simulation phase=run sub=score msg=nx_score value=0.374618097907
t_ns=13211656853354 delta_ns=3691992 layer=simulation phase=run sub=score msg=classical_score value=0.211733790596
t_ns=13211656969443 delta_ns=3808081 layer=simulation phase=run sub=score msg=nx_score value=0.366080457052
t_ns=13211656970023 delta_ns=3808661 layer=simulation phase=run sub=score msg=classical_score value=0.206209818852
t_ns=13211657085974 delta_ns=3924612 layer=simulation phase=run sub=score msg=nx_score value=0.344109401318
t_ns=13211657086532 delta_ns=3925170 layer=simulation phase=run sub=score msg=classical_score value=0.205642393317
t_ns=13211657202934 delta_ns=4041572 layer=simulation phase=run sub=score msg=nx_score value=0.402257426969
t_ns=13211657203473 delta_ns=4042111 layer=simulation phase=run sub=score msg=classical_score value=0.191461174814
t_ns=13211657319780 delta_ns=4158418 layer=simulation phase=run sub=score msg=nx_score value=0.388373327163
t_ns=13211657320314 delta_ns=4158952 layer=simulation phase=run sub=score msg=classical_score value=0.191419235303
t_ns=13211657453386 delta_ns=4292024 layer=simulation phase=run sub=score msg=nx_score value=0.383767284567
t_ns=13211657454121 delta_ns=4292759 layer=simulation phase=run sub=score msg=classical_score value=0.182346100685
t_ns=13211657571505 delta_ns=4410143 layer=simulation phase=run sub=score msg=nx_score value=0.363729318248
t_ns=13211657572037 delta_ns=4410675 layer=simulation phase=run sub=score msg=classical_score value=0.179003135903
t_ns=13211657699615 delta_ns=4538253 layer=simulation phase=run sub=score msg=nx_score value=0.335578420024
t_ns=13211657700426 delta_ns=4539064 layer=simulation phase=run sub=score msg=classical_score value=0.173746280777
t_ns=13211657841896 delta_ns=4680534 layer=simulation phase=run sub=score msg=nx_score value=0.341282274190
t_ns=13211657842655 delta_ns=4681293 layer=simulation phase=run sub=score msg=classical_score value=0.172247691267
t_ns=13211657959831 delta_ns=4798469 layer=simulation phase=run sub=score msg=nx_score value=0.336076020634
t_ns=13211657960407 delta_ns=4799045 layer=simulation phase=run sub=score msg=classical_score value=0.160643649852
t_ns=13211658077449 delta_ns=4916087 layer=simulation phase=run sub=score msg=nx_score value=0.313233892316
t_ns=13211658077946 delta_ns=4916584 layer=simulation phase=run sub=score msg=classical_score value=0.161166659987
t_ns=13211658195348 delta_ns=5033986 layer=simulation phase=run sub=score msg=nx_score value=0.309096009732
t_ns=13211658195912 delta_ns=5034550 layer=simulation phase=run sub=score msg=classical_score value=0.159961972303
t_ns=13211658340136 delta_ns=5178774 layer=simulation phase=run sub=score msg=nx_score value=0.298273130960
t_ns=13211658340917 delta_ns=5179555 layer=simulation phase=run sub=score msg=classical_score value=0.160486535806
t_ns=13211658475767 delta_ns=5314405 layer=simulation phase=run sub=score msg=nx_score value=0.448957290127
t_ns=13211658476856 delta_ns=5315494 layer=simulation phase=run sub=score msg=classical_score value=0.256077239048
t_ns=13211658600419 delta_ns=5439057 layer=simulation phase=run sub=score msg=nx_score value=0.443893620246
t_ns=13211658601065 delta_ns=5439703 layer=simulation phase=run sub=score msg=classical_score value=0.248103402639
t_ns=13211658728037 delta_ns=5566675 layer=simulation phase=run sub=score msg=nx_score value=0.413840227927
t_ns=13211658728764 delta_ns=5567402 layer=simulation phase=run sub=score msg=classical_score value=0.246541044831
t_ns=13211658847597 delta_ns=5686235 layer=simulation phase=run sub=score msg=nx_score value=0.407569340162
t_ns=13211658848171 delta_ns=5686809 layer=simulation phase=run sub=score msg=classical_score value=0.236307599575
t_ns=13211658974855 delta_ns=5813493 layer=simulation phase=run sub=score msg=nx_score value=0.401139846644
t_ns=13211658975597 delta_ns=5814235 layer=simulation phase=run sub=score msg=classical_score value=0.226417692512
t_ns=13211659093994 delta_ns=5932632 layer=simulation phase=run sub=score msg=nx_score value=0.434132907462
t_ns=13211659094561 delta_ns=5933199 layer=simulation phase=run sub=score msg=classical_score value=0.225115786432
t_ns=13211659228950 delta_ns=6067588 layer=simulation phase=run sub=score msg=nx_score value=0.427588762227
t_ns=13211659229691 delta_ns=6068329 layer=simulation phase=run sub=score msg=classical_score value=0.209275829832
t_ns=13211659362906 delta_ns=6201544 layer=simulation phase=run sub=score msg=nx_score value=0.408887436385
t_ns=13211659364135 delta_ns=6202773 layer=simulation phase=run sub=score msg=classical_score value=0.204766404367
t_ns=13211659503684 delta_ns=6342322 layer=simulation phase=run sub=score msg=nx_score value=0.392754942471
t_ns=13211659504451 delta_ns=6343089 layer=simulation phase=run sub=score msg=classical_score value=0.199585821211
t_ns=13211659622224 delta_ns=6460862 layer=simulation phase=run sub=score msg=nx_score value=0.384085120479
t_ns=13211659622798 delta_ns=6461436 layer=simulation phase=run sub=score msg=classical_score value=0.190361476839
t_ns=13211659742250 delta_ns=6580888 layer=simulation phase=run sub=score msg=nx_score value=0.377243945040
t_ns=13211659742847 delta_ns=6581485 layer=simulation phase=run sub=score msg=classical_score value=0.186143481772
t_ns=13211659861563 delta_ns=6700201 layer=simulation phase=run sub=score msg=nx_score value=0.357658384605
t_ns=13211659862100 delta_ns=6700738 layer=simulation phase=run sub=score msg=classical_score value=0.189604434308
t_ns=13211659990174 delta_ns=6828812 layer=simulation phase=run sub=score msg=nx_score value=0.351022341005
t_ns=13211659990870 delta_ns=6829508 layer=simulation phase=run sub=score msg=classical_score value=0.181713536756
t_ns=13211660132058 delta_ns=6970696 layer=simulation phase=run sub=score msg=nx_score value=0.330302544759
t_ns=13211660141707 delta_ns=6980345 layer=simulation phase=run sub=score msg=classical_score value=0.173221841263
t_ns=13211660261052 delta_ns=7099690 layer=simulation phase=run sub=score msg=nx_score value=0.306668814860
t_ns=13211660261626 delta_ns=7100264 layer=simulation phase=run sub=score msg=classical_score value=0.169301467825
t_ns=13211660380088 delta_ns=7218726 layer=simulation phase=run sub=score msg=nx_score value=0.315299323103
t_ns=13211660380653 delta_ns=7219291 layer=simulation phase=run sub=score msg=classical_score value=0.168540173168
t_ns=13211660518537 delta_ns=7357175 layer=simulation phase=run sub=score msg=nx_score value=0.300173271164
t_ns=13211660519357 delta_ns=7357995 layer=simulation phase=run sub=score msg=classical_score value=0.167289869373
t_ns=13211660637827 delta_ns=7476465 layer=simulation phase=run sub=score msg=nx_score value=0.299105392843
t_ns=13211660638375 delta_ns=7477013 layer=simulation phase=run sub=score msg=classical_score value=0.157008992187
t_ns=13211660760141 delta_ns=7598779 layer=simulation phase=run sub=score msg=nx_score value=0.292304203760
t_ns=13211660760766 delta_ns=7599404 layer=simulation phase=run sub=score msg=classical_score value=0.162356144873
t_ns=13211660878637 delta_ns=7717275 layer=simulation phase=run sub=score msg=nx_score value=0.275876312375
t_ns=13211660879143 delta_ns=7717781 layer=simulation phase=run sub=score msg=classical_score value=0.148968235095
t_ns=13211661020665 delta_ns=7859303 layer=simulation phase=run sub=score msg=nx_score value=0.495605348371
t_ns=13211661021576 delta_ns=7860214 layer=simulation phase=run sub=score msg=classical_score value=0.253902291836
t_ns=13211661153655 delta_ns=7992293 layer=simulation phase=run sub=score msg=nx_score value=0.481938838545
t_ns=13211661154371 delta_ns=7993009 layer=simulation phase=run sub=score msg=classical_score value=0.244311259146
t_ns=13211661272543 delta_ns=8111181 layer=simulation phase=run sub=score msg=nx_score value=0.458585679892
t_ns=13211661273061 delta_ns=8111699 layer=simulation phase=run sub=score msg=classical_score value=0.242590688907
t_ns=13211661391422 delta_ns=8230060 layer=simulation phase=run sub=score msg=nx_score value=0.449819299366
t_ns=13211661391926 delta_ns=8230564 layer=simulation phase=run sub=score msg=classical_score value=0.228985458512
t_ns=13211661535756 delta_ns=8374394 layer=simulation phase=run sub=score msg=nx_score value=0.436950783289
t_ns=13211661536668 delta_ns=8375306 layer=simulation phase=run sub=score msg=classical_score value=0.224834177330
t_ns=13211661666501 delta_ns=8505139 layer=simulation phase=run sub=score msg=nx_score value=0.421400626915
t_ns=13211661667278 delta_ns=8505916 layer=simulation phase=run sub=score msg=classical_score value=0.219386831438
t_ns=13211661785012 delta_ns=8623650 layer=simulation phase=run sub=score msg=nx_score value=0.386380764121
t_ns=13211661785568 delta_ns=8624206 layer=simulation phase=run sub=score msg=classical_score value=0.213241452045
t_ns=13211661904641 delta_ns=8743279 layer=simulation phase=run sub=score msg=nx_score value=0.403702426824
t_ns=13211661905207 delta_ns=8743845 layer=simulation phase=run sub=score msg=classical_score value=0.200305302926
t_ns=13211662023242 delta_ns=8861880 layer=simulation phase=run sub=score msg=nx_score value=0.373264430443
t_ns=13211662023899 delta_ns=8862537 layer=simulation phase=run sub=score msg=classical_score value=0.193860047399
t_ns=13211662142414 delta_ns=8981052 layer=simulation phase=run sub=score msg=nx_score value=0.364128319237
t_ns=13211662142909 delta_ns=8981547 layer=simulation phase=run sub=score msg=classical_score value=0.191230109521
t_ns=13211662262173 delta_ns=9100811 layer=simulation phase=run sub=score msg=nx_score value=0.351831212412
t_ns=13211662262688 delta_ns=9101326 layer=simulation phase=run sub=score msg=classical_score value=0.187907795847
t_ns=13211662382642 delta_ns=9221280 layer=simulation phase=run sub=score msg=nx_score value=0.338553282802
t_ns=13211662383201 delta_ns=9221839 layer=simulation phase=run sub=score msg=classical_score value=0.181675344790
t_ns=13211662509527 delta_ns=9348165 layer=simulation phase=run sub=score msg=nx_score value=0.337815990504
t_ns=13211662510126 delta_ns=9348764 layer=simulation phase=run sub=score msg=classical_score value=0.186923347680
t_ns=13211662642519 delta_ns=9481157 layer=simulation phase=run sub=score msg=nx_score value=0.319834130755
t_ns=13211662643237 delta_ns=9481875 layer=simulation phase=run sub=score msg=classical_score value=0.172765452564
t_ns=13211662763509 delta_ns=9602147 layer=simulation phase=run sub=score msg=nx_score value=0.305924681080
t_ns=13211662764101 delta_ns=9602739 layer=simulation phase=run sub=score msg=classical_score value=0.167705644897
t_ns=13211662883525 delta_ns=9722163 layer=simulation phase=run sub=score msg=nx_score value=0.354888500777
t_ns=13211662884074 delta_ns=9722712 layer=simulation phase=run sub=score msg=classical_score value=0.166519123201
t_ns=13211663004434 delta_ns=9843072 layer=simulation phase=run sub=score msg=nx_score value=0.341719751267
t_ns=13211663004926 delta_ns=9843564 layer=simulation phase=run sub=score msg=classical_score value=0.158435988832
t_ns=13211663124506 delta_ns=9963144 layer=simulation phase=run sub=score msg=nx_score value=0.320470459162
t_ns=13211663125060 delta_ns=9963698 layer=simulation phase=run sub=score msg=classical_score value=0.157658693370
t_ns=13211663246092 delta_ns=10084730 layer=simulation phase=run sub=score msg=nx_score value=0.327062613622
t_ns=13211663246684 delta_ns=10085322 layer=simulation phase=run sub=score msg=classical_score value=0.152410447443
t_ns=13211663367649 delta_ns=10206287 layer=simulation phase=run sub=score msg=nx_score value=0.308985057483
t_ns=13211663368223 delta_ns=10206861 layer=simulation phase=run sub=score msg=classical_score value=0.154133076612
t_ns=13211663488584 delta_ns=10327222 layer=simulation phase=run sub=score msg=nx_score value=0.472017468906
t_ns=13211663489310 delta_ns=10327948 layer=simulation phase=run sub=score msg=classical_score value=0.258176498857
t_ns=13211663618320 delta_ns=10456958 layer=simulation phase=run sub=score msg=nx_score value=0.454842633124
t_ns=13211663619071 delta_ns=10457709 layer=simulation phase=run sub=score msg=classical_score value=0.245678948387
t_ns=13211663748870 delta_ns=10587508 layer=simulation phase=run sub=score msg=nx_score value=0.441501996081
t_ns=13211663749627 delta_ns=10588265 layer=simulation phase=run sub=score msg=classical_score value=0.245010401834
t_ns=13211663870950 delta_ns=10709588 layer=simulation phase=run sub=score msg=nx_score value=0.420575474280
t_ns=13211663871508 delta_ns=10710146 layer=simulation phase=run sub=score msg=classical_score value=0.227705202175
t_ns=13211663991678 delta_ns=10830316 layer=simulation phase=run sub=score msg=nx_score value=0.399666781023
t_ns=13211663992265 delta_ns=10830903 layer=simulation phase=run sub=score msg=classical_score value=0.214426775635
t_ns=13211664156875 delta_ns=10995513 layer=simulation phase=run sub=score msg=nx_score value=0.392932576577
t_ns=13211664157838 delta_ns=10996476 layer=simulation phase=run sub=score msg=classical_score value=0.221432255419
t_ns=13211664279133 delta_ns=11117771 layer=simulation phase=run sub=score msg=nx_score value=0.380105321835
t_ns=13211664279751 delta_ns=11118389 layer=simulation phase=run sub=score msg=classical_score value=0.217065350148
t_ns=13211664400625 delta_ns=11239263 layer=simulation phase=run sub=score msg=nx_score value=0.364970024854
t_ns=13211664401203 delta_ns=11239841 layer=simulation phase=run sub=score msg=classical_score value=0.203740374356
t_ns=13211664522433 delta_ns=11361071 layer=simulation phase=run sub=score msg=nx_score value=0.361736115367
t_ns=13211664523015 delta_ns=11361653 layer=simulation phase=run sub=score msg=classical_score value=0.191259257111
t_ns=13211664656106 delta_ns=11494744 layer=simulation phase=run sub=score msg=nx_score value=0.328016450608
t_ns=13211664656925 delta_ns=11495563 layer=simulation phase=run sub=score msg=classical_score value=0.194044154884
t_ns=13211664825307 delta_ns=11663945 layer=simulation phase=run sub=score msg=nx_score value=0.389130556726
t_ns=13211664826307 delta_ns=11664945 layer=simulation phase=run sub=score msg=classical_score value=0.188894508621
t_ns=13211664947569 delta_ns=11786207 layer=simulation phase=run sub=score msg=nx_score value=0.360362871742
t_ns=13211664948147 delta_ns=11786785 layer=simulation phase=run sub=score msg=classical_score value=0.177591871512
t_ns=13211665069798 delta_ns=11908436 layer=simulation phase=run sub=score msg=nx_score value=0.360790180497
t_ns=13211665070389 delta_ns=11909027 layer=simulation phase=run sub=score msg=classical_score value=0.179707041775
t_ns=13211665192485 delta_ns=12031123 layer=simulation phase=run sub=score msg=nx_score value=0.360989276819
t_ns=13211665193071 delta_ns=12031709 layer=simulation phase=run sub=score msg=classical_score value=0.176654356755
t_ns=13211665314742 delta_ns=12153380 layer=simulation phase=run sub=score msg=nx_score value=0.341784012012
t_ns=13211665315318 delta_ns=12153956 layer=simulation phase=run sub=score msg=classical_score value=0.169202354115
t_ns=13211665446331 delta_ns=12284969 layer=simulation phase=run sub=score msg=nx_score value=0.324833515173
t_ns=13211665447064 delta_ns=12285702 layer=simulation phase=run sub=score msg=classical_score value=0.162750306932
t_ns=13211665568974 delta_ns=12407612 layer=simulation phase=run sub=score msg=nx_score value=0.326930533639
t_ns=13211665569527 delta_ns=12408165 layer=simulation phase=run sub=score msg=classical_score value=0.161949503233
t_ns=13211665701114 delta_ns=12539752 layer=simulation phase=run sub=score msg=nx_score value=0.308607228454
t_ns=13211665701903 delta_ns=12540541 layer=simulation phase=run sub=score msg=classical_score value=0.156851421064
t_ns=13211665834660 delta_ns=12673298 layer=simulation phase=run sub=score msg=nx_score value=0.296707054387
t_ns=13211665835407 delta_ns=12674045 layer=simulation phase=run sub=score msg=classical_score value=0.150944487442
t_ns=13211665957544 delta_ns=12796182 layer=simulation phase=run sub=score msg=nx_score value=0.295923078596
t_ns=13211665958110 delta_ns=12796748 layer=simulation phase=run sub=score msg=classical_score value=0.150215229089
t_ns=13211666080211 delta_ns=12918849 layer=simulation phase=run sub=score msg=nx_score value=0.438755078351
t_ns=13211666080791 delta_ns=12919429 layer=simulation phase=run sub=score msg=classical_score value=0.254855148769
t_ns=13211666202259 delta_ns=13040897 layer=simulation phase=run sub=score msg=nx_score value=0.429536023032
t_ns=13211666202856 delta_ns=13041494 layer=simulation phase=run sub=score msg=classical_score value=0.241279525852
t_ns=13211666336889 delta_ns=13175527 layer=simulation phase=run sub=score msg=nx_score value=0.415680307419
t_ns=13211666337649 delta_ns=13176287 layer=simulation phase=run sub=score msg=classical_score value=0.234335832316
t_ns=13211666461510 delta_ns=13300148 layer=simulation phase=run sub=score msg=nx_score value=0.398486693693
t_ns=13211666462054 delta_ns=13300692 layer=simulation phase=run sub=score msg=classical_score value=0.231059698224
t_ns=13211666585303 delta_ns=13423941 layer=simulation phase=run sub=score msg=nx_score value=0.381799266897
t_ns=13211666585815 delta_ns=13424453 layer=simulation phase=run sub=score msg=classical_score value=0.226982202647
t_ns=13211666706986 delta_ns=13545624 layer=simulation phase=run sub=score msg=nx_score value=0.436794990256
t_ns=13211666707570 delta_ns=13546208 layer=simulation phase=run sub=score msg=classical_score value=0.202328560163
t_ns=13211666830322 delta_ns=13668960 layer=simulation phase=run sub=score msg=nx_score value=0.418166002405
t_ns=13211666830909 delta_ns=13669547 layer=simulation phase=run sub=score msg=classical_score value=0.206847045247
t_ns=13211666953424 delta_ns=13792062 layer=simulation phase=run sub=score msg=nx_score value=0.402084017013
t_ns=13211666954161 delta_ns=13792799 layer=simulation phase=run sub=score msg=classical_score value=0.192176182024
t_ns=13211667076616 delta_ns=13915254 layer=simulation phase=run sub=score msg=nx_score value=0.385471849824
t_ns=13211667082897 delta_ns=13921535 layer=simulation phase=run sub=score msg=classical_score value=0.197625033976
t_ns=13211667206530 delta_ns=14045168 layer=simulation phase=run sub=score msg=nx_score value=0.364962532801
t_ns=13211667207119 delta_ns=14045757 layer=simulation phase=run sub=score msg=classical_score value=0.193061329828
t_ns=13211667330360 delta_ns=14168998 layer=simulation phase=run sub=score msg=nx_score value=0.364913578882
t_ns=13211667330903 delta_ns=14169541 layer=simulation phase=run sub=score msg=classical_score value=0.185640039158
t_ns=13211667454240 delta_ns=14292878 layer=simulation phase=run sub=score msg=nx_score value=0.353913378950
t_ns=13211667454775 delta_ns=14293413 layer=simulation phase=run sub=score msg=classical_score value=0.170975580828
t_ns=13211667577760 delta_ns=14416398 layer=simulation phase=run sub=score msg=nx_score value=0.334369794820
t_ns=13211667578318 delta_ns=14416956 layer=simulation phase=run sub=score msg=classical_score value=0.177036682413
t_ns=13211667700509 delta_ns=14539147 layer=simulation phase=run sub=score msg=nx_score value=0.337281659387
t_ns=13211667701050 delta_ns=14539688 layer=simulation phase=run sub=score msg=classical_score value=0.169605502016
t_ns=13211667824570 delta_ns=14663208 layer=simulation phase=run sub=score msg=nx_score value=0.325614495622
t_ns=13211667825103 delta_ns=14663741 layer=simulation phase=run sub=score msg=classical_score value=0.167401785456
t_ns=13211667948428 delta_ns=14787066 layer=simulation phase=run sub=score msg=nx_score value=0.314651889484
t_ns=13211667948953 delta_ns=14787591 layer=simulation phase=run sub=score msg=classical_score value=0.155591644747
t_ns=13211668115966 delta_ns=14954604 layer=simulation phase=run sub=score msg=nx_score value=0.302597322746
t_ns=13211668116877 delta_ns=14955515 layer=simulation phase=run sub=score msg=classical_score value=0.156855614063
t_ns=13211668241069 delta_ns=15079707 layer=simulation phase=run sub=score msg=nx_score value=0.287603472027
t_ns=13211668241657 delta_ns=15080295 layer=simulation phase=run sub=score msg=classical_score value=0.154572728857
t_ns=13211668365975 delta_ns=15204613 layer=simulation phase=run sub=score msg=nx_score value=0.275940596655
t_ns=13211668366535 delta_ns=15205173 layer=simulation phase=run sub=score msg=classical_score value=0.148747575334
t_ns=13211668491044 delta_ns=15329682 layer=simulation phase=run sub=score msg=nx_score value=0.267208346917
t_ns=13211668491610 delta_ns=15330248 layer=simulation phase=run sub=score msg=classical_score value=0.147208825720
t_ns=13211668615572 delta_ns=15454210 layer=simulation phase=run sub=score msg=nx_score value=0.481893548491
t_ns=13211668616175 delta_ns=15454813 layer=simulation phase=run sub=score msg=classical_score value=0.247473751119
t_ns=13211668741398 delta_ns=15580036 layer=simulation phase=run sub=score msg=nx_score value=0.463417780365
t_ns=13211668742095 delta_ns=15580733 layer=simulation phase=run sub=score msg=classical_score value=0.250092851806
t_ns=13211668874184 delta_ns=15712822 layer=simulation phase=run sub=score msg=nx_score value=0.459104254223
t_ns=13211668874792 delta_ns=15713430 layer=simulation phase=run sub=score msg=classical_score value=0.231042423043
t_ns=13211668998959 delta_ns=15837597 layer=simulation phase=run sub=score msg=nx_score value=0.440393218764
t_ns=13211668999496 delta_ns=15838134 layer=simulation phase=run sub=score msg=classical_score value=0.226567582453
t_ns=13211669123805 delta_ns=15962443 layer=simulation phase=run sub=score msg=nx_score value=0.414687096319
t_ns=13211669124341 delta_ns=15962979 layer=simulation phase=run sub=score msg=classical_score value=0.218168076097
t_ns=13211669248434 delta_ns=16087072 layer=simulation phase=run sub=score msg=nx_score value=0.393423946197
t_ns=13211669248986 delta_ns=16087624 layer=simulation phase=run sub=score msg=classical_score value=0.208730530101
t_ns=13211669373068 delta_ns=16211706 layer=simulation phase=run sub=score msg=nx_score value=0.395171775505
t_ns=13211669378377 delta_ns=16217015 layer=simulation phase=run sub=score msg=classical_score value=0.201781209833
t_ns=13211669530149 delta_ns=16368787 layer=simulation phase=run sub=score msg=nx_score value=0.377635647387
t_ns=13211669531522 delta_ns=16370160 layer=simulation phase=run sub=score msg=classical_score value=0.193539495956
t_ns=13211669656684 delta_ns=16495322 layer=simulation phase=run sub=score msg=nx_score value=0.364768414758
t_ns=13211669657225 delta_ns=16495863 layer=simulation phase=run sub=score msg=classical_score value=0.195283558300
t_ns=13211669781358 delta_ns=16619996 layer=simulation phase=run sub=score msg=nx_score value=0.347478033758
t_ns=13211669781911 delta_ns=16620549 layer=simulation phase=run sub=score msg=classical_score value=0.188120666035
t_ns=13211669906936 delta_ns=16745574 layer=simulation phase=run sub=score msg=nx_score value=0.341422708285
t_ns=13211669907490 delta_ns=16746128 layer=simulation phase=run sub=score msg=classical_score value=0.186559400392
t_ns=13211670032339 delta_ns=16870977 layer=simulation phase=run sub=score msg=nx_score value=0.328398374087
t_ns=13211670032906 delta_ns=16871544 layer=simulation phase=run sub=score msg=classical_score value=0.175236396330
t_ns=13211670169924 delta_ns=17008562 layer=simulation phase=run sub=score msg=nx_score value=0.314365473842
t_ns=13211670170666 delta_ns=17009304 layer=simulation phase=run sub=score msg=classical_score value=0.177505396162
t_ns=13211670295605 delta_ns=17134243 layer=simulation phase=run sub=score msg=nx_score value=0.299837208952
t_ns=13211670296132 delta_ns=17134770 layer=simulation phase=run sub=score msg=classical_score value=0.165403424624
t_ns=13211670432085 delta_ns=17270723 layer=simulation phase=run sub=score msg=nx_score value=0.297273275479
t_ns=13211670432807 delta_ns=17271445 layer=simulation phase=run sub=score msg=classical_score value=0.166020500928
t_ns=13211670583417 delta_ns=17422055 layer=simulation phase=run sub=score msg=nx_score value=0.347129585160
t_ns=13211670584309 delta_ns=17422947 layer=simulation phase=run sub=score msg=classical_score value=0.160742316850
t_ns=13211670712152 delta_ns=17550790 layer=simulation phase=run sub=score msg=nx_score value=0.333573617768
t_ns=13211670712914 delta_ns=17551552 layer=simulation phase=run sub=score msg=classical_score value=0.158129337111
t_ns=13211670836944 delta_ns=17675582 layer=simulation phase=run sub=score msg=nx_score value=0.312102377063
t_ns=13211670837524 delta_ns=17676162 layer=simulation phase=run sub=score msg=classical_score value=0.150777568833
t_ns=13211670962231 delta_ns=17800869 layer=simulation phase=run sub=score msg=nx_score value=0.317939277590
t_ns=13211670962793 delta_ns=17801431 layer=simulation phase=run sub=score msg=classical_score value=0.150474205482
t_ns=13211671089077 delta_ns=17927715 layer=simulation phase=run sub=score msg=nx_score value=0.305654197518
t_ns=13211671089629 delta_ns=17928267 layer=simulation phase=run sub=score msg=classical_score value=0.148892908452
t_ns=13211671216185 delta_ns=18054823 layer=simulation phase=run sub=score msg=nx_score value=0.447819284106
t_ns=13211671216753 delta_ns=18055391 layer=simulation phase=run sub=score msg=classical_score value=0.249639853610
t_ns=13211671342412 delta_ns=18181050 layer=simulation phase=run sub=score msg=nx_score value=0.440140661465
t_ns=13211671343126 delta_ns=18181764 layer=simulation phase=run sub=score msg=classical_score value=0.240738921894
t_ns=13211671467581 delta_ns=18306219 layer=simulation phase=run sub=score msg=nx_score value=0.417750464218
t_ns=13211671468151 delta_ns=18306789 layer=simulation phase=run sub=score msg=classical_score value=0.221189233098
t_ns=13211671603919 delta_ns=18442557 layer=simulation phase=run sub=score msg=nx_score value=0.410695699304
t_ns=13211671604978 delta_ns=18443616 layer=simulation phase=run sub=score msg=classical_score value=0.214693535386
t_ns=13211671730100 delta_ns=18568738 layer=simulation phase=run sub=score msg=nx_score value=0.376541637412
t_ns=13211671736296 delta_ns=18574934 layer=simulation phase=run sub=score msg=classical_score value=0.210019810717
t_ns=13211671862175 delta_ns=18700813 layer=simulation phase=run sub=score msg=nx_score value=0.375332786260
t_ns=13211671862767 delta_ns=18701405 layer=simulation phase=run sub=score msg=classical_score value=0.206445636429
t_ns=13211671989148 delta_ns=18827786 layer=simulation phase=run sub=score msg=nx_score value=0.367956378952
t_ns=13211671989670 delta_ns=18828308 layer=simulation phase=run sub=score msg=classical_score value=0.208371089100
t_ns=13211672149391 delta_ns=18988029 layer=simulation phase=run sub=score msg=nx_score value=0.352902998633
t_ns=13211672150213 delta_ns=18988851 layer=simulation phase=run sub=score msg=classical_score value=0.195017335898
t_ns=13211672276918 delta_ns=19115556 layer=simulation phase=run sub=score msg=nx_score value=0.339072020557
t_ns=13211672277654 delta_ns=19116292 layer=simulation phase=run sub=score msg=classical_score value=0.188615635465
t_ns=13211672403650 delta_ns=19242288 layer=simulation phase=run sub=score msg=nx_score value=0.329790538682
t_ns=13211672404200 delta_ns=19242838 layer=simulation phase=run sub=score msg=classical_score value=0.183536790088
t_ns=13211672531309 delta_ns=19369947 layer=simulation phase=run sub=score msg=nx_score value=0.378733404602
t_ns=13211672531988 delta_ns=19370626 layer=simulation phase=run sub=score msg=classical_score value=0.179849335347
t_ns=13211672673954 delta_ns=19512592 layer=simulation phase=run sub=score msg=nx_score value=0.364834628102
t_ns=13211672674810 delta_ns=19513448 layer=simulation phase=run sub=score msg=classical_score value=0.175093426427
t_ns=13211672801414 delta_ns=19640052 layer=simulation phase=run sub=score msg=nx_score value=0.340633154498
t_ns=13211672801985 delta_ns=19640623 layer=simulation phase=run sub=score msg=classical_score value=0.165648852682
t_ns=13211672928055 delta_ns=19766693 layer=simulation phase=run sub=score msg=nx_score value=0.338394342061
t_ns=13211672928614 delta_ns=19767252 layer=simulation phase=run sub=score msg=classical_score value=0.163618129452
t_ns=13211673056393 delta_ns=19895031 layer=simulation phase=run sub=score msg=nx_score value=0.324682758624
t_ns=13211673056923 delta_ns=19895561 layer=simulation phase=run sub=score msg=classical_score value=0.161950963565
t_ns=13211673203914 delta_ns=20042552 layer=simulation phase=run sub=score msg=nx_score value=0.320561748633
t_ns=13211673204752 delta_ns=20043390 layer=simulation phase=run sub=score msg=classical_score value=0.154118681625
t_ns=13211673332396 delta_ns=20171034 layer=simulation phase=run sub=score msg=nx_score value=0.304078466437
t_ns=13211673332962 delta_ns=20171600 layer=simulation phase=run sub=score msg=classical_score value=0.153892336861
t_ns=13211673480789 delta_ns=20319427 layer=simulation phase=run sub=score msg=nx_score value=0.296634398576
t_ns=13211673481745 delta_ns=20320383 layer=simulation phase=run sub=score msg=classical_score value=0.149608636353
t_ns=13211673609059 delta_ns=20447697 layer=simulation phase=run sub=score msg=nx_score value=0.283199183960
t_ns=13211673609600 delta_ns=20448238 layer=simulation phase=run sub=score msg=classical_score value=0.148886902178
t_ns=13211673748811 delta_ns=20587449 layer=simulation phase=run sub=score msg=nx_score value=0.267713244650
t_ns=13211673749550 delta_ns=20588188 layer=simulation phase=run sub=score msg=classical_score value=0.142142280270
t_ns=13211673876368 delta_ns=20715006 layer=simulation phase=run sub=score msg=nx_score value=0.424785533619
t_ns=13211673876888 delta_ns=20715526 layer=simulation phase=run sub=score msg=classical_score value=0.244696590055
t_ns=13211674003807 delta_ns=20842445 layer=simulation phase=run sub=score msg=nx_score value=0.415222738598
t_ns=13211674004484 delta_ns=20843122 layer=simulation phase=run sub=score msg=classical_score value=0.232590665301
t_ns=13211674131365 delta_ns=20970003 layer=simulation phase=run sub=score msg=nx_score value=0.398653718258
t_ns=13211674131884 delta_ns=20970522 layer=simulation phase=run sub=score msg=classical_score value=0.230601045070
t_ns=13211674272622 delta_ns=21111260 layer=simulation phase=run sub=score msg=nx_score value=0.376254483625
t_ns=13211674273455 delta_ns=21112093 layer=simulation phase=run sub=score msg=classical_score value=0.223482825793
t_ns=13211674400922 delta_ns=21239560 layer=simulation phase=run sub=score msg=nx_score value=0.370798747770
t_ns=13211674401487 delta_ns=21240125 layer=simulation phase=run sub=score msg=classical_score value=0.211329387885
t_ns=13211674529144 delta_ns=21367782 layer=simulation phase=run sub=score msg=nx_score value=0.410411027162
t_ns=13211674529846 delta_ns=21368484 layer=simulation phase=run sub=score msg=classical_score value=0.204258803858
t_ns=13211674657693 delta_ns=21496331 layer=simulation phase=run sub=score msg=nx_score value=0.407062076323
t_ns=13211674658272 delta_ns=21496910 layer=simulation phase=run sub=score msg=classical_score value=0.194130923735
t_ns=13211674786923 delta_ns=21625561 layer=simulation phase=run sub=score msg=nx_score value=0.395304013136
t_ns=13211674787504 delta_ns=21626142 layer=simulation phase=run sub=score msg=classical_score value=0.195602340762
t_ns=13211674914807 delta_ns=21753445 layer=simulation phase=run sub=score msg=nx_score value=0.381537251829
t_ns=13211674915360 delta_ns=21753998 layer=simulation phase=run sub=score msg=classical_score value=0.188366309449
t_ns=13211675042517 delta_ns=21881155 layer=simulation phase=run sub=score msg=nx_score value=0.365715334191
t_ns=13211675043150 delta_ns=21881788 layer=simulation phase=run sub=score msg=classical_score value=0.184138559027
t_ns=13211675171285 delta_ns=22009923 layer=simulation phase=run sub=score msg=nx_score value=0.354623388550
t_ns=13211675171988 delta_ns=22010626 layer=simulation phase=run sub=score msg=classical_score value=0.175450266630
t_ns=13211675300028 delta_ns=22138666 layer=simulation phase=run sub=score msg=nx_score value=0.324856932168
t_ns=13211675300720 delta_ns=22139358 layer=simulation phase=run sub=score msg=classical_score value=0.175270514210
t_ns=13211675429428 delta_ns=22268066 layer=simulation phase=run sub=score msg=nx_score value=0.325848987348
t_ns=13211675429965 delta_ns=22268603 layer=simulation phase=run sub=score msg=classical_score value=0.168219379412
t_ns=13211675559037 delta_ns=22397675 layer=simulation phase=run sub=score msg=nx_score value=0.314561753640
t_ns=13211675559583 delta_ns=22398221 layer=simulation phase=run sub=score msg=classical_score value=0.166449724313
t_ns=13211675688541 delta_ns=22527179 layer=simulation phase=run sub=score msg=nx_score value=0.308120730965
t_ns=13211675689150 delta_ns=22527788 layer=simulation phase=run sub=score msg=classical_score value=0.156200559706
t_ns=13211675817996 delta_ns=22656634 layer=simulation phase=run sub=score msg=nx_score value=0.303344439154
t_ns=13211675818550 delta_ns=22657188 layer=simulation phase=run sub=score msg=classical_score value=0.154466823820
t_ns=13211675948476 delta_ns=22787114 layer=simulation phase=run sub=score msg=nx_score value=0.295842761744
t_ns=13211675948984 delta_ns=22787622 layer=simulation phase=run sub=score msg=classical_score value=0.149204374076
t_ns=13211676104232 delta_ns=22942870 layer=simulation phase=run sub=score msg=nx_score value=0.283654930948
t_ns=13211676105106 delta_ns=22943744 layer=simulation phase=run sub=score msg=classical_score value=0.148417940186
t_ns=13211676235881 delta_ns=23074519 layer=simulation phase=run sub=score msg=nx_score value=0.272625331429
t_ns=13211676236442 delta_ns=23075080 layer=simulation phase=run sub=score msg=classical_score value=0.148151208138
t_ns=13211676366042 delta_ns=23204680 layer=simulation phase=run sub=score msg=nx_score value=0.262803528038
t_ns=13211676366771 delta_ns=23205409 layer=simulation phase=run sub=score msg=classical_score value=0.144531561396
t_ns=13211676496139 delta_ns=23334777 layer=simulation phase=run sub=score msg=nx_score value=0.473661615884
t_ns=13211676496667 delta_ns=23335305 layer=simulation phase=run sub=score msg=classical_score value=0.240056325966
t_ns=13211676635950 delta_ns=23474588 layer=simulation phase=run sub=score msg=nx_score value=0.447900530649
t_ns=13211676636563 delta_ns=23475201 layer=simulation phase=run sub=score msg=classical_score value=0.243392390727
t_ns=13211676769006 delta_ns=23607644 layer=simulation phase=run sub=score msg=nx_score value=0.438634416184
t_ns=13211676770043 delta_ns=23608681 layer=simulation phase=run sub=score msg=classical_score value=0.224911979285
t_ns=13211676900510 delta_ns=23739148 layer=simulation phase=run sub=score msg=nx_score value=0.422991279842
t_ns=13211676901035 delta_ns=23739673 layer=simulation phase=run sub=score msg=classical_score value=0.219113384791
t_ns=13211677030925 delta_ns=23869563 layer=simulation phase=run sub=score msg=nx_score value=0.410866361706
t_ns=13211677031517 delta_ns=23870155 layer=simulation phase=run sub=score msg=classical_score value=0.211605587792
t_ns=13211677160928 delta_ns=23999566 layer=simulation phase=run sub=score msg=nx_score value=0.382646937614
t_ns=13211677161446 delta_ns=24000084 layer=simulation phase=run sub=score msg=classical_score value=0.198628057590
t_ns=13211677290963 delta_ns=24129601 layer=simulation phase=run sub=score msg=nx_score value=0.379870448291
t_ns=13211677291670 delta_ns=24130308 layer=simulation phase=run sub=score msg=classical_score value=0.198521631914
t_ns=13211677420992 delta_ns=24259630 layer=simulation phase=run sub=score msg=nx_score value=0.355118020401
t_ns=13211677421572 delta_ns=24260210 layer=simulation phase=run sub=score msg=classical_score value=0.187806274174
t_ns=13211677566371 delta_ns=24405009 layer=simulation phase=run sub=score msg=nx_score value=0.355898342198
t_ns=13211677567257 delta_ns=24405895 layer=simulation phase=run sub=score msg=classical_score value=0.183124206838
t_ns=13211677696903 delta_ns=24535541 layer=simulation phase=run sub=score msg=nx_score value=0.344588895472
t_ns=13211677697432 delta_ns=24536070 layer=simulation phase=run sub=score msg=classical_score value=0.182145455555
t_ns=13211677826463 delta_ns=24665101 layer=simulation phase=run sub=score msg=nx_score value=0.330704190360
t_ns=13211677827210 delta_ns=24665848 layer=simulation phase=run sub=score msg=classical_score value=0.176198294902
t_ns=13211677956776 delta_ns=24795414 layer=simulation phase=run sub=score msg=nx_score value=0.308121393037
t_ns=13211677957368 delta_ns=24796006 layer=simulation phase=run sub=score msg=classical_score value=0.169400329258
t_ns=13211678087663 delta_ns=24926301 layer=simulation phase=run sub=score msg=nx_score value=0.306906255372
t_ns=13211678088354 delta_ns=24926992 layer=simulation phase=run sub=score msg=classical_score value=0.167075583525
t_ns=13211678218078 delta_ns=25056716 layer=simulation phase=run sub=score msg=nx_score value=0.297614749295
t_ns=13211678218616 delta_ns=25057254 layer=simulation phase=run sub=score msg=classical_score value=0.150753868995
t_ns=13211678348587 delta_ns=25187225 layer=simulation phase=run sub=score msg=nx_score value=0.287322904085
t_ns=13211678349126 delta_ns=25187764 layer=simulation phase=run sub=score msg=classical_score value=0.154598085591
t_ns=13211678479530 delta_ns=25318168 layer=simulation phase=run sub=score msg=nx_score value=0.333068316683
t_ns=13211678480122 delta_ns=25318760 layer=simulation phase=run sub=score msg=classical_score value=0.155029293408
t_ns=13211678610917 delta_ns=25449555 layer=simulation phase=run sub=score msg=nx_score value=0.319923705378
t_ns=13211678611439 delta_ns=25450077 layer=simulation phase=run sub=score msg=classical_score value=0.147956886168
t_ns=13211678742501 delta_ns=25581139 layer=simulation phase=run sub=score msg=nx_score value=0.316739285447
t_ns=13211678743046 delta_ns=25581684 layer=simulation phase=run sub=score msg=classical_score value=0.143319509134
t_ns=13211678873130 delta_ns=25711768 layer=simulation phase=run sub=score msg=nx_score value=0.303602096945
t_ns=13211678873709 delta_ns=25712347 layer=simulation phase=run sub=score msg=classical_score value=0.138941079000
t_ns=13211679005242 delta_ns=25843880 layer=simulation phase=run sub=score msg=nx_score value=0.299008792149
t_ns=13211679010398 delta_ns=25849036 layer=simulation phase=run sub=score msg=classical_score value=0.132113500320
t_ns=13211679141308 delta_ns=25979946 layer=simulation phase=run sub=score msg=nx_score value=0.445627139511
t_ns=13211679141856 delta_ns=25980494 layer=simulation phase=run sub=score msg=classical_score value=0.235169915058
t_ns=13211679273530 delta_ns=26112168 layer=simulation phase=run sub=score msg=nx_score value=0.424727996554
t_ns=13211679274077 delta_ns=26112715 layer=simulation phase=run sub=score msg=classical_score value=0.234822515976
t_ns=13211679405177 delta_ns=26243815 layer=simulation phase=run sub=score msg=nx_score value=0.425536961161
t_ns=13211679405734 delta_ns=26244372 layer=simulation phase=run sub=score msg=classical_score value=0.220412616704
t_ns=13211679537010 delta_ns=26375648 layer=simulation phase=run sub=score msg=nx_score value=0.384825283047
t_ns=13211679537576 delta_ns=26376214 layer=simulation phase=run sub=score msg=classical_score value=0.219777580906
t_ns=13211679668422 delta_ns=26507060 layer=simulation phase=run sub=score msg=nx_score value=0.383771340926
t_ns=13211679668972 delta_ns=26507610 layer=simulation phase=run sub=score msg=classical_score value=0.205112770964
t_ns=13211679800754 delta_ns=26639392 layer=simulation phase=run sub=score msg=nx_score value=0.376966643658
t_ns=13211679801793 delta_ns=26640431 layer=simulation phase=run sub=score msg=classical_score value=0.201824818315
t_ns=13211679933570 delta_ns=26772208 layer=simulation phase=run sub=score msg=nx_score value=0.349473205726
t_ns=13211679934269 delta_ns=26772907 layer=simulation phase=run sub=score msg=classical_score value=0.196080604446
t_ns=13211680094011 delta_ns=26932649 layer=simulation phase=run sub=score msg=nx_score value=0.341954656112
t_ns=13211680094827 delta_ns=26933465 layer=simulation phase=run sub=score msg=classical_score value=0.184723262630
t_ns=13211680227099 delta_ns=27065737 layer=simulation phase=run sub=score msg=nx_score value=0.329174547209
t_ns=13211680227664 delta_ns=27066302 layer=simulation phase=run sub=score msg=classical_score value=0.189234196956
t_ns=13211680357869 delta_ns=27196507 layer=simulation phase=run sub=score msg=nx_score value=0.323406962391
t_ns=13211680358438 delta_ns=27197076 layer=simulation phase=run sub=score msg=classical_score value=0.175157457816
t_ns=13211680490201 delta_ns=27328839 layer=simulation phase=run sub=score msg=nx_score value=0.360623243972
t_ns=13211680490750 delta_ns=27329388 layer=simulation phase=run sub=score msg=classical_score value=0.170280587215
t_ns=13211680623152 delta_ns=27461790 layer=simulation phase=run sub=score msg=nx_score value=0.348759333784
t_ns=13211680623650 delta_ns=27462288 layer=simulation phase=run sub=score msg=classical_score value=0.171228878039
t_ns=13211680758147 delta_ns=27596785 layer=simulation phase=run sub=score msg=nx_score value=0.345590926013
t_ns=13211680758921 delta_ns=27597559 layer=simulation phase=run sub=score msg=classical_score value=0.164352616341
t_ns=13211680890739 delta_ns=27729377 layer=simulation phase=run sub=score msg=nx_score value=0.335788752858
t_ns=13211680891265 delta_ns=27729903 layer=simulation phase=run sub=score msg=classical_score value=0.158467922963
t_ns=13211681023242 delta_ns=27861880 layer=simulation phase=run sub=score msg=nx_score value=0.317035275604
t_ns=13211681023797 delta_ns=27862435 layer=simulation phase=run sub=score msg=classical_score value=0.155157342152
t_ns=13211681156156 delta_ns=27994794 layer=simulation phase=run sub=score msg=nx_score value=0.306842913080
t_ns=13211681156885 delta_ns=27995523 layer=simulation phase=run sub=score msg=classical_score value=0.152111965081
t_ns=13211681290757 delta_ns=28129395 layer=simulation phase=run sub=score msg=nx_score value=0.305922974961
t_ns=13211681291463 delta_ns=28130101 layer=simulation phase=run sub=score msg=classical_score value=0.153617020195
t_ns=13211681423367 delta_ns=28262005 layer=simulation phase=run sub=score msg=nx_score value=0.286856724065
t_ns=13211681446007 delta_ns=28284645 layer=simulation phase=run sub=score msg=classical_score value=0.144271203613
t_ns=13211681579579 delta_ns=28418217 layer=simulation phase=run sub=score msg=nx_score value=0.284456145220
t_ns=13211681580157 delta_ns=28418795 layer=simulation phase=run sub=score msg=classical_score value=0.144558285460
t_ns=13211681712881 delta_ns=28551519 layer=simulation phase=run sub=score msg=nx_score value=0.270800702490
t_ns=13211681713512 delta_ns=28552150 layer=simulation phase=run sub=score msg=classical_score value=0.137721059210
t_ns=13211681846318 delta_ns=28684956 layer=simulation phase=run sub=score msg=nx_score value=0.412964149975
t_ns=13211681846946 delta_ns=28685584 layer=simulation phase=run sub=score msg=classical_score value=0.240757002363
t_ns=13211681990415 delta_ns=28829053 layer=simulation phase=run sub=score msg=nx_score value=0.390629152900
t_ns=13211681991207 delta_ns=28829845 layer=simulation phase=run sub=score msg=classical_score value=0.230698804897
t_ns=13211682125014 delta_ns=28963652 layer=simulation phase=run sub=score msg=nx_score value=0.387805048848
t_ns=13211682125593 delta_ns=28964231 layer=simulation phase=run sub=score msg=classical_score value=0.220857448500
t_ns=13211682259823 delta_ns=29098461 layer=simulation phase=run sub=score msg=nx_score value=0.377613882930
t_ns=13211682260395 delta_ns=29099033 layer=simulation phase=run sub=score msg=classical_score value=0.215912772305
t_ns=13211682394172 delta_ns=29232810 layer=simulation phase=run sub=score msg=nx_score value=0.366901636423
t_ns=13211682394740 delta_ns=29233378 layer=simulation phase=run sub=score msg=classical_score value=0.202157108685
t_ns=13211682527496 delta_ns=29366134 layer=simulation phase=run sub=score msg=nx_score value=0.393277693740
t_ns=13211682528207 delta_ns=29366845 layer=simulation phase=run sub=score msg=classical_score value=0.199912558431
t_ns=13211682661887 delta_ns=29500525 layer=simulation phase=run sub=score msg=nx_score value=0.396602418117
t_ns=13211682662697 delta_ns=29501335 layer=simulation phase=run sub=score msg=classical_score value=0.196490312114
t_ns=13211682796153 delta_ns=29634791 layer=simulation phase=run sub=score msg=nx_score value=0.383213453318
t_ns=13211682796684 delta_ns=29635322 layer=simulation phase=run sub=score msg=classical_score value=0.187151031375
t_ns=13211682930164 delta_ns=29768802 layer=simulation phase=run sub=score msg=nx_score value=0.365131071539
t_ns=13211682930679 delta_ns=29769317 layer=simulation phase=run sub=score msg=classical_score value=0.179590023029
t_ns=13211683064912 delta_ns=29903550 layer=simulation phase=run sub=score msg=nx_score value=0.358350480635
t_ns=13211683065497 delta_ns=29904135 layer=simulation phase=run sub=score msg=classical_score value=0.184520477326
t_ns=13211683199681 delta_ns=30038319 layer=simulation phase=run sub=score msg=nx_score value=0.334956063983
t_ns=13211683200245 delta_ns=30038883 layer=simulation phase=run sub=score msg=classical_score value=0.166897478258
t_ns=13211683333798 delta_ns=30172436 layer=simulation phase=run sub=score msg=nx_score value=0.327287063364
t_ns=13211683334341 delta_ns=30172979 layer=simulation phase=run sub=score msg=classical_score value=0.169295101804
t_ns=13211683467745 delta_ns=30306383 layer=simulation phase=run sub=score msg=nx_score value=0.326026519649
t_ns=13211683468283 delta_ns=30306921 layer=simulation phase=run sub=score msg=classical_score value=0.163797728568
t_ns=13211683601259 delta_ns=30439897 layer=simulation phase=run sub=score msg=nx_score value=0.308810609131
t_ns=13211683601816 delta_ns=30440454 layer=simulation phase=run sub=score msg=classical_score value=0.158622567006
t_ns=13211683736086 delta_ns=30574724 layer=simulation phase=run sub=score msg=nx_score value=0.305291512992
t_ns=13211683736653 delta_ns=30575291 layer=simulation phase=run sub=score msg=classical_score value=0.157980661955
t_ns=13211683871258 delta_ns=30709896 layer=simulation phase=run sub=score msg=nx_score value=0.289810394949
t_ns=13211683871826 delta_ns=30710464 layer=simulation phase=run sub=score msg=classical_score value=0.152010262717
t_ns=13211684034355 delta_ns=30872993 layer=simulation phase=run sub=score msg=nx_score value=0.277932772973
t_ns=13211684035274 delta_ns=30873912 layer=simulation phase=run sub=score msg=classical_score value=0.149657977241
t_ns=13211684170436 delta_ns=31009074 layer=simulation phase=run sub=score msg=nx_score value=0.266740354473
t_ns=13211684171002 delta_ns=31009640 layer=simulation phase=run sub=score msg=classical_score value=0.144427118019
t_ns=13211684306338 delta_ns=31144976 layer=simulation phase=run sub=score msg=nx_score value=0.257871759601
t_ns=13211684306923 delta_ns=31145561 layer=simulation phase=run sub=score msg=classical_score value=0.137865992829
t_ns=13211684442913 delta_ns=31281551 layer=simulation phase=run sub=score msg=nx_score value=0.260931942538
t_ns=13211684443572 delta_ns=31282210 layer=simulation phase=run sub=score msg=classical_score value=0.134722854059
t_ns=13211684578544 delta_ns=31417182 layer=simulation phase=run sub=score msg=nx_score value=0.458768614907
t_ns=13211684579088 delta_ns=31417726 layer=simulation phase=run sub=score msg=classical_score value=0.240622772259
t_ns=13211684713741 delta_ns=31552379 layer=simulation phase=run sub=score msg=nx_score value=0.444212276024
t_ns=13211684714270 delta_ns=31552908 layer=simulation phase=run sub=score msg=classical_score value=0.214361399824
t_ns=13211684855251 delta_ns=31693889 layer=simulation phase=run sub=score msg=nx_score value=0.419548774607
t_ns=13211684855871 delta_ns=31694509 layer=simulation phase=run sub=score msg=classical_score value=0.214152066088
t_ns=13211684991227 delta_ns=31829865 layer=simulation phase=run sub=score msg=nx_score value=0.394378550556
t_ns=13211684991789 delta_ns=31830427 layer=simulation phase=run sub=score msg=classical_score value=0.213209790854
t_ns=13211685126835 delta_ns=31965473 layer=simulation phase=run sub=score msg=nx_score value=0.397141506577
t_ns=13211685127370 delta_ns=31966008 layer=simulation phase=run sub=score msg=classical_score value=0.205324872675
t_ns=13211685262030 delta_ns=32100668 layer=simulation phase=run sub=score msg=nx_score value=0.382139634901
t_ns=13211685262746 delta_ns=32101384 layer=simulation phase=run sub=score msg=classical_score value=0.192923279474
t_ns=13211685397753 delta_ns=32236391 layer=simulation phase=run sub=score msg=nx_score value=0.367291759413
t_ns=13211685398280 delta_ns=32236918 layer=simulation phase=run sub=score msg=classical_score value=0.189167909397
t_ns=13211685546283 delta_ns=32384921 layer=simulation phase=run sub=score msg=nx_score value=0.352013230145
t_ns=13211685547209 delta_ns=32385847 layer=simulation phase=run sub=score msg=classical_score value=0.180750612369
t_ns=13211685682221 delta_ns=32520859 layer=simulation phase=run sub=score msg=nx_score value=0.345715585001
t_ns=13211685682950 delta_ns=32521588 layer=simulation phase=run sub=score msg=classical_score value=0.177835668074
t_ns=13211685819201 delta_ns=32657839 layer=simulation phase=run sub=score msg=nx_score value=0.343372521737
t_ns=13211685819895 delta_ns=32658533 layer=simulation phase=run sub=score msg=classical_score value=0.176251034719
t_ns=13211685955343 delta_ns=32793981 layer=simulation phase=run sub=score msg=nx_score value=0.317118962399
t_ns=13211685955850 delta_ns=32794488 layer=simulation phase=run sub=score msg=classical_score value=0.167970941042
t_ns=13211686091243 delta_ns=32929881 layer=simulation phase=run sub=score msg=nx_score value=0.319041626214
t_ns=13211686091913 delta_ns=32930551 layer=simulation phase=run sub=score msg=classical_score value=0.161374624977
t_ns=13211686227942 delta_ns=33066580 layer=simulation phase=run sub=score msg=nx_score value=0.305812007489
t_ns=13211686228507 delta_ns=33067145 layer=simulation phase=run sub=score msg=classical_score value=0.154367164329
t_ns=13211686364499 delta_ns=33203137 layer=simulation phase=run sub=score msg=nx_score value=0.283633049126
t_ns=13211686365043 delta_ns=33203681 layer=simulation phase=run sub=score msg=classical_score value=0.155005532389
t_ns=13211686507342 delta_ns=33345980 layer=simulation phase=run sub=score msg=nx_score value=0.273813469846
t_ns=13211686507902 delta_ns=33346540 layer=simulation phase=run sub=score msg=classical_score value=0.151084601903
t_ns=13211686644520 delta_ns=33483158 layer=simulation phase=run sub=score msg=nx_score value=0.329658969765
t_ns=13211686645064 delta_ns=33483702 layer=simulation phase=run sub=score msg=classical_score value=0.151022319024
t_ns=13211686781850 delta_ns=33620488 layer=simulation phase=run sub=score msg=nx_score value=0.319274633739
t_ns=13211686782356 delta_ns=33620994 layer=simulation phase=run sub=score msg=classical_score value=0.143375552674
t_ns=13211686917799 delta_ns=33756437 layer=simulation phase=run sub=score msg=nx_score value=0.301733556165
t_ns=13211686918326 delta_ns=33756964 layer=simulation phase=run sub=score msg=classical_score value=0.137984525200
t_ns=13211687054398 delta_ns=33893036 layer=simulation phase=run sub=score msg=nx_score value=0.289183562703
t_ns=13211687055068 delta_ns=33893706 layer=simulation phase=run sub=score msg=classical_score value=0.137225933430
t_ns=13211687192448 delta_ns=34031086 layer=simulation phase=run sub=score msg=nx_score value=0.290362512452
t_ns=13211687192984 delta_ns=34031622 layer=simulation phase=run sub=score msg=classical_score value=0.139616728328
t_ns=13211687329584 delta_ns=34168222 layer=simulation phase=run sub=score msg=nx_score value=0.433935404746
t_ns=13211687330187 delta_ns=34168825 layer=simulation phase=run sub=score msg=classical_score value=0.231876263531
t_ns=13211687466573 delta_ns=34305211 layer=simulation phase=run sub=score msg=nx_score value=0.415673878401
t_ns=13211687467150 delta_ns=34305788 layer=simulation phase=run sub=score msg=classical_score value=0.226235107273
t_ns=13211687603954 delta_ns=34442592 layer=simulation phase=run sub=score msg=nx_score value=0.407294220176
t_ns=13211687604531 delta_ns=34443169 layer=simulation phase=run sub=score msg=classical_score value=0.215426886431
t_ns=13211687741956 delta_ns=34580594 layer=simulation phase=run sub=score msg=nx_score value=0.391970183139
t_ns=13211687742640 delta_ns=34581278 layer=simulation phase=run sub=score msg=classical_score value=0.213754730688
t_ns=13211687879239 delta_ns=34717877 layer=simulation phase=run sub=score msg=nx_score value=0.374478342919
t_ns=13211687879895 delta_ns=34718533 layer=simulation phase=run sub=score msg=classical_score value=0.200918094941
t_ns=13211688046348 delta_ns=34884986 layer=simulation phase=run sub=score msg=nx_score value=0.349261826834
t_ns=13211688047216 delta_ns=34885854 layer=simulation phase=run sub=score msg=classical_score value=0.192578260656
t_ns=13211688184725 delta_ns=35023363 layer=simulation phase=run sub=score msg=nx_score value=0.334455862186
t_ns=13211688185281 delta_ns=35023919 layer=simulation phase=run sub=score msg=classical_score value=0.183676532472
t_ns=13211688322325 delta_ns=35160963 layer=simulation phase=run sub=score msg=nx_score value=0.338060788550
t_ns=13211688322906 delta_ns=35161544 layer=simulation phase=run sub=score msg=classical_score value=0.176375458765
t_ns=13211688459966 delta_ns=35298604 layer=simulation phase=run sub=score msg=nx_score value=0.325543776795
t_ns=13211688460494 delta_ns=35299132 layer=simulation phase=run sub=score msg=classical_score value=0.172662418664
t_ns=13211688597626 delta_ns=35436264 layer=simulation phase=run sub=score msg=nx_score value=0.311670439004
t_ns=13211688598205 delta_ns=35436843 layer=simulation phase=run sub=score msg=classical_score value=0.175035211514
t_ns=13211688736209 delta_ns=35574847 layer=simulation phase=run sub=score msg=nx_score value=0.372816810766
t_ns=13211688736743 delta_ns=35575381 layer=simulation phase=run sub=score msg=classical_score value=0.163965135319
t_ns=13211688872979 delta_ns=35711617 layer=simulation phase=run sub=score msg=nx_score value=0.338930249162
t_ns=13211688873502 delta_ns=35712140 layer=simulation phase=run sub=score msg=classical_score value=0.164520524750
t_ns=13211689016618 delta_ns=35855256 layer=simulation phase=run sub=score msg=nx_score value=0.342306019178
t_ns=13211689017189 delta_ns=35855827 layer=simulation phase=run sub=score msg=classical_score value=0.160374555513
t_ns=13211689154913 delta_ns=35993551 layer=simulation phase=run sub=score msg=nx_score value=0.323743384778
t_ns=13211689155437 delta_ns=35994075 layer=simulation phase=run sub=score msg=classical_score value=0.152989337986
t_ns=13211689293209 delta_ns=36131847 layer=simulation phase=run sub=score msg=nx_score value=0.311510602374
t_ns=13211689293768 delta_ns=36132406 layer=simulation phase=run sub=score msg=classical_score value=0.152174891194
t_ns=13211689442622 delta_ns=36281260 layer=simulation phase=run sub=score msg=nx_score value=0.308522309401
t_ns=13211689443402 delta_ns=36282040 layer=simulation phase=run sub=score msg=classical_score value=0.145722040271
t_ns=13211689581679 delta_ns=36420317 layer=simulation phase=run sub=score msg=nx_score value=0.297568690251
t_ns=13211689582236 delta_ns=36420874 layer=simulation phase=run sub=score msg=classical_score value=0.142279843545
t_ns=13211689719997 delta_ns=36558635 layer=simulation phase=run sub=score msg=nx_score value=0.279187030595
t_ns=13211689720591 delta_ns=36559229 layer=simulation phase=run sub=score msg=classical_score value=0.134268035404
t_ns=13211689858512 delta_ns=36697150 layer=simulation phase=run sub=score msg=nx_score value=0.270104393291
t_ns=13211689859058 delta_ns=36697696 layer=simulation phase=run sub=score msg=classical_score value=0.135950854179
t_ns=13211689997572 delta_ns=36836210 layer=simulation phase=run sub=score msg=nx_score value=0.266251146168
t_ns=13211689998112 delta_ns=36836750 layer=simulation phase=run sub=score msg=classical_score value=0.133515372535
t_ns=13211690136925 delta_ns=36975563 layer=simulation phase=run sub=score msg=nx_score value=0.415838101415
t_ns=13211690137460 delta_ns=36976098 layer=simulation phase=run sub=score msg=classical_score value=0.230141978974
t_ns=13211690276020 delta_ns=37114658 layer=simulation phase=run sub=score msg=nx_score value=0.392769450935
t_ns=13211690276568 delta_ns=37115206 layer=simulation phase=run sub=score msg=classical_score value=0.229998812922
t_ns=13211690414642 delta_ns=37253280 layer=simulation phase=run sub=score msg=nx_score value=0.380305822365
t_ns=13211690415195 delta_ns=37253833 layer=simulation phase=run sub=score msg=classical_score value=0.208676947356
t_ns=13211690553499 delta_ns=37392137 layer=simulation phase=run sub=score msg=nx_score value=0.356250704711
t_ns=13211690554080 delta_ns=37392718 layer=simulation phase=run sub=score msg=classical_score value=0.201981408015
t_ns=13211690692221 delta_ns=37530859 layer=simulation phase=run sub=score msg=nx_score value=0.342213511251
t_ns=13211690692738 delta_ns=37531376 layer=simulation phase=run sub=score msg=classical_score value=0.200508413641
t_ns=13211690833270 delta_ns=37671908 layer=simulation phase=run sub=score msg=nx_score value=0.393211081003
t_ns=13211690833923 delta_ns=37672561 layer=simulation phase=run sub=score msg=classical_score value=0.193160976735
t_ns=13211690973336 delta_ns=37811974 layer=simulation phase=run sub=score msg=nx_score value=0.387947527396
t_ns=13211690973882 delta_ns=37812520 layer=simulation phase=run sub=score msg=classical_score value=0.185887472536
t_ns=13211691113342 delta_ns=37951980 layer=simulation phase=run sub=score msg=nx_score value=0.372817412273
t_ns=13211691113874 delta_ns=37952512 layer=simulation phase=run sub=score msg=classical_score value=0.178833026380
t_ns=13211691253363 delta_ns=38092001 layer=simulation phase=run sub=score msg=nx_score value=0.360276760922
t_ns=13211691253943 delta_ns=38092581 layer=simulation phase=run sub=score msg=classical_score value=0.170088034571
t_ns=13211691393728 delta_ns=38232366 layer=simulation phase=run sub=score msg=nx_score value=0.348120535659
t_ns=13211691394323 delta_ns=38232961 layer=simulation phase=run sub=score msg=classical_score value=0.170919041419
t_ns=13211691532549 delta_ns=38371187 layer=simulation phase=run sub=score msg=nx_score value=0.330446550833
t_ns=13211691537683 delta_ns=38376321 layer=simulation phase=run sub=score msg=classical_score value=0.165297414943
t_ns=13211691677664 delta_ns=38516302 layer=simulation phase=run sub=score msg=nx_score value=0.323804432197
t_ns=13211691678248 delta_ns=38516886 layer=simulation phase=run sub=score msg=classical_score value=0.161117122083
t_ns=13211691816927 delta_ns=38655565 layer=simulation phase=run sub=score msg=nx_score value=0.307900274174
t_ns=13211691817505 delta_ns=38656143 layer=simulation phase=run sub=score msg=classical_score value=0.154217673046
t_ns=13211691957546 delta_ns=38796184 layer=simulation phase=run sub=score msg=nx_score value=0.299405291053
t_ns=13211691958136 delta_ns=38796774 layer=simulation phase=run sub=score msg=classical_score value=0.156169758361
t_ns=13211692123947 delta_ns=38962585 layer=simulation phase=run sub=score msg=nx_score value=0.285378027528
t_ns=13211692124827 delta_ns=38963465 layer=simulation phase=run sub=score msg=classical_score value=0.147522701637
t_ns=13211692264787 delta_ns=39103425 layer=simulation phase=run sub=score msg=nx_score value=0.285344969889
t_ns=13211692265441 delta_ns=39104079 layer=simulation phase=run sub=score msg=classical_score value=0.142940147770
t_ns=13211692404908 delta_ns=39243546 layer=simulation phase=run sub=score msg=nx_score value=0.273557994489
t_ns=13211692405442 delta_ns=39244080 layer=simulation phase=run sub=score msg=classical_score value=0.139896762950
t_ns=13211692546058 delta_ns=39384696 layer=simulation phase=run sub=score msg=nx_score value=0.266008097668
t_ns=13211692546777 delta_ns=39385415 layer=simulation phase=run sub=score msg=classical_score value=0.137921041883
t_ns=13211692687383 delta_ns=39526021 layer=simulation phase=run sub=score msg=nx_score value=0.259970057478
t_ns=13211692687931 delta_ns=39526569 layer=simulation phase=run sub=score msg=classical_score value=0.134381312878
t_ns=13211692827784 delta_ns=39666422 layer=simulation phase=run sub=score msg=nx_score value=0.245335979763
t_ns=13211692828324 delta_ns=39666962 layer=simulation phase=run sub=score msg=classical_score value=0.134035057061
t_ns=13211692939777 delta_ns=39778415 layer=simulation phase=run sub=score msg=nx_score value=0.496652069520
t_ns=13211692940327 delta_ns=39778965 layer=simulation phase=run sub=score msg=classical_score value=0.265342755945
t_ns=13211693051932 delta_ns=39890570 layer=simulation phase=run sub=score msg=nx_score value=0.488636407888
t_ns=13211693052466 delta_ns=39891104 layer=simulation phase=run sub=score msg=classical_score value=0.255461828377
t_ns=13211693172767 delta_ns=40011405 layer=simulation phase=run sub=score msg=nx_score value=0.466057263338
t_ns=13211693173412 delta_ns=40012050 layer=simulation phase=run sub=score msg=classical_score value=0.253895572901
t_ns=13211693286714 delta_ns=40125352 layer=simulation phase=run sub=score msg=nx_score value=0.460303096214
t_ns=13211693287290 delta_ns=40125928 layer=simulation phase=run sub=score msg=classical_score value=0.239802050674
t_ns=13211693399767 delta_ns=40238405 layer=simulation phase=run sub=score msg=nx_score value=0.429956000905
t_ns=13211693400521 delta_ns=40239159 layer=simulation phase=run sub=score msg=classical_score value=0.236369559689
t_ns=13211693522160 delta_ns=40360798 layer=simulation phase=run sub=score msg=nx_score value=0.415286292112
t_ns=13211693522860 delta_ns=40361498 layer=simulation phase=run sub=score msg=classical_score value=0.221873372250
t_ns=13211693636297 delta_ns=40474935 layer=simulation phase=run sub=score msg=nx_score value=0.410305250754
t_ns=13211693636887 delta_ns=40475525 layer=simulation phase=run sub=score msg=classical_score value=0.222227364253
t_ns=13211693750229 delta_ns=40588867 layer=simulation phase=run sub=score msg=nx_score value=0.402067715064
t_ns=13211693750830 delta_ns=40589468 layer=simulation phase=run sub=score msg=classical_score value=0.212345345709
t_ns=13211693864169 delta_ns=40702807 layer=simulation phase=run sub=score msg=nx_score value=0.386450070117
t_ns=13211693869814 delta_ns=40708452 layer=simulation phase=run sub=score msg=classical_score value=0.203557288092
t_ns=13211693983038 delta_ns=40821676 layer=simulation phase=run sub=score msg=nx_score value=0.368811582104
t_ns=13211693983588 delta_ns=40822226 layer=simulation phase=run sub=score msg=classical_score value=0.199369183683
t_ns=13211694113457 delta_ns=40952095 layer=simulation phase=run sub=score msg=nx_score value=0.360828158254
t_ns=13211694114213 delta_ns=40952851 layer=simulation phase=run sub=score msg=classical_score value=0.190151323209
t_ns=13211694228234 delta_ns=41066872 layer=simulation phase=run sub=score msg=nx_score value=0.343975158742
t_ns=13211694228745 delta_ns=41067383 layer=simulation phase=run sub=score msg=classical_score value=0.194767978618
t_ns=13211694341953 delta_ns=41180591 layer=simulation phase=run sub=score msg=nx_score value=0.342110214355
t_ns=13211694342486 delta_ns=41181124 layer=simulation phase=run sub=score msg=classical_score value=0.188735986972
t_ns=13211694455826 delta_ns=41294464 layer=simulation phase=run sub=score msg=nx_score value=0.329532010800
t_ns=13211694456427 delta_ns=41295065 layer=simulation phase=run sub=score msg=classical_score value=0.185689006074
t_ns=13211694570592 delta_ns=41409230 layer=simulation phase=run sub=score msg=nx_score value=0.319089333116
t_ns=13211694571110 delta_ns=41409748 layer=simulation phase=run sub=score msg=classical_score value=0.178332199688
t_ns=13211694684541 delta_ns=41523179 layer=simulation phase=run sub=score msg=nx_score value=0.364183875763
t_ns=13211694685061 delta_ns=41523699 layer=simulation phase=run sub=score msg=classical_score value=0.172195286031
t_ns=13211694798373 delta_ns=41637011 layer=simulation phase=run sub=score msg=nx_score value=0.345194759523
t_ns=13211694798901 delta_ns=41637539 layer=simulation phase=run sub=score msg=classical_score value=0.163207247590
t_ns=13211694913127 delta_ns=41751765 layer=simulation phase=run sub=score msg=nx_score value=0.342795630227
t_ns=13211694913655 delta_ns=41752293 layer=simulation phase=run sub=score msg=classical_score value=0.169431219345
t_ns=13211695027271 delta_ns=41865909 layer=simulation phase=run sub=score msg=nx_score value=0.322427158043
t_ns=13211695028079 delta_ns=41866717 layer=simulation phase=run sub=score msg=classical_score value=0.159791610462
t_ns=13211695152029 delta_ns=41990667 layer=simulation phase=run sub=score msg=nx_score value=0.324403886472
t_ns=13211695152774 delta_ns=41991412 layer=simulation phase=run sub=score msg=classical_score value=0.150648826891
t_ns=13211695267464 delta_ns=42106102 layer=simulation phase=run sub=score msg=nx_score value=0.471606638294
t_ns=13211695268184 delta_ns=42106822 layer=simulation phase=run sub=score msg=classical_score value=0.272443116005
t_ns=13211695382562 delta_ns=42221200 layer=simulation phase=run sub=score msg=nx_score value=0.460710912497
t_ns=13211695383125 delta_ns=42221763 layer=simulation phase=run sub=score msg=classical_score value=0.252763454122
t_ns=13211695498255 delta_ns=42336893 layer=simulation phase=run sub=score msg=nx_score value=0.446584227964
t_ns=13211695498778 delta_ns=42337416 layer=simulation phase=run sub=score msg=classical_score value=0.256129154089
t_ns=13211695613685 delta_ns=42452323 layer=simulation phase=run sub=score msg=nx_score value=0.425595477330
t_ns=13211695614345 delta_ns=42452983 layer=simulation phase=run sub=score msg=classical_score value=0.235052861116
t_ns=13211695729869 delta_ns=42568507 layer=simulation phase=run sub=score msg=nx_score value=0.418950588621
t_ns=13211695730411 delta_ns=42569049 layer=simulation phase=run sub=score msg=classical_score value=0.236523434131
t_ns=13211695845078 delta_ns=42683716 layer=simulation phase=run sub=score msg=nx_score value=0.403131636818
t_ns=13211695845716 delta_ns=42684354 layer=simulation phase=run sub=score msg=classical_score value=0.216194958610
t_ns=13211695960371 delta_ns=42799009 layer=simulation phase=run sub=score msg=nx_score value=0.404068186167
t_ns=13211695960930 delta_ns=42799568 layer=simulation phase=run sub=score msg=classical_score value=0.219268669286
t_ns=13211696101776 delta_ns=42940414 layer=simulation phase=run sub=score msg=nx_score value=0.376176754858
t_ns=13211696102788 delta_ns=42941426 layer=simulation phase=run sub=score msg=classical_score value=0.209088016618
t_ns=13211696232972 delta_ns=43071610 layer=simulation phase=run sub=score msg=nx_score value=0.357974484812
t_ns=13211696233721 delta_ns=43072359 layer=simulation phase=run sub=score msg=classical_score value=0.202156809032
t_ns=13211696348118 delta_ns=43186756 layer=simulation phase=run sub=score msg=nx_score value=0.347304949610
t_ns=13211696348693 delta_ns=43187331 layer=simulation phase=run sub=score msg=classical_score value=0.199479020072
t_ns=13211696464582 delta_ns=43303220 layer=simulation phase=run sub=score msg=nx_score value=0.394718514352
t_ns=13211696465126 delta_ns=43303764 layer=simulation phase=run sub=score msg=classical_score value=0.190221002540
t_ns=13211696580031 delta_ns=43418669 layer=simulation phase=run sub=score msg=nx_score value=0.378519061769
t_ns=13211696580833 delta_ns=43419471 layer=simulation phase=run sub=score msg=classical_score value=0.187914230749
t_ns=13211696696070 delta_ns=43534708 layer=simulation phase=run sub=score msg=nx_score value=0.371221092621
t_ns=13211696696599 delta_ns=43535237 layer=simulation phase=run sub=score msg=classical_score value=0.181230522027
t_ns=13211696813145 delta_ns=43651783 layer=simulation phase=run sub=score msg=nx_score value=0.379252606939
t_ns=13211696813704 delta_ns=43652342 layer=simulation phase=run sub=score msg=classical_score value=0.182572235528
t_ns=13211696929762 delta_ns=43768400 layer=simulation phase=run sub=score msg=nx_score value=0.357256481101
t_ns=13211696930348 delta_ns=43768986 layer=simulation phase=run sub=score msg=classical_score value=0.176597700073
t_ns=13211697046603 delta_ns=43885241 layer=simulation phase=run sub=score msg=nx_score value=0.345256528392
t_ns=13211697047125 delta_ns=43885763 layer=simulation phase=run sub=score msg=classical_score value=0.167748306771
t_ns=13211697162287 delta_ns=44000925 layer=simulation phase=run sub=score msg=nx_score value=0.315835395689
t_ns=13211697162908 delta_ns=44001546 layer=simulation phase=run sub=score msg=classical_score value=0.157783022925
t_ns=13211697290176 delta_ns=44128814 layer=simulation phase=run sub=score msg=nx_score value=0.320293479239
t_ns=13211697290928 delta_ns=44129566 layer=simulation phase=run sub=score msg=classical_score value=0.161251067123
t_ns=13211697406898 delta_ns=44245536 layer=simulation phase=run sub=score msg=nx_score value=0.310227351108
t_ns=13211697407451 delta_ns=44246089 layer=simulation phase=run sub=score msg=classical_score value=0.149704162551
t_ns=13211697544979 delta_ns=44383617 layer=simulation phase=run sub=score msg=nx_score value=0.299171699539
t_ns=13211697545736 delta_ns=44384374 layer=simulation phase=run sub=score msg=classical_score value=0.154428723826
t_ns=13211697680192 delta_ns=44518830 layer=simulation phase=run sub=score msg=nx_score value=0.453000927823
t_ns=13211697680952 delta_ns=44519590 layer=simulation phase=run sub=score msg=classical_score value=0.268849728628
t_ns=13211697814718 delta_ns=44653356 layer=simulation phase=run sub=score msg=nx_score value=0.434455771149
t_ns=13211697815599 delta_ns=44654237 layer=simulation phase=run sub=score msg=classical_score value=0.254476023404
t_ns=13211697932578 delta_ns=44771216 layer=simulation phase=run sub=score msg=nx_score value=0.418455695733
t_ns=13211697933075 delta_ns=44771713 layer=simulation phase=run sub=score msg=classical_score value=0.236679765354
t_ns=13211698049745 delta_ns=44888383 layer=simulation phase=run sub=score msg=nx_score value=0.402710416837
t_ns=13211698050290 delta_ns=44888928 layer=simulation phase=run sub=score msg=classical_score value=0.239469961764
t_ns=13211698185234 delta_ns=45023872 layer=simulation phase=run sub=score msg=nx_score value=0.392249277405
t_ns=13211698186149 delta_ns=45024787 layer=simulation phase=run sub=score msg=classical_score value=0.233350683268
t_ns=13211698340680 delta_ns=45179318 layer=simulation phase=run sub=score msg=nx_score value=0.444701051108
t_ns=13211698341618 delta_ns=45180256 layer=simulation phase=run sub=score msg=classical_score value=0.224183640004
t_ns=13211698489931 delta_ns=45328569 layer=simulation phase=run sub=score msg=nx_score value=0.425825747771
t_ns=13211698490671 delta_ns=45329309 layer=simulation phase=run sub=score msg=classical_score value=0.211824718437
t_ns=13211698652651 delta_ns=45491289 layer=simulation phase=run sub=score msg=nx_score value=0.409266084253
t_ns=13211698653381 delta_ns=45492019 layer=simulation phase=run sub=score msg=classical_score value=0.202433612552
t_ns=13211698770461 delta_ns=45609099 layer=simulation phase=run sub=score msg=nx_score value=0.387211442564
t_ns=13211698770985 delta_ns=45609623 layer=simulation phase=run sub=score msg=classical_score value=0.201005142098
t_ns=13211698888596 delta_ns=45727234 layer=simulation phase=run sub=score msg=nx_score value=0.393154785979
t_ns=13211698889153 delta_ns=45727791 layer=simulation phase=run sub=score msg=classical_score value=0.190895769114
t_ns=13211699006675 delta_ns=45845313 layer=simulation phase=run sub=score msg=nx_score value=0.369215322955
t_ns=13211699007181 delta_ns=45845819 layer=simulation phase=run sub=score msg=classical_score value=0.190967691411
t_ns=13211699124484 delta_ns=45963122 layer=simulation phase=run sub=score msg=nx_score value=0.353274579702
t_ns=13211699125049 delta_ns=45963687 layer=simulation phase=run sub=score msg=classical_score value=0.186758373057
t_ns=13211699242553 delta_ns=46081191 layer=simulation phase=run sub=score msg=nx_score value=0.345728606762
t_ns=13211699243076 delta_ns=46081714 layer=simulation phase=run sub=score msg=classical_score value=0.174822896855
t_ns=13211699361044 delta_ns=46199682 layer=simulation phase=run sub=score msg=nx_score value=0.338662946220
t_ns=13211699361583 delta_ns=46200221 layer=simulation phase=run sub=score msg=classical_score value=0.175926641179
t_ns=13211699479139 delta_ns=46317777 layer=simulation phase=run sub=score msg=nx_score value=0.330859445572
t_ns=13211699479678 delta_ns=46318316 layer=simulation phase=run sub=score msg=classical_score value=0.169718569291
t_ns=13211699597859 delta_ns=46436497 layer=simulation phase=run sub=score msg=nx_score value=0.311931519591
t_ns=13211699598371 delta_ns=46437009 layer=simulation phase=run sub=score msg=classical_score value=0.174721095545
t_ns=13211699715421 delta_ns=46554059 layer=simulation phase=run sub=score msg=nx_score value=0.303813680931
t_ns=13211699715968 delta_ns=46554606 layer=simulation phase=run sub=score msg=classical_score value=0.165330108198
t_ns=13211699833839 delta_ns=46672477 layer=simulation phase=run sub=score msg=nx_score value=0.299104398247
t_ns=13211699834502 delta_ns=46673140 layer=simulation phase=run sub=score msg=classical_score value=0.164566007308
t_ns=13211699954434 delta_ns=46793072 layer=simulation phase=run sub=score msg=nx_score value=0.296069336574
t_ns=13211699954962 delta_ns=46793600 layer=simulation phase=run sub=score msg=classical_score value=0.157362915667
t_ns=13211700094219 delta_ns=46932857 layer=simulation phase=run sub=score msg=nx_score value=0.282346627835
t_ns=13211700095004 delta_ns=46933642 layer=simulation phase=run sub=score msg=classical_score value=0.153407856866
t_ns=13211700203542 delta_ns=47042180 layer=summary phase=final sub=kpi msg=win_rate value=1.000000000000
t_ns=13211700204749 delta_ns=47043387 layer=expert_review phase=phase_finale question="Le chaos NX depasse-t-il la baseline de superposition simulee ?" answer="Oui sur ce prototype."
# NX FORENSIC LOG END t_ns=13211700262844
